#
# There is insufficient memory for the Java Runtime Environment to continue.
# Native memory allocation (mmap) failed to map 123731968 bytes. Error detail: G1 virtual space
# Possible reasons:
#   The system is out of physical RAM or swap space
#   This process is running with CompressedOops enabled, and the Java Heap may be blocking the growth of the native heap
# Possible solutions:
#   Reduce memory load on the system
#   Increase physical memory or swap space
#   Check if swap backing store is full
#   Decrease Java heap size (-Xmx/-Xms)
#   Decrease number of Java threads
#   Decrease Java thread stack sizes (-Xss)
#   Set larger code cache with -XX:ReservedCodeCacheSize=
#   JVM is running with Unscaled Compressed Oops mode in which the Java heap is
#     placed in the first 4GB address space. The Java Heap base address is the
#     maximum limit for the native heap growth. Please use -XX:HeapBaseMinAddress
#     to set the Java Heap base and to place the Java Heap above 4GB virtual address.
# This output file may be truncated or incomplete.
#
#  Out of Memory Error (os_windows.cpp:3707), pid=14128, tid=21420
#
# JRE version:  (23.0.2+7) (build )
# Java VM: Java HotSpot(TM) 64-Bit Server VM (23.0.2+7-58, mixed mode, sharing, tiered, compressed oops, compressed class ptrs, g1 gc, windows-amd64)
# No core dump will be written. Minidumps are not enabled by default on client versions of Windows
#

---------------  S U M M A R Y ------------

Command Line: -Dfile.encoding=UTF-8 --module-path=C:\Users\Alok\OneDrive\Desktop\PROJECT\Travell Booking System\Travel Management System\build\classes travel.management.system.Splash

Host: AMD Ryzen 5 5500U with Radeon Graphics         , 12 cores, 7G,  Windows 11 , 64 bit Build 26100 (10.0.26100.3912)
Time: Fri May 16 16:09:46 2025 India Standard Time elapsed time: 2.027350 seconds (0d 0h 0m 2s)

---------------  T H R E A D  ---------------

Current thread (0x0000025716fdc080):  JavaThread "Unknown thread" [_thread_in_vm, id=21420, stack(0x000000e9d0700000,0x000000e9d0800000) (1024K)]

Stack: [0x000000e9d0700000,0x000000e9d0800000]
Native frames: (J=compiled Java code, j=interpreted, Vv=VM code, C=native code)
V  [jvm.dll+0x6e0b99]  (no source info available)
V  [jvm.dll+0x87e2b3]  (no source info available)
V  [jvm.dll+0x88073e]  (no source info available)
V  [jvm.dll+0x880e13]  (no source info available)
V  [jvm.dll+0x27b006]  (no source info available)
V  [jvm.dll+0x6dd485]  (no source info available)
V  [jvm.dll+0x6d127a]  (no source info available)
V  [jvm.dll+0x35b50a]  (no source info available)
V  [jvm.dll+0x363916]  (no source info available)
V  [jvm.dll+0x34fe7e]  (no source info available)
V  [jvm.dll+0x350118]  (no source info available)
V  [jvm.dll+0x328aec]  (no source info available)
V  [jvm.dll+0x32978e]  (no source info available)
V  [jvm.dll+0x8449a5]  (no source info available)
V  [jvm.dll+0x3b9a08]  (no source info available)
V  [jvm.dll+0x82d68c]  (no source info available)
V  [jvm.dll+0x454f2e]  (no source info available)
V  [jvm.dll+0x456db1]  (no source info available)
C  [jli.dll+0x52a3]  (no source info available)
C  [ucrtbase.dll+0x37b0]  (no source info available)
C  [KERNEL32.DLL+0x2e8d7]  (no source info available)
C  [ntdll.dll+0x9c5dc]  (no source info available)

Lock stack of current Java thread (top to bottom):


---------------  P R O C E S S  ---------------

Threads class SMR info:
_java_thread_list=0x00007ff934104618, length=0, elements={
}

Java Threads: ( => current thread )
Total: 0

Other Threads:
  0x00000257194fc650 WorkerThread "GC Thread#0"                     [id=27596, stack(0x000000e9d0800000,0x000000e9d0900000) (1024K)]
  0x0000025719510b80 ConcurrentGCThread "G1 Main Marker"            [id=13936, stack(0x000000e9d0900000,0x000000e9d0a00000) (1024K)]
  0x00000257195144c0 WorkerThread "G1 Conc#0"                       [id=27848, stack(0x000000e9d0a00000,0x000000e9d0b00000) (1024K)]

[error occurred during error reporting (printing all threads), id 0xc0000005, EXCEPTION_ACCESS_VIOLATION (0xc0000005) at pc=0x00007ff93384c0da]
VM state: not at safepoint (not fully initialized)

VM Mutex/Monitor currently owned by a thread:  ([mutex/lock_event])
[0x00007ff934184988] Heap_lock - owner thread: 0x0000025716fdc080

Heap address: 0x000000008ae00000, size: 1874 MB, Compressed Oops mode: 32-bit

CDS archive(s) mapped at: [0x0000000000000000-0x0000000000000000-0x0000000000000000), size 0, SharedBaseAddress: 0x0000000800000000, ArchiveRelocationMode: 1.
Narrow klass base: 0x0000000000000000, Narrow klass shift: 0, Narrow klass range: 0x0

GC Precious Log:
 CardTable entry size: 512
 Card Set container configuration: InlinePtr #cards 5 size 8 Array Of Cards #cards 10 size 36 Howl #buckets 4 coarsen threshold 1843 Howl Bitmap #cards 512 size 80 coarsen threshold 460 Card regions per heap region 1 cards per card region 2048

Heap:
 garbage-first heap   total reserved 1918976K, committed 0K, used 0K [0x000000008ae00000, 0x0000000100000000)
  region size 1024K, 0 young (0K), 0 survivors (0K)

[error occurred during error reporting (printing heap information), id 0xc0000005, EXCEPTION_ACCESS_VIOLATION (0xc0000005) at pc=0x00007ff933c4c6a9]
GC Heap History (0 events):
No events

Dll operation events (1 events):
Event: 0.010 Loaded shared library C:\Program Files\Java\jdk-23\bin\java.dll

Deoptimization events (0 events):
No events

Classes loaded (0 events):
No events

Classes unloaded (0 events):
No events

Classes redefined (0 events):
No events

Internal exceptions (0 events):
No events

VM Operations (0 events):
No events

Memory protections (0 events):
No events

Nmethod flushes (0 events):
No events

Events (0 events):
No events


Dynamic libraries:
0x00007ff60d3a0000 - 0x00007ff60d3b0000 	C:\Program Files\Java\jdk-23\bin\java.exe
0x00007ff9873c0000 - 0x00007ff987626000 	C:\WINDOWS\SYSTEM32\ntdll.dll
0x00007ff985330000 - 0x00007ff9853f9000 	C:\WINDOWS\System32\KERNEL32.DLL
0x00007ff9846d0000 - 0x00007ff984a9c000 	C:\WINDOWS\System32\KERNELBASE.dll
0x00007ff981580000 - 0x00007ff98161e000 	C:\WINDOWS\SYSTEM32\apphelp.dll
0x00007ff984e10000 - 0x00007ff984f5b000 	C:\WINDOWS\System32\ucrtbase.dll
0x00007ff95b400000 - 0x00007ff95b41b000 	C:\Program Files\Java\jdk-23\bin\VCRUNTIME140.dll
0x00007ff974910000 - 0x00007ff974927000 	C:\Program Files\Java\jdk-23\bin\jli.dll
0x00007ff985e60000 - 0x00007ff98602a000 	C:\WINDOWS\System32\USER32.dll
0x00007ff96c6d0000 - 0x00007ff96c96a000 	C:\WINDOWS\WinSxS\amd64_microsoft.windows.common-controls_6595b64144ccf1df_6.0.26100.3912_none_3e07963ce335137e\COMCTL32.dll
0x00007ff986430000 - 0x00007ff9864d9000 	C:\WINDOWS\System32\msvcrt.dll
0x00007ff984be0000 - 0x00007ff984c07000 	C:\WINDOWS\System32\win32u.dll
0x00007ff986f50000 - 0x00007ff986f7b000 	C:\WINDOWS\System32\GDI32.dll
0x00007ff984c10000 - 0x00007ff984d42000 	C:\WINDOWS\System32\gdi32full.dll
0x00007ff984aa0000 - 0x00007ff984b43000 	C:\WINDOWS\System32\msvcp_win.dll
0x00007ff985d30000 - 0x00007ff985d60000 	C:\WINDOWS\System32\IMM32.DLL
0x00007ff974800000 - 0x00007ff97480c000 	C:\Program Files\Java\jdk-23\bin\vcruntime140_1.dll
0x00007ff93e5d0000 - 0x00007ff93e65e000 	C:\Program Files\Java\jdk-23\bin\msvcp140.dll
0x00007ff933510000 - 0x00007ff934260000 	C:\Program Files\Java\jdk-23\bin\server\jvm.dll
0x00007ff986e90000 - 0x00007ff986f42000 	C:\WINDOWS\System32\ADVAPI32.dll
0x00007ff986de0000 - 0x00007ff986e86000 	C:\WINDOWS\System32\sechost.dll
0x00007ff9862e0000 - 0x00007ff9863f6000 	C:\WINDOWS\System32\RPCRT4.dll
0x00007ff986030000 - 0x00007ff9860a4000 	C:\WINDOWS\System32\WS2_32.dll
0x00007ff9843a0000 - 0x00007ff9843fe000 	C:\WINDOWS\SYSTEM32\POWRPROF.dll
0x00007ff97c430000 - 0x00007ff97c466000 	C:\WINDOWS\SYSTEM32\WINMM.dll
0x00007ff97e9f0000 - 0x00007ff97e9fb000 	C:\WINDOWS\SYSTEM32\VERSION.dll
0x00007ff984380000 - 0x00007ff984394000 	C:\WINDOWS\SYSTEM32\UMPDC.dll
0x00007ff983310000 - 0x00007ff98332a000 	C:\WINDOWS\SYSTEM32\kernel.appcore.dll
0x00007ff9733c0000 - 0x00007ff9733ca000 	C:\Program Files\Java\jdk-23\bin\jimage.dll
0x00007ff97c5e0000 - 0x00007ff97c821000 	C:\WINDOWS\SYSTEM32\DBGHELP.DLL
0x00007ff986ff0000 - 0x00007ff987374000 	C:\WINDOWS\System32\combase.dll
0x00007ff985d70000 - 0x00007ff985e50000 	C:\WINDOWS\System32\OLEAUT32.dll
0x00007ff96ea10000 - 0x00007ff96ea49000 	C:\WINDOWS\SYSTEM32\dbgcore.DLL
0x00007ff984f60000 - 0x00007ff984ff9000 	C:\WINDOWS\System32\bcryptPrimitives.dll
0x00007ff95a2d0000 - 0x00007ff95a2ee000 	C:\Program Files\Java\jdk-23\bin\java.dll
0x00007ff986650000 - 0x00007ff9867ef000 	C:\WINDOWS\System32\ole32.dll
0x00007ff985600000 - 0x00007ff985d2d000 	C:\WINDOWS\System32\SHELL32.dll
0x00007ff984550000 - 0x00007ff9846c4000 	C:\WINDOWS\System32\wintypes.dll

dbghelp: loaded successfully - version: 4.0.5 - missing functions: none
symbol engine: initialized successfully - sym options: 0x614 - pdb path: .;C:\Program Files\Java\jdk-23\bin;C:\WINDOWS\SYSTEM32;C:\WINDOWS\WinSxS\amd64_microsoft.windows.common-controls_6595b64144ccf1df_6.0.26100.3912_none_3e07963ce335137e;C:\Program Files\Java\jdk-23\bin\server

VM Arguments:
jvm_args: -Dfile.encoding=UTF-8 --module-path=C:\Users\Alok\OneDrive\Desktop\PROJECT\Travell Booking System\Travel Management System\build\classes 
java_command: travel.management.system.Splash
java_class_path (initial): C:\Users\Alok\OneDrive\Desktop\PROJECT\Travell Booking System\Travel Management System\build\classes
Launcher Type: SUN_STANDARD

[Global flags]
     intx CICompilerCount                          = 4                                         {product} {ergonomic}
     uint ConcGCThreads                            = 3                                         {product} {ergonomic}
     uint G1ConcRefinementThreads                  = 10                                        {product} {ergonomic}
   size_t G1HeapRegionSize                         = 1048576                                   {product} {ergonomic}
   size_t InitialHeapSize                          = 123731968                                 {product} {ergonomic}
   size_t MarkStackSize                            = 4194304                                   {product} {ergonomic}
   size_t MarkStackSizeMax                         = 536870912                                 {product} {ergonomic}
   size_t MaxHeapSize                              = 1965031424                                {product} {ergonomic}
   size_t MinHeapDeltaBytes                        = 1048576                                   {product} {ergonomic}
   size_t MinHeapSize                              = 8388608                                   {product} {ergonomic}
    uintx NonNMethodCodeHeapSize                   = 5832704                                {pd product} {ergonomic}
    uintx NonProfiledCodeHeapSize                  = 122945536                              {pd product} {ergonomic}
    uintx ProfiledCodeHeapSize                     = 122880000                              {pd product} {ergonomic}
    uintx ReservedCodeCacheSize                    = 251658240                              {pd product} {ergonomic}
     bool SegmentedCodeCache                       = true                                      {product} {ergonomic}
   size_t SoftMaxHeapSize                          = 1965031424                             {manageable} {ergonomic}
     bool UseCompressedOops                        = true                           {product lp64_product} {ergonomic}
     bool UseG1GC                                  = true                                      {product} {ergonomic}
     bool UseLargePagesIndividualAllocation        = false                                  {pd product} {ergonomic}

Logging:
Log output configuration:
 #0: stdout all=warning uptime,level,tags foldmultilines=false
 #1: stderr all=off uptime,level,tags foldmultilines=false

Environment Variables:
PATH=C:\Program Files\Common Files\Oracle\Java\javapath;C:\WINDOWS\system32;C:\WINDOWS;C:\WINDOWS\System32\Wbem;C:\WINDOWS\System32\WindowsPowerShell\v1.0\;C:\WINDOWS\System32\OpenSSH\;C:\Users\Alok\bin;C:\Program Files\Java\jdk-18.0.2.1\bin;C:\Program Files\MySQL\MySQL Server 8.0\bin;C:\MinGW\bin;C:\Program Files\PowerShell\7\;C:\Program Files\Java\jdk-23\bin;C:\Program Files\Git\cmd;C:\Users\Alok\AppData\Local\Microsoft\WindowsApps;;C:\Program Files\JetBrains\IntelliJ IDEA Community Edition 2025.1\bin;;C:\Users\Alok\AppData\Local\Programs\Microsoft VS Code\bin;C:\Program Files\JetBrains\IntelliJ IDEA 2024.3.4\bin;
USERNAME=Alok
OS=Windows_NT
PROCESSOR_IDENTIFIER=AMD64 Family 23 Model 104 Stepping 1, AuthenticAMD
TMP=C:\Users\Alok\AppData\Local\Temp
TEMP=C:\Users\Alok\AppData\Local\Temp




Periodic native trim disabled

---------------  S Y S T E M  ---------------

OS:
 Windows 11 , 64 bit Build 26100 (10.0.26100.3912)
OS uptime: 2 days 6:25 hours
Hyper-V role detected

CPU: total 12 (initial active 12) (12 cores per cpu, 2 threads per core) family 23 model 104 stepping 1 microcode 0x8608104, cx8, cmov, fxsr, ht, mmx, 3dnowpref, sse, sse2, sse3, ssse3, sse4a, sse4.1, sse4.2, popcnt, lzcnt, tsc, tscinvbit, avx, avx2, aes, clmul, bmi1, bmi2, adx, sha, fma, vzeroupper, clflush, clflushopt, hv, rdtscp, rdpid, f16c
Processor Information for processor 0
  Max Mhz: 2100, Current Mhz: 1988, Mhz Limit: 2100
Processor Information for processor 1
  Max Mhz: 2100, Current Mhz: 2100, Mhz Limit: 2100
Processor Information for processor 2
  Max Mhz: 2100, Current Mhz: 1988, Mhz Limit: 2100
Processor Information for processor 3
  Max Mhz: 2100, Current Mhz: 1988, Mhz Limit: 2100
Processor Information for processor 4
  Max Mhz: 2100, Current Mhz: 1988, Mhz Limit: 2100
Processor Information for processor 5
  Max Mhz: 2100, Current Mhz: 1988, Mhz Limit: 2100
Processor Information for processor 6
  Max Mhz: 2100, Current Mhz: 1988, Mhz Limit: 2100
Processor Information for processor 7
  Max Mhz: 2100, Current Mhz: 1988, Mhz Limit: 2100
Processor Information for processor 8
  Max Mhz: 2100, Current Mhz: 2100, Mhz Limit: 2100
Processor Information for processor 9
  Max Mhz: 2100, Current Mhz: 1988, Mhz Limit: 2100
Processor Information for processor 10
  Max Mhz: 2100, Current Mhz: 1988, Mhz Limit: 2100
Processor Information for processor 11
  Max Mhz: 2100, Current Mhz: 1988, Mhz Limit: 2100

Memory: 4k page, system-wide physical 7488M (1050M free)
TotalPageFile size 30016M (AvailPageFile size 106M)
current process WorkingSet (physical memory assigned to process): 14M, peak: 14M
current process commit charge ("private bytes"): 64M, peak: 182M

vm_info: Java HotSpot(TM) 64-Bit Server VM (23.0.2+7-58) for windows-amd64 JRE (23.0.2+7-58), built on 2024-11-29T09:34:55Z with MS VC++ 17.6 (VS2022)

END.
