#
# There is insufficient memory for the Java Runtime Environment to continue.
# Native memory allocation (malloc) failed to allocate 341376 bytes. Error detail: Chunk::new
# Possible reasons:
#   The system is out of physical RAM or swap space
#   This process is running with CompressedOops enabled, and the Java Heap may be blocking the growth of the native heap
# Possible solutions:
#   Reduce memory load on the system
#   Increase physical memory or swap space
#   Check if swap backing store is full
#   Decrease Java heap size (-Xmx/-Xms)
#   Decrease number of Java threads
#   Decrease Java thread stack sizes (-Xss)
#   Set larger code cache with -XX:ReservedCodeCacheSize=
#   JVM is running with Unscaled Compressed Oops mode in which the Java heap is
#     placed in the first 4GB address space. The Java Heap base address is the
#     maximum limit for the native heap growth. Please use -XX:HeapBaseMinAddress
#     to set the Java Heap base and to place the Java Heap above 4GB virtual address.
# This output file may be truncated or incomplete.
#
#  Out of Memory Error (arena.cpp:149), pid=20816, tid=16360
#
# JRE version: Java(TM) SE Runtime Environment (23.0.2+7) (build 23.0.2+7-58)
# Java VM: Java HotSpot(TM) 64-Bit Server VM (23.0.2+7-58, mixed mode, sharing, tiered, compressed oops, compressed class ptrs, g1 gc, windows-amd64)
# No core dump will be written. Minidumps are not enabled by default on client versions of Windows
#

---------------  S U M M A R Y ------------

Command Line: -Dfile.encoding=UTF-8 --module-path=C:\Users\Alok\OneDrive\Desktop\PROJECT\Travell Booking System\Travel Management System\build\classes travel.management.system.ForgetPassword

Host: AMD Ryzen 5 5500U with Radeon Graphics         , 12 cores, 7G,  Windows 11 , 64 bit Build 26100 (10.0.26100.3912)
Time: Sat May 17 12:33:50 2025 India Standard Time elapsed time: 43861.410276 seconds (0d 12h 11m 1s)

---------------  T H R E A D  ---------------

Current thread (0x0000014e112e6160):  JavaThread "C2 CompilerThread0" daemon [_thread_in_native, id=16360, stack(0x0000001443400000,0x0000001443500000) (1024K)]


Current CompileTask:
C2:43861410 2668   !   4       jdk.internal.loader.BuiltinClassLoader::findResource (154 bytes)

Stack: [0x0000001443400000,0x0000001443500000]
Native frames: (J=compiled Java code, j=interpreted, Vv=VM code, C=native code)
V  [jvm.dll+0x6e0b99]  (no source info available)
V  [jvm.dll+0x87e2b3]  (no source info available)
V  [jvm.dll+0x88073e]  (no source info available)
V  [jvm.dll+0x880e13]  (no source info available)
V  [jvm.dll+0x27b006]  (no source info available)
V  [jvm.dll+0xbc06f]  (no source info available)
V  [jvm.dll+0xbc2cb]  (no source info available)
V  [jvm.dll+0x2eea6d]  (no source info available)
V  [jvm.dll+0x606669]  (no source info available)
V  [jvm.dll+0x24def2]  (no source info available)
V  [jvm.dll+0x2468f7]  (no source info available)
V  [jvm.dll+0x243e04]  (no source info available)
V  [jvm.dll+0x1c34b0]  (no source info available)
V  [jvm.dll+0x253df1]  (no source info available)
V  [jvm.dll+0x2520aa]  (no source info available)
V  [jvm.dll+0x3ee226]  (no source info available)
V  [jvm.dll+0x8254cb]  (no source info available)
V  [jvm.dll+0x6df345]  (no source info available)
C  [ucrtbase.dll+0x37b0]  (no source info available)
C  [KERNEL32.DLL+0x2e8d7]  (no source info available)
C  [ntdll.dll+0x9c5dc]  (no source info available)

Lock stack of current Java thread (top to bottom):


---------------  P R O C E S S  ---------------

Threads class SMR info:
_java_thread_list=0x0000014e5d236470, length=18, elements={
0x0000014e112c5330, 0x0000014e112c9260, 0x0000014e112cdad0, 0x0000014e112ce530,
0x0000014e112cfcb0, 0x0000014e112d5d10, 0x0000014e112e6160, 0x0000014e112ec7a0,
0x0000014e113c2ce0, 0x0000014e114ac160, 0x0000014e1163a050, 0x0000014e1163f760,
0x0000014e11645fe0, 0x0000014e574527d0, 0x0000014e7206cf50, 0x0000014e1140f500,
0x0000014e575631b0, 0x0000014e571b7360
}

Java Threads: ( => current thread )
  0x0000014e112c5330 JavaThread "Reference Handler"          daemon [_thread_blocked, id=22340, stack(0x0000001442e00000,0x0000001442f00000) (1024K)]
  0x0000014e112c9260 JavaThread "Finalizer"                  daemon [_thread_blocked, id=2148, stack(0x0000001442f00000,0x0000001443000000) (1024K)]
  0x0000014e112cdad0 JavaThread "Signal Dispatcher"          daemon [_thread_blocked, id=24564, stack(0x0000001443000000,0x0000001443100000) (1024K)]
  0x0000014e112ce530 JavaThread "Attach Listener"            daemon [_thread_blocked, id=22356, stack(0x0000001443100000,0x0000001443200000) (1024K)]
  0x0000014e112cfcb0 JavaThread "Service Thread"             daemon [_thread_blocked, id=15524, stack(0x0000001443200000,0x0000001443300000) (1024K)]
  0x0000014e112d5d10 JavaThread "Monitor Deflation Thread"   daemon [_thread_blocked, id=16364, stack(0x0000001443300000,0x0000001443400000) (1024K)]
=>0x0000014e112e6160 JavaThread "C2 CompilerThread0"         daemon [_thread_in_native, id=16360, stack(0x0000001443400000,0x0000001443500000) (1024K)]
  0x0000014e112ec7a0 JavaThread "C1 CompilerThread0"         daemon [_thread_blocked, id=21364, stack(0x0000001443500000,0x0000001443600000) (1024K)]
  0x0000014e113c2ce0 JavaThread "Common-Cleaner"             daemon [_thread_blocked, id=24348, stack(0x0000001443600000,0x0000001443700000) (1024K)]
  0x0000014e114ac160 JavaThread "Notification Thread"        daemon [_thread_blocked, id=23140, stack(0x0000001443700000,0x0000001443800000) (1024K)]
  0x0000014e1163a050 JavaThread "Java2D Disposer"            daemon [_thread_blocked, id=21840, stack(0x0000001443800000,0x0000001443900000) (1024K)]
  0x0000014e1163f760 JavaThread "AWT-Shutdown"                      [_thread_blocked, id=7428, stack(0x0000001443900000,0x0000001443a00000) (1024K)]
  0x0000014e11645fe0 JavaThread "AWT-Windows"                daemon [_thread_in_native, id=21360, stack(0x0000001443a00000,0x0000001443b00000) (1024K)]
  0x0000014e574527d0 JavaThread "AWT-EventQueue-0"                  [_thread_blocked, id=4148, stack(0x0000001444700000,0x0000001444800000) (1024K)]
  0x0000014e7206cf50 JavaThread "DestroyJavaVM"                     [_thread_blocked, id=22976, stack(0x0000001442600000,0x0000001442700000) (1024K)]
  0x0000014e1140f500 JavaThread "D3D Screen Updater"         daemon [_thread_blocked, id=23928, stack(0x0000001444900000,0x0000001444a00000) (1024K)]
  0x0000014e575631b0 JavaThread "TimerQueue"                 daemon [_thread_blocked, id=16592, stack(0x0000001444a00000,0x0000001444b00000) (1024K)]
  0x0000014e571b7360 JavaThread "mysql-cj-abandoned-connection-cleanup" daemon [_thread_blocked, id=3756, stack(0x0000001444500000,0x0000001444600000) (1024K)]
Total: 18

Other Threads:
  0x0000014e112ae570 VMThread "VM Thread"                           [id=16632, stack(0x0000001442d00000,0x0000001442e00000) (1024K)]
  0x0000014e1129a010 WatcherThread "VM Periodic Task Thread"        [id=23064, stack(0x0000001442c00000,0x0000001442d00000) (1024K)]
  0x0000014e74519610 WorkerThread "GC Thread#0"                     [id=23904, stack(0x0000001442700000,0x0000001442800000) (1024K)]
  0x0000014e57303fc0 WorkerThread "GC Thread#1"                     [id=20600, stack(0x0000001444e00000,0x0000001444f00000) (1024K)]
  0x0000014e57304370 WorkerThread "GC Thread#2"                     [id=22644, stack(0x0000001444f00000,0x0000001445000000) (1024K)]
  0x0000014e57304720 WorkerThread "GC Thread#3"                     [id=23068, stack(0x0000001445000000,0x0000001445100000) (1024K)]
  0x0000014e5d2a8130 WorkerThread "GC Thread#4"                     [id=22280, stack(0x0000001445100000,0x0000001445200000) (1024K)]
  0x0000014e5d2a7620 WorkerThread "GC Thread#5"                     [id=22580, stack(0x0000001445200000,0x0000001445300000) (1024K)]
  0x0000014e5d2a5140 WorkerThread "GC Thread#6"                     [id=22000, stack(0x0000001445300000,0x0000001445400000) (1024K)]
  0x0000014e5d2a6000 WorkerThread "GC Thread#7"                     [id=2888, stack(0x0000001445400000,0x0000001445500000) (1024K)]
  0x0000014e5d2a54f0 WorkerThread "GC Thread#8"                     [id=8324, stack(0x0000001445500000,0x0000001445600000) (1024K)]
  0x0000014e5d2a6ec0 WorkerThread "GC Thread#9"                     [id=4520, stack(0x0000001445600000,0x0000001445700000) (1024K)]
  0x0000014e7452ca40 ConcurrentGCThread "G1 Main Marker"            [id=22224, stack(0x0000001442800000,0x0000001442900000) (1024K)]
  0x0000014e7452e380 WorkerThread "G1 Conc#0"                       [id=23012, stack(0x0000001442900000,0x0000001442a00000) (1024K)]
  0x0000014e7454e910 ConcurrentGCThread "G1 Refine#0"               [id=21156, stack(0x0000001442a00000,0x0000001442b00000) (1024K)]
  0x0000014e1116d9b0 ConcurrentGCThread "G1 Service"                [id=16740, stack(0x0000001442b00000,0x0000001442c00000) (1024K)]
Total: 16

Threads with active compile tasks:
C2 CompilerThread0  43862574 2668   !   4       jdk.internal.loader.BuiltinClassLoader::findResource (154 bytes)
Total: 1

VM state: not at safepoint (normal execution)

VM Mutex/Monitor currently owned by a thread: None

Heap address: 0x000000008ae00000, size: 1874 MB, Compressed Oops mode: 32-bit

CDS archive(s) mapped at: [0x0000014e12000000-0x0000014e12d70000-0x0000014e12d70000), size 14090240, SharedBaseAddress: 0x0000014e12000000, ArchiveRelocationMode: 1.
Compressed class space mapped at: 0x0000014e13000000-0x0000014e53000000, reserved size: 1073741824
Narrow klass base: 0x0000014e12000000, Narrow klass shift: 0, Narrow klass range: 0x41000000

GC Precious Log:
 CardTable entry size: 512
 Card Set container configuration: InlinePtr #cards 5 size 8 Array Of Cards #cards 10 size 36 Howl #buckets 4 coarsen threshold 1843 Howl Bitmap #cards 512 size 80 coarsen threshold 460 Card regions per heap region 1 cards per card region 2048
 CPUs: 12 total, 12 available
 Memory: 7488M
 Large Page Support: Disabled
 NUMA Support: Disabled
 Compressed Oops: Enabled (32-bit)
 Heap Region Size: 1M
 Heap Min Capacity: 8M
 Heap Initial Capacity: 118M
 Heap Max Capacity: 1874M
 Pre-touch: Disabled
 Parallel Workers: 10
 Concurrent Workers: 3
 Concurrent Refinement Workers: 10
 Periodic GC: Disabled

Heap:
 garbage-first heap   total reserved 1918976K, committed 120832K, used 19589K [0x000000008ae00000, 0x0000000100000000)
  region size 1024K, 17 young (17408K), 3 survivors (3072K)
 Metaspace       used 18010K, committed 18240K, reserved 1114112K
  class space    used 2000K, committed 2112K, reserved 1048576K

Heap Regions: E=young(eden), S=young(survivor), O=old, HS=humongous(starts), HC=humongous(continues), CS=collection set, F=free, TAMS=top-at-mark-start, PB=parsable bottom
|   0|0x000000008ae00000, 0x000000008af00000, 0x000000008af00000|100%| O|  |TAMS 0x000000008ae00000| PB 0x000000008ae00000| Untracked |  0
|   1|0x000000008af00000, 0x000000008b000000, 0x000000008b000000|100%| O|  |TAMS 0x000000008af00000| PB 0x000000008af00000| Untracked |  0
|   2|0x000000008b000000, 0x000000008b100000, 0x000000008b100000|100%| O|  |TAMS 0x000000008b000000| PB 0x000000008b000000| Untracked |  0
|   3|0x000000008b100000, 0x000000008b121520, 0x000000008b200000| 13%| O|  |TAMS 0x000000008b100000| PB 0x000000008b100000| Untracked |  0
|   4|0x000000008b200000, 0x000000008b200000, 0x000000008b300000|  0%| F|  |TAMS 0x000000008b200000| PB 0x000000008b200000| Untracked |  0
|   5|0x000000008b300000, 0x000000008b300000, 0x000000008b400000|  0%| F|  |TAMS 0x000000008b300000| PB 0x000000008b300000| Untracked |  0
|   6|0x000000008b400000, 0x000000008b400000, 0x000000008b500000|  0%| F|  |TAMS 0x000000008b400000| PB 0x000000008b400000| Untracked |  0
|   7|0x000000008b500000, 0x000000008b500000, 0x000000008b600000|  0%| F|  |TAMS 0x000000008b500000| PB 0x000000008b500000| Untracked |  0
|   8|0x000000008b600000, 0x000000008b600000, 0x000000008b700000|  0%| F|  |TAMS 0x000000008b600000| PB 0x000000008b600000| Untracked |  0
|   9|0x000000008b700000, 0x000000008b700000, 0x000000008b800000|  0%| F|  |TAMS 0x000000008b700000| PB 0x000000008b700000| Untracked |  0
|  10|0x000000008b800000, 0x000000008b800000, 0x000000008b900000|  0%| F|  |TAMS 0x000000008b800000| PB 0x000000008b800000| Untracked |  0
|  11|0x000000008b900000, 0x000000008b900000, 0x000000008ba00000|  0%| F|  |TAMS 0x000000008b900000| PB 0x000000008b900000| Untracked |  0
|  12|0x000000008ba00000, 0x000000008ba00000, 0x000000008bb00000|  0%| F|  |TAMS 0x000000008ba00000| PB 0x000000008ba00000| Untracked |  0
|  13|0x000000008bb00000, 0x000000008bb00000, 0x000000008bc00000|  0%| F|  |TAMS 0x000000008bb00000| PB 0x000000008bb00000| Untracked |  0
|  14|0x000000008bc00000, 0x000000008bc00000, 0x000000008bd00000|  0%| F|  |TAMS 0x000000008bc00000| PB 0x000000008bc00000| Untracked |  0
|  15|0x000000008bd00000, 0x000000008bd00000, 0x000000008be00000|  0%| F|  |TAMS 0x000000008bd00000| PB 0x000000008bd00000| Untracked |  0
|  16|0x000000008be00000, 0x000000008be00000, 0x000000008bf00000|  0%| F|  |TAMS 0x000000008be00000| PB 0x000000008be00000| Untracked |  0
|  17|0x000000008bf00000, 0x000000008bf00000, 0x000000008c000000|  0%| F|  |TAMS 0x000000008bf00000| PB 0x000000008bf00000| Untracked |  0
|  18|0x000000008c000000, 0x000000008c000000, 0x000000008c100000|  0%| F|  |TAMS 0x000000008c000000| PB 0x000000008c000000| Untracked |  0
|  19|0x000000008c100000, 0x000000008c100000, 0x000000008c200000|  0%| F|  |TAMS 0x000000008c100000| PB 0x000000008c100000| Untracked |  0
|  20|0x000000008c200000, 0x000000008c200000, 0x000000008c300000|  0%| F|  |TAMS 0x000000008c200000| PB 0x000000008c200000| Untracked |  0
|  21|0x000000008c300000, 0x000000008c300000, 0x000000008c400000|  0%| F|  |TAMS 0x000000008c300000| PB 0x000000008c300000| Untracked |  0
|  22|0x000000008c400000, 0x000000008c400000, 0x000000008c500000|  0%| F|  |TAMS 0x000000008c400000| PB 0x000000008c400000| Untracked |  0
|  23|0x000000008c500000, 0x000000008c500000, 0x000000008c600000|  0%| F|  |TAMS 0x000000008c500000| PB 0x000000008c500000| Untracked |  0
|  24|0x000000008c600000, 0x000000008c600000, 0x000000008c700000|  0%| F|  |TAMS 0x000000008c600000| PB 0x000000008c600000| Untracked |  0
|  25|0x000000008c700000, 0x000000008c700000, 0x000000008c800000|  0%| F|  |TAMS 0x000000008c700000| PB 0x000000008c700000| Untracked |  0
|  26|0x000000008c800000, 0x000000008c800000, 0x000000008c900000|  0%| F|  |TAMS 0x000000008c800000| PB 0x000000008c800000| Untracked |  0
|  27|0x000000008c900000, 0x000000008c900000, 0x000000008ca00000|  0%| F|  |TAMS 0x000000008c900000| PB 0x000000008c900000| Untracked |  0
|  28|0x000000008ca00000, 0x000000008ca00000, 0x000000008cb00000|  0%| F|  |TAMS 0x000000008ca00000| PB 0x000000008ca00000| Untracked |  0
|  29|0x000000008cb00000, 0x000000008cb00000, 0x000000008cc00000|  0%| F|  |TAMS 0x000000008cb00000| PB 0x000000008cb00000| Untracked |  0
|  30|0x000000008cc00000, 0x000000008cc00000, 0x000000008cd00000|  0%| F|  |TAMS 0x000000008cc00000| PB 0x000000008cc00000| Untracked |  0
|  31|0x000000008cd00000, 0x000000008cd00000, 0x000000008ce00000|  0%| F|  |TAMS 0x000000008cd00000| PB 0x000000008cd00000| Untracked |  0
|  32|0x000000008ce00000, 0x000000008ce00000, 0x000000008cf00000|  0%| F|  |TAMS 0x000000008ce00000| PB 0x000000008ce00000| Untracked |  0
|  33|0x000000008cf00000, 0x000000008cf00000, 0x000000008d000000|  0%| F|  |TAMS 0x000000008cf00000| PB 0x000000008cf00000| Untracked |  0
|  34|0x000000008d000000, 0x000000008d000000, 0x000000008d100000|  0%| F|  |TAMS 0x000000008d000000| PB 0x000000008d000000| Untracked |  0
|  35|0x000000008d100000, 0x000000008d100000, 0x000000008d200000|  0%| F|  |TAMS 0x000000008d100000| PB 0x000000008d100000| Untracked |  0
|  36|0x000000008d200000, 0x000000008d200000, 0x000000008d300000|  0%| F|  |TAMS 0x000000008d200000| PB 0x000000008d200000| Untracked |  0
|  37|0x000000008d300000, 0x000000008d300000, 0x000000008d400000|  0%| F|  |TAMS 0x000000008d300000| PB 0x000000008d300000| Untracked |  0
|  38|0x000000008d400000, 0x000000008d400000, 0x000000008d500000|  0%| F|  |TAMS 0x000000008d400000| PB 0x000000008d400000| Untracked |  0
|  39|0x000000008d500000, 0x000000008d500000, 0x000000008d600000|  0%| F|  |TAMS 0x000000008d500000| PB 0x000000008d500000| Untracked |  0
|  40|0x000000008d600000, 0x000000008d600000, 0x000000008d700000|  0%| F|  |TAMS 0x000000008d600000| PB 0x000000008d600000| Untracked |  0
|  41|0x000000008d700000, 0x000000008d700000, 0x000000008d800000|  0%| F|  |TAMS 0x000000008d700000| PB 0x000000008d700000| Untracked |  0
|  42|0x000000008d800000, 0x000000008d800000, 0x000000008d900000|  0%| F|  |TAMS 0x000000008d800000| PB 0x000000008d800000| Untracked |  0
|  43|0x000000008d900000, 0x000000008d900000, 0x000000008da00000|  0%| F|  |TAMS 0x000000008d900000| PB 0x000000008d900000| Untracked |  0
|  44|0x000000008da00000, 0x000000008da00000, 0x000000008db00000|  0%| F|  |TAMS 0x000000008da00000| PB 0x000000008da00000| Untracked |  0
|  45|0x000000008db00000, 0x000000008db00000, 0x000000008dc00000|  0%| F|  |TAMS 0x000000008db00000| PB 0x000000008db00000| Untracked |  0
|  46|0x000000008dc00000, 0x000000008dc00000, 0x000000008dd00000|  0%| F|  |TAMS 0x000000008dc00000| PB 0x000000008dc00000| Untracked |  0
|  47|0x000000008dd00000, 0x000000008dd00000, 0x000000008de00000|  0%| F|  |TAMS 0x000000008dd00000| PB 0x000000008dd00000| Untracked |  0
|  48|0x000000008de00000, 0x000000008de00000, 0x000000008df00000|  0%| F|  |TAMS 0x000000008de00000| PB 0x000000008de00000| Untracked |  0
|  49|0x000000008df00000, 0x000000008df00000, 0x000000008e000000|  0%| F|  |TAMS 0x000000008df00000| PB 0x000000008df00000| Untracked |  0
|  50|0x000000008e000000, 0x000000008e000000, 0x000000008e100000|  0%| F|  |TAMS 0x000000008e000000| PB 0x000000008e000000| Untracked |  0
|  51|0x000000008e100000, 0x000000008e100000, 0x000000008e200000|  0%| F|  |TAMS 0x000000008e100000| PB 0x000000008e100000| Untracked |  0
|  52|0x000000008e200000, 0x000000008e200000, 0x000000008e300000|  0%| F|  |TAMS 0x000000008e200000| PB 0x000000008e200000| Untracked |  0
|  53|0x000000008e300000, 0x000000008e300000, 0x000000008e400000|  0%| F|  |TAMS 0x000000008e300000| PB 0x000000008e300000| Untracked |  0
|  54|0x000000008e400000, 0x000000008e400000, 0x000000008e500000|  0%| F|  |TAMS 0x000000008e400000| PB 0x000000008e400000| Untracked |  0
|  55|0x000000008e500000, 0x000000008e500000, 0x000000008e600000|  0%| F|  |TAMS 0x000000008e500000| PB 0x000000008e500000| Untracked |  0
|  56|0x000000008e600000, 0x000000008e600000, 0x000000008e700000|  0%| F|  |TAMS 0x000000008e600000| PB 0x000000008e600000| Untracked |  0
|  57|0x000000008e700000, 0x000000008e700000, 0x000000008e800000|  0%| F|  |TAMS 0x000000008e700000| PB 0x000000008e700000| Untracked |  0
|  58|0x000000008e800000, 0x000000008e800000, 0x000000008e900000|  0%| F|  |TAMS 0x000000008e800000| PB 0x000000008e800000| Untracked |  0
|  59|0x000000008e900000, 0x000000008e900000, 0x000000008ea00000|  0%| F|  |TAMS 0x000000008e900000| PB 0x000000008e900000| Untracked |  0
|  60|0x000000008ea00000, 0x000000008ea00000, 0x000000008eb00000|  0%| F|  |TAMS 0x000000008ea00000| PB 0x000000008ea00000| Untracked |  0
|  61|0x000000008eb00000, 0x000000008eb00000, 0x000000008ec00000|  0%| F|  |TAMS 0x000000008eb00000| PB 0x000000008eb00000| Untracked |  0
|  62|0x000000008ec00000, 0x000000008ec00000, 0x000000008ed00000|  0%| F|  |TAMS 0x000000008ec00000| PB 0x000000008ec00000| Untracked |  0
|  63|0x000000008ed00000, 0x000000008ed00000, 0x000000008ee00000|  0%| F|  |TAMS 0x000000008ed00000| PB 0x000000008ed00000| Untracked |  0
|  64|0x000000008ee00000, 0x000000008ee00000, 0x000000008ef00000|  0%| F|  |TAMS 0x000000008ee00000| PB 0x000000008ee00000| Untracked |  0
|  65|0x000000008ef00000, 0x000000008ef00000, 0x000000008f000000|  0%| F|  |TAMS 0x000000008ef00000| PB 0x000000008ef00000| Untracked |  0
|  66|0x000000008f000000, 0x000000008f000000, 0x000000008f100000|  0%| F|  |TAMS 0x000000008f000000| PB 0x000000008f000000| Untracked |  0
|  67|0x000000008f100000, 0x000000008f100000, 0x000000008f200000|  0%| F|  |TAMS 0x000000008f100000| PB 0x000000008f100000| Untracked |  0
|  68|0x000000008f200000, 0x000000008f200000, 0x000000008f300000|  0%| F|  |TAMS 0x000000008f200000| PB 0x000000008f200000| Untracked |  0
|  69|0x000000008f300000, 0x000000008f300000, 0x000000008f400000|  0%| F|  |TAMS 0x000000008f300000| PB 0x000000008f300000| Untracked |  0
|  70|0x000000008f400000, 0x000000008f400000, 0x000000008f500000|  0%| F|  |TAMS 0x000000008f400000| PB 0x000000008f400000| Untracked |  0
|  71|0x000000008f500000, 0x000000008f500000, 0x000000008f600000|  0%| F|  |TAMS 0x000000008f500000| PB 0x000000008f500000| Untracked |  0
|  72|0x000000008f600000, 0x000000008f600000, 0x000000008f700000|  0%| F|  |TAMS 0x000000008f600000| PB 0x000000008f600000| Untracked |  0
|  73|0x000000008f700000, 0x000000008f700000, 0x000000008f800000|  0%| F|  |TAMS 0x000000008f700000| PB 0x000000008f700000| Untracked |  0
|  74|0x000000008f800000, 0x000000008f800000, 0x000000008f900000|  0%| F|  |TAMS 0x000000008f800000| PB 0x000000008f800000| Untracked |  0
|  75|0x000000008f900000, 0x000000008f900000, 0x000000008fa00000|  0%| F|  |TAMS 0x000000008f900000| PB 0x000000008f900000| Untracked |  0
|  76|0x000000008fa00000, 0x000000008fa00000, 0x000000008fb00000|  0%| F|  |TAMS 0x000000008fa00000| PB 0x000000008fa00000| Untracked |  0
|  77|0x000000008fb00000, 0x000000008fb00000, 0x000000008fc00000|  0%| F|  |TAMS 0x000000008fb00000| PB 0x000000008fb00000| Untracked |  0
|  78|0x000000008fc00000, 0x000000008fc00000, 0x000000008fd00000|  0%| F|  |TAMS 0x000000008fc00000| PB 0x000000008fc00000| Untracked |  0
|  79|0x000000008fd00000, 0x000000008fd00000, 0x000000008fe00000|  0%| F|  |TAMS 0x000000008fd00000| PB 0x000000008fd00000| Untracked |  0
|  80|0x000000008fe00000, 0x000000008fe00000, 0x000000008ff00000|  0%| F|  |TAMS 0x000000008fe00000| PB 0x000000008fe00000| Untracked |  0
|  81|0x000000008ff00000, 0x000000008ff00000, 0x0000000090000000|  0%| F|  |TAMS 0x000000008ff00000| PB 0x000000008ff00000| Untracked |  0
|  82|0x0000000090000000, 0x0000000090000000, 0x0000000090100000|  0%| F|  |TAMS 0x0000000090000000| PB 0x0000000090000000| Untracked |  0
|  83|0x0000000090100000, 0x0000000090100000, 0x0000000090200000|  0%| F|  |TAMS 0x0000000090100000| PB 0x0000000090100000| Untracked |  0
|  84|0x0000000090200000, 0x0000000090200000, 0x0000000090300000|  0%| F|  |TAMS 0x0000000090200000| PB 0x0000000090200000| Untracked |  0
|  85|0x0000000090300000, 0x0000000090300000, 0x0000000090400000|  0%| F|  |TAMS 0x0000000090300000| PB 0x0000000090300000| Untracked |  0
|  86|0x0000000090400000, 0x0000000090400000, 0x0000000090500000|  0%| F|  |TAMS 0x0000000090400000| PB 0x0000000090400000| Untracked |  0
|  87|0x0000000090500000, 0x0000000090500000, 0x0000000090600000|  0%| F|  |TAMS 0x0000000090500000| PB 0x0000000090500000| Untracked |  0
|  88|0x0000000090600000, 0x0000000090600000, 0x0000000090700000|  0%| F|  |TAMS 0x0000000090600000| PB 0x0000000090600000| Untracked |  0
|  89|0x0000000090700000, 0x0000000090700000, 0x0000000090800000|  0%| F|  |TAMS 0x0000000090700000| PB 0x0000000090700000| Untracked |  0
|  90|0x0000000090800000, 0x0000000090800000, 0x0000000090900000|  0%| F|  |TAMS 0x0000000090800000| PB 0x0000000090800000| Untracked |  0
|  91|0x0000000090900000, 0x0000000090a00000, 0x0000000090a00000|100%| S|CS|TAMS 0x0000000090900000| PB 0x0000000090900000| Complete |  0
|  92|0x0000000090a00000, 0x0000000090b00000, 0x0000000090b00000|100%| S|CS|TAMS 0x0000000090a00000| PB 0x0000000090a00000| Complete |  0
|  93|0x0000000090b00000, 0x0000000090c00000, 0x0000000090c00000|100%| S|CS|TAMS 0x0000000090b00000| PB 0x0000000090b00000| Complete |  0
|  94|0x0000000090c00000, 0x0000000090c00000, 0x0000000090d00000|  0%| F|  |TAMS 0x0000000090c00000| PB 0x0000000090c00000| Untracked |  0
|  95|0x0000000090d00000, 0x0000000090d00000, 0x0000000090e00000|  0%| F|  |TAMS 0x0000000090d00000| PB 0x0000000090d00000| Untracked |  0
|  96|0x0000000090e00000, 0x0000000090e00000, 0x0000000090f00000|  0%| F|  |TAMS 0x0000000090e00000| PB 0x0000000090e00000| Untracked |  0
|  97|0x0000000090f00000, 0x0000000090f00000, 0x0000000091000000|  0%| F|  |TAMS 0x0000000090f00000| PB 0x0000000090f00000| Untracked |  0
|  98|0x0000000091000000, 0x0000000091000000, 0x0000000091100000|  0%| F|  |TAMS 0x0000000091000000| PB 0x0000000091000000| Untracked |  0
|  99|0x0000000091100000, 0x0000000091100000, 0x0000000091200000|  0%| F|  |TAMS 0x0000000091100000| PB 0x0000000091100000| Untracked |  0
| 100|0x0000000091200000, 0x0000000091200000, 0x0000000091300000|  0%| F|  |TAMS 0x0000000091200000| PB 0x0000000091200000| Untracked |  0
| 101|0x0000000091300000, 0x0000000091300000, 0x0000000091400000|  0%| F|  |TAMS 0x0000000091300000| PB 0x0000000091300000| Untracked |  0
| 102|0x0000000091400000, 0x0000000091400000, 0x0000000091500000|  0%| F|  |TAMS 0x0000000091400000| PB 0x0000000091400000| Untracked |  0
| 103|0x0000000091500000, 0x0000000091500000, 0x0000000091600000|  0%| F|  |TAMS 0x0000000091500000| PB 0x0000000091500000| Untracked |  0
| 104|0x0000000091600000, 0x0000000091700000, 0x0000000091700000|100%| E|  |TAMS 0x0000000091600000| PB 0x0000000091600000| Complete |  0
| 105|0x0000000091700000, 0x0000000091800000, 0x0000000091800000|100%| E|CS|TAMS 0x0000000091700000| PB 0x0000000091700000| Complete |  0
| 106|0x0000000091800000, 0x0000000091900000, 0x0000000091900000|100%| E|CS|TAMS 0x0000000091800000| PB 0x0000000091800000| Complete |  0
| 107|0x0000000091900000, 0x0000000091a00000, 0x0000000091a00000|100%| E|CS|TAMS 0x0000000091900000| PB 0x0000000091900000| Complete |  0
| 108|0x0000000091a00000, 0x0000000091b00000, 0x0000000091b00000|100%| E|CS|TAMS 0x0000000091a00000| PB 0x0000000091a00000| Complete |  0
| 109|0x0000000091b00000, 0x0000000091c00000, 0x0000000091c00000|100%| E|CS|TAMS 0x0000000091b00000| PB 0x0000000091b00000| Complete |  0
| 110|0x0000000091c00000, 0x0000000091d00000, 0x0000000091d00000|100%| E|CS|TAMS 0x0000000091c00000| PB 0x0000000091c00000| Complete |  0
| 111|0x0000000091d00000, 0x0000000091e00000, 0x0000000091e00000|100%| E|CS|TAMS 0x0000000091d00000| PB 0x0000000091d00000| Complete |  0
| 112|0x0000000091e00000, 0x0000000091f00000, 0x0000000091f00000|100%| E|CS|TAMS 0x0000000091e00000| PB 0x0000000091e00000| Complete |  0
| 113|0x0000000091f00000, 0x0000000092000000, 0x0000000092000000|100%| E|CS|TAMS 0x0000000091f00000| PB 0x0000000091f00000| Complete |  0
| 114|0x0000000092000000, 0x0000000092100000, 0x0000000092100000|100%| E|CS|TAMS 0x0000000092000000| PB 0x0000000092000000| Complete |  0
| 115|0x0000000092100000, 0x0000000092200000, 0x0000000092200000|100%| E|CS|TAMS 0x0000000092100000| PB 0x0000000092100000| Complete |  0
| 116|0x0000000092200000, 0x0000000092300000, 0x0000000092300000|100%| E|CS|TAMS 0x0000000092200000| PB 0x0000000092200000| Complete |  0
| 117|0x0000000092300000, 0x0000000092400000, 0x0000000092400000|100%| E|CS|TAMS 0x0000000092300000| PB 0x0000000092300000| Complete |  0

Card table byte_map: [0x0000014e7d4d0000,0x0000014e7d880000] _byte_map_base: 0x0000014e7d079000

Marking Bits: (CMBitMap*) 0x0000014e74519c30
 Bits: [0x0000014e7d880000, 0x0000014e7f5c8000)

Polling page: 0x0000014e72240000

Metaspace:

Usage:
  Non-class:     15.63 MB used.
      Class:      1.95 MB used.
       Both:     17.59 MB used.

Virtual space:
  Non-class space:       64.00 MB reserved,      15.75 MB ( 25%) committed,  1 nodes.
      Class space:        1.00 GB reserved,       2.06 MB ( <1%) committed,  1 nodes.
             Both:        1.06 GB reserved,      17.81 MB (  2%) committed. 

Chunk freelists:
   Non-Class:  30.00 KB
       Class:  13.97 MB
        Both:  14.00 MB

MaxMetaspaceSize: unlimited
CompressedClassSpaceSize: 1.00 GB
Initial GC threshold: 21.00 MB
Current GC threshold: 21.00 MB
CDS: on
 - commit_granule_bytes: 65536.
 - commit_granule_words: 8192.
 - virtual_space_node_default_size: 8388608.
 - enlarge_chunks_in_place: 1.
 - use_allocation_guard: 0.


Internal statistics:

num_allocs_failed_limit: 0.
num_arena_births: 186.
num_arena_deaths: 0.
num_vsnodes_births: 2.
num_vsnodes_deaths: 0.
num_space_committed: 285.
num_space_uncommitted: 0.
num_chunks_returned_to_freelist: 0.
num_chunks_taken_from_freelist: 373.
num_chunk_merges: 0.
num_chunk_splits: 220.
num_chunks_enlarged: 114.
num_inconsistent_stats: 0.

CodeHeap 'non-profiled nmethods': size=120064Kb used=846Kb max_used=846Kb free=119217Kb
 bounds [0x0000014e07ac0000, 0x0000014e07d30000, 0x0000014e0f000000]
CodeHeap 'profiled nmethods': size=120000Kb used=3912Kb max_used=3912Kb free=116087Kb
 bounds [0x0000014e00000000, 0x0000014e003e0000, 0x0000014e07530000]
CodeHeap 'non-nmethods': size=5696Kb used=1718Kb max_used=1788Kb free=3977Kb
 bounds [0x0000014e07530000, 0x0000014e077a0000, 0x0000014e07ac0000]
CodeCache: size=245760Kb, used=6476Kb, max_used=6546Kb, free=239281Kb
 total_blobs=3433, nmethods=2667, adapters=671, full_count=0
Compilation: enabled, stopped_count=0, restarted_count=0

Compilation events (20 events):
Event: 38594.792 Thread 0x0000014e112e6160 nmethod 2658% 0x0000014e07b8f788 code [0x0000014e07b8f960, 0x0000014e07b908f8]
Event: 38848.584 Thread 0x0000014e112e6160 2659       4       java.util.concurrent.locks.AbstractQueuedSynchronizer$Node::setStatusRelaxed (12 bytes)
Event: 38848.586 Thread 0x0000014e112e6160 nmethod 2659 0x0000014e07b90988 code [0x0000014e07b90a80, 0x0000014e07b90b00]
Event: 38891.207 Thread 0x0000014e112e6160 2660 % !   4       sun.java2d.d3d.D3DScreenUpdateManager::run @ 0 (267 bytes)
Event: 38891.217 Thread 0x0000014e112e6160 nmethod 2660% 0x0000014e07b90c88 code [0x0000014e07b90e60, 0x0000014e07b91db0]
Event: 39808.723 Thread 0x0000014e112ec7a0 2661   !   3       jdk.internal.ref.PhantomCleanable::isListEmpty (34 bytes)
Event: 39808.730 Thread 0x0000014e112ec7a0 nmethod 2661 0x0000014e003d1988 code [0x0000014e003d1aa0, 0x0000014e003d1d90]
Event: 39808.730 Thread 0x0000014e112ec7a0 2662       3       jdk.internal.misc.InnocuousThread::eraseThreadLocals (23 bytes)
Event: 39808.731 Thread 0x0000014e112ec7a0 nmethod 2662 0x0000014e003d1e08 code [0x0000014e003d1f20, 0x0000014e003d2108]
Event: 41679.359 Thread 0x0000014e112e6160 2663       4       java.lang.String::indexOf (65 bytes)
Event: 41679.374 Thread 0x0000014e112e6160 nmethod 2663 0x0000014e07b91e88 code [0x0000014e07b91fa0, 0x0000014e07b921e8]
Event: 42230.333 Thread 0x0000014e112e6160 2664       4       java.lang.String::replace (42 bytes)
Event: 42230.381 Thread 0x0000014e112e6160 nmethod 2664 0x0000014e07b92288 code [0x0000014e07b923c0, 0x0000014e07b92ae8]
Event: 43692.936 Thread 0x0000014e112e6160 2665       4       java.lang.ref.SoftReference::get (29 bytes)
Event: 43692.956 Thread 0x0000014e112e6160 nmethod 2665 0x0000014e07b92b88 code [0x0000014e07b92c80, 0x0000014e07b92d68]
Event: 43813.176 Thread 0x0000014e112e6160 2666       4       jdk.internal.module.Resources::toPackageName (39 bytes)
Event: 43813.188 Thread 0x0000014e112e6160 nmethod 2666 0x0000014e07b92e88 code [0x0000014e07b92fa0, 0x0000014e07b931a8]
Event: 43838.237 Thread 0x0000014e112e6160 2667   !   4       jdk.internal.loader.BuiltinClassLoader::findMiscResource (122 bytes)
Event: 43838.277 Thread 0x0000014e112e6160 nmethod 2667 0x0000014e07b93208 code [0x0000014e07b933a0, 0x0000014e07b93af8]
Event: 43858.284 Thread 0x0000014e112e6160 2668   !   4       jdk.internal.loader.BuiltinClassLoader::findResource (154 bytes)

GC Heap History (2 events):
Event: 29.502 GC heap before
{Heap before GC invocations=0 (full 0):
 garbage-first heap   total reserved 1918976K, committed 120832K, used 23552K [0x000000008ae00000, 0x0000000100000000)
  region size 1024K, 24 young (24576K), 0 survivors (0K)
 Metaspace       used 17663K, committed 17920K, reserved 1114112K
  class space    used 1982K, committed 2112K, reserved 1048576K
}
Event: 29.513 GC heap after
{Heap after GC invocations=1 (full 0):
 garbage-first heap   total reserved 1918976K, committed 120832K, used 6277K [0x000000008ae00000, 0x0000000100000000)
  region size 1024K, 3 young (3072K), 3 survivors (3072K)
 Metaspace       used 17663K, committed 17920K, reserved 1114112K
  class space    used 1982K, committed 2112K, reserved 1048576K
}

Dll operation events (11 events):
Event: 0.015 Loaded shared library C:\Program Files\Java\jdk-23\bin\java.dll
Event: 0.066 Loaded shared library C:\Program Files\Java\jdk-23\bin\jsvml.dll
Event: 0.119 Loaded shared library C:\Program Files\Java\jdk-23\bin\net.dll
Event: 0.122 Loaded shared library C:\Program Files\Java\jdk-23\bin\nio.dll
Event: 0.169 Loaded shared library C:\Program Files\Java\jdk-23\bin\zip.dll
Event: 0.188 Loaded shared library C:\Program Files\Java\jdk-23\bin\jimage.dll
Event: 0.216 Loaded shared library C:\Program Files\Java\jdk-23\bin\awt.dll
Event: 0.845 Loaded shared library C:\Program Files\Java\jdk-23\bin\freetype.dll
Event: 0.846 Loaded shared library C:\Program Files\Java\jdk-23\bin\fontmanager.dll
Event: 6.142 Loaded shared library C:\Program Files\Java\jdk-23\bin\extnet.dll
Event: 6.476 Loaded shared library C:\Program Files\Java\jdk-23\bin\sunmscapi.dll

Deoptimization events (20 events):
Event: 29.622 Thread 0x0000014e574527d0 DEOPT PACKING pc=0x0000014e07af4488 sp=0x00000014447fcf40
Event: 29.622 Thread 0x0000014e574527d0 DEOPT UNPACKING pc=0x0000014e07584402 sp=0x00000014447fce00 mode 2
Event: 29.838 Thread 0x0000014e574527d0 Uncommon trap: trap_request=0xffffff45 fr.pc=0x0000014e07acbf48 relative=0x0000000000000288
Event: 29.838 Thread 0x0000014e574527d0 Uncommon trap: reason=unstable_if action=reinterpret pc=0x0000014e07acbf48 method=java.lang.String.isLatin1()Z @ 10 c2
Event: 29.838 Thread 0x0000014e574527d0 DEOPT PACKING pc=0x0000014e07acbf48 sp=0x00000014447fd230
Event: 29.838 Thread 0x0000014e574527d0 DEOPT UNPACKING pc=0x0000014e07584402 sp=0x00000014447fd160 mode 2
Event: 29.861 Thread 0x0000014e574527d0 Uncommon trap: trap_request=0xffffff45 fr.pc=0x0000014e07b7a874 relative=0x0000000000000414
Event: 29.861 Thread 0x0000014e574527d0 Uncommon trap: reason=unstable_if action=reinterpret pc=0x0000014e07b7a874 method=java.lang.Character.isSurrogate(C)Z @ 3 c2
Event: 29.861 Thread 0x0000014e574527d0 DEOPT PACKING pc=0x0000014e07b7a874 sp=0x00000014447fcec0
Event: 29.861 Thread 0x0000014e574527d0 DEOPT UNPACKING pc=0x0000014e07584402 sp=0x00000014447fcdd8 mode 2
Event: 384.625 Thread 0x0000014e1140f500 Uncommon trap: trap_request=0xffffffcc fr.pc=0x0000014e07b8c8e8 relative=0x0000000000000328
Event: 384.625 Thread 0x0000014e1140f500 Uncommon trap: reason=intrinsic_or_type_checked_inlining action=make_not_entrant pc=0x0000014e07b8c8e8 method=java.util.Arrays.copyOf([Ljava/lang/Object;ILjava/lang/Class;)[Ljava/lang/Object; @ 35 c2
Event: 384.625 Thread 0x0000014e1140f500 DEOPT PACKING pc=0x0000014e07b8c8e8 sp=0x00000014449ff3e0
Event: 384.625 Thread 0x0000014e1140f500 DEOPT UNPACKING pc=0x0000014e07584402 sp=0x00000014449ff370 mode 2
Event: 541.186 Thread 0x0000014e1140f500 Uncommon trap: trap_request=0xffffffdc fr.pc=0x0000014e07b8d9c0 relative=0x00000000000001a0
Event: 541.186 Thread 0x0000014e1140f500 Uncommon trap: reason=class_check action=make_not_entrant pc=0x0000014e07b8d9c0 method=java.util.ArrayList.toArray([Ljava/lang/Object;)[Ljava/lang/Object; @ 21 c2
Event: 541.186 Thread 0x0000014e1140f500 DEOPT PACKING pc=0x0000014e07b8d9c0 sp=0x00000014449ff440
Event: 541.186 Thread 0x0000014e1140f500 DEOPT UNPACKING pc=0x0000014e07584402 sp=0x00000014449ff400 mode 2
Event: 39187.947 Thread 0x0000014e1140f500 DEOPT PACKING pc=0x0000014e003ce76f sp=0x00000014449ff3e0
Event: 39187.962 Thread 0x0000014e1140f500 DEOPT UNPACKING pc=0x0000014e07584b22 sp=0x00000014449fe980 mode 0

Classes loaded (20 events):
Event: 29.627 Loading class sun/java2d/loops/ProcessPath$Point
Event: 29.627 Loading class sun/java2d/loops/ProcessPath$Point done
Event: 29.627 Loading class sun/java2d/loops/ProcessPath$ActiveEdgeList
Event: 29.627 Loading class sun/java2d/loops/ProcessPath$ActiveEdgeList done
Event: 29.627 Loading class sun/java2d/loops/ProcessPath$Edge
Event: 29.627 Loading class sun/java2d/loops/ProcessPath$Edge done
Event: 29.655 Loading class java/awt/FontFormatException
Event: 29.655 Loading class java/awt/FontFormatException done
Event: 29.657 Loading class sun/font/SunFontManager$3
Event: 29.658 Loading class sun/font/SunFontManager$3 done
Event: 29.684 Loading class sun/font/SunFontManager$8
Event: 29.684 Loading class sun/font/SunFontManager$8 done
Event: 29.685 Loading class sun/font/SunFontManager$9
Event: 29.685 Loading class sun/font/SunFontManager$9 done
Event: 29.827 Loading class java/lang/foreign/MemorySegment
Event: 29.828 Loading class java/lang/foreign/MemorySegment done
Event: 1629.473 Loading class java/awt/desktop/SystemSleepListener
Event: 1629.474 Loading class java/awt/desktop/SystemEventListener
Event: 1629.474 Loading class java/awt/desktop/SystemEventListener done
Event: 1629.474 Loading class java/awt/desktop/SystemSleepListener done

Classes unloaded (0 events):
No events

Classes redefined (0 events):
No events

Internal exceptions (20 events):
Event: 0.198 Thread 0x0000014e7206cf50 Exception <a 'java/lang/ClassNotFoundException'{0x0000000092195aa8}: sun/awt/resources/spi/awtProvider> (0x0000000092195aa8) 
thrown [s\open\src\hotspot\share\classfile\systemDictionary.cpp, line 313]
Event: 0.237 Thread 0x0000014e7206cf50 Exception <a 'java/io/FileNotFoundException'{0x00000000921e9690}> (0x00000000921e9690) 
thrown [s\open\src\hotspot\share\prims\jni.cpp, line 520]
Event: 0.251 Thread 0x0000014e7206cf50 Exception <a 'java/io/FileNotFoundException'{0x0000000092017ec0}> (0x0000000092017ec0) 
thrown [s\open\src\hotspot\share\prims\jni.cpp, line 520]
Event: 0.506 Thread 0x0000014e7206cf50 Exception <a 'java/lang/NoSuchMethodError'{0x00000000920b2ca8}: 'void java.lang.invoke.DirectMethodHandle$Holder.invokeSpecial(java.lang.Object, java.lang.Object, java.lang.Object)'> (0x00000000920b2ca8) 
thrown [s\open\src\hotspot\share\interpreter\linkResolver.cpp, line 796]
Event: 0.531 Thread 0x0000014e7206cf50 Exception <a 'java/lang/NoSuchMethodError'{0x0000000091f87748}: 'java.lang.Object java.lang.invoke.DirectMethodHandle$Holder.invokeStatic(java.lang.Object, int, java.lang.Object)'> (0x0000000091f87748) 
thrown [s\open\src\hotspot\share\interpreter\linkResolver.cpp, line 796]
Event: 0.569 Thread 0x0000014e7206cf50 Exception <a 'java/lang/ClassNotFoundException'{0x0000000091e2e7d0}: com/sun/swing/internal/plaf/metal/resources/spi/metalProvider> (0x0000000091e2e7d0) 
thrown [s\open\src\hotspot\share\classfile\systemDictionary.cpp, line 313]
Event: 0.570 Thread 0x0000014e7206cf50 Exception <a 'java/lang/ClassNotFoundException'{0x0000000091e32740}: com/sun/swing/internal/plaf/basic/resources/spi/basicProvider> (0x0000000091e32740) 
thrown [s\open\src\hotspot\share\classfile\systemDictionary.cpp, line 313]
Event: 0.594 Thread 0x0000014e7206cf50 Exception <a 'java/lang/NoSuchMethodError'{0x0000000091e52058}: 'int java.lang.invoke.Invokers$Holder.invokeExact_MT(java.lang.Object, java.lang.Object)'> (0x0000000091e52058) 
thrown [s\open\src\hotspot\share\interpreter\linkResolver.cpp, line 796]
Event: 0.700 Thread 0x0000014e571b7360 Exception <a 'java/lang/NoSuchMethodError'{0x0000000091c23e18}: 'java.lang.Object java.lang.invoke.DirectMethodHandle$Holder.newInvokeSpecial(java.lang.Object, java.lang.Object, java.lang.Object, int, int, int, int, int)'> (0x0000000091c23e18) 
thrown [s\open\src\hotspot\share\interpreter\linkResolver.cpp, line 796]
Event: 0.814 Thread 0x0000014e11645fe0 Exception <a 'java/lang/NoSuchMethodError'{0x0000000091f0f118}: 'void java.lang.invoke.DirectMethodHandle$Holder.invokeVirtual(java.lang.Object, java.lang.Object)'> (0x0000000091f0f118) 
thrown [s\open\src\hotspot\share\interpreter\linkResolver.cpp, line 796]
Event: 0.838 Thread 0x0000014e7206cf50 Exception <a 'java/lang/NoSuchMethodError'{0x0000000091b7ffe8}: 'void java.lang.invoke.DirectMethodHandle$Holder.invokeStaticInit(java.lang.Object)'> (0x0000000091b7ffe8) 
thrown [s\open\src\hotspot\share\interpreter\linkResolver.cpp, line 796]
Event: 5.924 Thread 0x0000014e574527d0 Exception <a 'java/lang/NoSuchMethodError'{0x0000000091945ee0}: 'void java.lang.invoke.DirectMethodHandle$Holder.invokeStatic(java.lang.Object, java.lang.Object)'> (0x0000000091945ee0) 
thrown [s\open\src\hotspot\share\interpreter\linkResolver.cpp, line 796]
Event: 5.967 Thread 0x0000014e574527d0 Exception <a 'java/lang/NoSuchMethodError'{0x000000009185dd00}: 'java.lang.Object java.lang.invoke.DirectMethodHandle$Holder.invokeInterface(java.lang.Object, java.lang.Object)'> (0x000000009185dd00) 
thrown [s\open\src\hotspot\share\interpreter\linkResolver.cpp, line 796]
Event: 6.004 Thread 0x0000014e574527d0 Exception <a 'java/lang/NoSuchMethodError'{0x00000000918dcc50}: 'java.lang.Object java.lang.invoke.DirectMethodHandle$Holder.invokeVirtual(java.lang.Object, java.lang.Object, java.lang.Object)'> (0x00000000918dcc50) 
thrown [s\open\src\hotspot\share\interpreter\linkResolver.cpp, line 796]
Event: 6.239 Thread 0x0000014e574527d0 Exception <a 'java/lang/NoSuchMethodError'{0x00000000913b0b58}: 'void java.lang.invoke.DirectMethodHandle$Holder.invokeStaticInit(java.lang.Object, java.lang.Object)'> (0x00000000913b0b58) 
thrown [s\open\src\hotspot\share\interpreter\linkResolver.cpp, line 796]
Event: 6.335 Thread 0x0000014e574527d0 Exception <a 'sun/nio/fs/WindowsException'{0x00000000912dd160}> (0x00000000912dd160) 
thrown [s\open\src\hotspot\share\prims\jni.cpp, line 520]
Event: 6.395 Thread 0x0000014e574527d0 Exception <a 'java/lang/NoSuchMethodError'{0x0000000091184520}: 'java.lang.Object java.lang.invoke.DirectMethodHandle$Holder.invokeStaticInit(java.lang.Object, int, int, int, int)'> (0x0000000091184520) 
thrown [s\open\src\hotspot\share\interpreter\linkResolver.cpp, line 796]
Event: 6.441 Thread 0x0000014e574527d0 Exception <a 'java/lang/NoSuchMethodError'{0x000000009104e760}: 'java.lang.Object java.lang.invoke.DirectMethodHandle$Holder.invokeStaticInit(java.lang.Object, java.lang.Object, int, int, int, int)'> (0x000000009104e760) 
thrown [s\open\src\hotspot\share\interpreter\linkResolver.cpp, line 796]
Event: 29.654 Thread 0x0000014e574527d0 Exception <a 'java/io/FileNotFoundException'{0x000000009236c540}> (0x000000009236c540) 
thrown [s\open\src\hotspot\share\prims\jni.cpp, line 520]
Event: 29.667 Thread 0x0000014e574527d0 Exception <a 'java/io/FileNotFoundException'{0x00000000922ee8f8}> (0x00000000922ee8f8) 
thrown [s\open\src\hotspot\share\prims\jni.cpp, line 520]

VM Operations (20 events):
Event: 0.724 Executing VM operation: HandshakeAllThreads (Deoptimize)
Event: 0.724 Executing VM operation: HandshakeAllThreads (Deoptimize) done
Event: 0.782 Executing VM operation: HandshakeAllThreads (Deoptimize)
Event: 0.782 Executing VM operation: HandshakeAllThreads (Deoptimize) done
Event: 5.941 Executing VM operation: HandshakeAllThreads (Deoptimize)
Event: 5.941 Executing VM operation: HandshakeAllThreads (Deoptimize) done
Event: 6.252 Executing VM operation: HandshakeAllThreads (Deoptimize)
Event: 6.252 Executing VM operation: HandshakeAllThreads (Deoptimize) done
Event: 6.313 Executing VM operation: HandshakeAllThreads (Deoptimize)
Event: 6.313 Executing VM operation: HandshakeAllThreads (Deoptimize) done
Event: 29.469 Executing VM operation: HandshakeAllThreads (Deoptimize)
Event: 29.469 Executing VM operation: HandshakeAllThreads (Deoptimize) done
Event: 29.502 Executing VM operation: G1CollectForAllocation (G1 Evacuation Pause)
Event: 29.513 Executing VM operation: G1CollectForAllocation (G1 Evacuation Pause) done
Event: 29.654 Executing VM operation: HandshakeAllThreads (Deoptimize)
Event: 29.654 Executing VM operation: HandshakeAllThreads (Deoptimize) done
Event: 60.248 Executing VM operation: HandshakeAllThreads (HandshakeForDeflation)
Event: 60.248 Executing VM operation: HandshakeAllThreads (HandshakeForDeflation) done
Event: 60.248 Executing VM operation: RendezvousGCThreads
Event: 60.248 Executing VM operation: RendezvousGCThreads done

Memory protections (0 events):
No events

Nmethod flushes (0 events):
No events

Events (20 events):
Event: 0.961 Thread 0x0000014e7206cf50 Thread added: 0x0000014e7206cf50
Event: 0.968 Thread 0x0000014e574527d0 Thread added: 0x0000014e1140f500
Event: 1.122 Thread 0x0000014e574527d0 Thread added: 0x0000014e575631b0
Event: 1.633 Thread 0x0000014e571e3840 Thread exited: 0x0000014e571e3840
Event: 5.765 Thread 0x0000014e571b7360 Thread exited: 0x0000014e571b7360
Event: 5.926 Thread 0x0000014e574527d0 Thread added: 0x0000014e571b7360
Event: 5.989 Thread 0x0000014e112ec7a0 Thread added: 0x0000014e5724d1b0
Event: 6.569 Thread 0x0000014e112e6160 Thread added: 0x0000014e5d0fdd10
Event: 7.129 Thread 0x0000014e5d0fdd10 Thread exited: 0x0000014e5d0fdd10
Event: 7.135 Thread 0x0000014e5724d1b0 Thread exited: 0x0000014e5724d1b0
Event: 19.463 Thread 0x0000014e112ec7a0 Thread added: 0x0000014e5d116a50
Event: 24.505 Thread 0x0000014e5d116a50 Thread exited: 0x0000014e5d116a50
Event: 29.431 Thread 0x0000014e574527d0 Thread added: 0x0000014e5d2054b0
Event: 29.487 Thread 0x0000014e574527d0 Thread added: 0x0000014e5d205b40
Event: 29.661 Thread 0x0000014e112ec7a0 Thread added: 0x0000014e57442b40
Event: 29.900 Thread 0x0000014e112ec7a0 Thread added: 0x0000014e5d8f3f80
Event: 30.447 Thread 0x0000014e5d8f3f80 Thread exited: 0x0000014e5d8f3f80
Event: 30.454 Thread 0x0000014e57442b40 Thread exited: 0x0000014e57442b40
Event: 34.489 Thread 0x0000014e5d205b40 Thread exited: 0x0000014e5d205b40
Event: 34.505 Thread 0x0000014e5d2054b0 Thread exited: 0x0000014e5d2054b0


Dynamic libraries:
0x00007ff6ba180000 - 0x00007ff6ba190000 	C:\Program Files\Java\jdk-23\bin\java.exe
0x00007ff83f2e0000 - 0x00007ff83f546000 	C:\WINDOWS\SYSTEM32\ntdll.dll
0x00007ff83e730000 - 0x00007ff83e7f9000 	C:\WINDOWS\System32\KERNEL32.DLL
0x00007ff83c880000 - 0x00007ff83cc4c000 	C:\WINDOWS\System32\KERNELBASE.dll
0x00007ff83c730000 - 0x00007ff83c87b000 	C:\WINDOWS\System32\ucrtbase.dll
0x00007ff822410000 - 0x00007ff82242b000 	C:\Program Files\Java\jdk-23\bin\VCRUNTIME140.dll
0x00007ff834d80000 - 0x00007ff834d97000 	C:\Program Files\Java\jdk-23\bin\jli.dll
0x00007ff83de30000 - 0x00007ff83dffa000 	C:\WINDOWS\System32\USER32.dll
0x00007ff822d60000 - 0x00007ff822ffa000 	C:\WINDOWS\WinSxS\amd64_microsoft.windows.common-controls_6595b64144ccf1df_6.0.26100.3912_none_3e07963ce335137e\COMCTL32.dll
0x00007ff83cf20000 - 0x00007ff83cf47000 	C:\WINDOWS\System32\win32u.dll
0x00007ff83d500000 - 0x00007ff83d5a9000 	C:\WINDOWS\System32\msvcrt.dll
0x00007ff83eba0000 - 0x00007ff83ebcb000 	C:\WINDOWS\System32\GDI32.dll
0x00007ff83c470000 - 0x00007ff83c5a2000 	C:\WINDOWS\System32\gdi32full.dll
0x00007ff83cf50000 - 0x00007ff83cff3000 	C:\WINDOWS\System32\msvcp_win.dll
0x00007ff83d120000 - 0x00007ff83d150000 	C:\WINDOWS\System32\IMM32.DLL
0x00007ff8255e0000 - 0x00007ff8255ec000 	C:\Program Files\Java\jdk-23\bin\vcruntime140_1.dll
0x00007ff80d290000 - 0x00007ff80d31e000 	C:\Program Files\Java\jdk-23\bin\msvcp140.dll
0x00007fffddf60000 - 0x00007fffdecb0000 	C:\Program Files\Java\jdk-23\bin\server\jvm.dll
0x00007ff83ec90000 - 0x00007ff83ed42000 	C:\WINDOWS\System32\ADVAPI32.dll
0x00007ff83ebe0000 - 0x00007ff83ec86000 	C:\WINDOWS\System32\sechost.dll
0x00007ff83e870000 - 0x00007ff83e986000 	C:\WINDOWS\System32\RPCRT4.dll
0x00007ff83d0a0000 - 0x00007ff83d114000 	C:\WINDOWS\System32\WS2_32.dll
0x00007ff83c2c0000 - 0x00007ff83c31e000 	C:\WINDOWS\SYSTEM32\POWRPROF.dll
0x00007ff833ec0000 - 0x00007ff833ef6000 	C:\WINDOWS\SYSTEM32\WINMM.dll
0x00007ff835210000 - 0x00007ff83521b000 	C:\WINDOWS\SYSTEM32\VERSION.dll
0x00007ff83c2a0000 - 0x00007ff83c2b4000 	C:\WINDOWS\SYSTEM32\UMPDC.dll
0x00007ff83b230000 - 0x00007ff83b24a000 	C:\WINDOWS\SYSTEM32\kernel.appcore.dll
0x00007ff822860000 - 0x00007ff82286a000 	C:\Program Files\Java\jdk-23\bin\jimage.dll
0x00007ff833970000 - 0x00007ff833bb1000 	C:\WINDOWS\SYSTEM32\DBGHELP.DLL
0x00007ff83daa0000 - 0x00007ff83de24000 	C:\WINDOWS\System32\combase.dll
0x00007ff83d410000 - 0x00007ff83d4f0000 	C:\WINDOWS\System32\OLEAUT32.dll
0x00007ff81d650000 - 0x00007ff81d689000 	C:\WINDOWS\SYSTEM32\dbgcore.DLL
0x00007ff83d000000 - 0x00007ff83d099000 	C:\WINDOWS\System32\bcryptPrimitives.dll
0x00007ff821b60000 - 0x00007ff821b7e000 	C:\Program Files\Java\jdk-23\bin\java.dll
0x00007ff83d160000 - 0x00007ff83d2ff000 	C:\WINDOWS\System32\ole32.dll
0x00007ff83e000000 - 0x00007ff83e72d000 	C:\WINDOWS\System32\SHELL32.dll
0x00007ff83c5b0000 - 0x00007ff83c724000 	C:\WINDOWS\System32\wintypes.dll
0x00007ff83a0d0000 - 0x00007ff83a926000 	C:\WINDOWS\SYSTEM32\windows.storage.dll
0x00007ff83ea60000 - 0x00007ff83eb4f000 	C:\WINDOWS\System32\SHCORE.dll
0x00007ff83e800000 - 0x00007ff83e869000 	C:\WINDOWS\System32\shlwapi.dll
0x00007ff83c380000 - 0x00007ff83c3af000 	C:\WINDOWS\SYSTEM32\profapi.dll
0x00007ff813930000 - 0x00007ff813a07000 	C:\Program Files\Java\jdk-23\bin\jsvml.dll
0x00007ff8225e0000 - 0x00007ff8225f0000 	C:\Program Files\Java\jdk-23\bin\net.dll
0x00007ff83b7a0000 - 0x00007ff83b80a000 	C:\WINDOWS\system32\mswsock.dll
0x00007ff821590000 - 0x00007ff8215a6000 	C:\Program Files\Java\jdk-23\bin\nio.dll
0x00007ff8213d0000 - 0x00007ff8213e7000 	C:\Program Files\Java\jdk-23\bin\zip.dll
0x00007ffffce90000 - 0x00007ffffd01e000 	C:\Program Files\Java\jdk-23\bin\awt.dll
0x00007ff8394c0000 - 0x00007ff83955e000 	C:\WINDOWS\SYSTEM32\apphelp.dll
0x00007ff839a20000 - 0x00007ff839a56000 	C:\WINDOWS\system32\DWMAPI.DLL
0x00007ff839690000 - 0x00007ff83973f000 	C:\WINDOWS\system32\uxtheme.dll
0x00007ff81e5e0000 - 0x00007ff81e6ec000 	C:\WINDOWS\system32\opengl32.dll
0x00007ff81e530000 - 0x00007ff81e55d000 	C:\WINDOWS\SYSTEM32\GLU32.dll
0x00007ff8397e0000 - 0x00007ff839827000 	C:\WINDOWS\SYSTEM32\dxcore.dll
0x00007ff83d830000 - 0x00007ff83d98f000 	C:\WINDOWS\System32\MSCTF.dll
0x00007ff81e340000 - 0x00007ff81e4f5000 	C:\WINDOWS\system32\d3d9.dll
0x00007ff834620000 - 0x00007ff8347db000 	C:\Windows\System32\DriverStore\FileRepository\u0390930.inf_amd64_f16364617e1e9dd4\B386329\aticfx64.dll
0x00007ff8270c0000 - 0x00007ff8270f4000 	C:\Windows\System32\DriverStore\FileRepository\u0390930.inf_amd64_f16364617e1e9dd4\B386329\atiu9p64.dll
0x00007fffdcbc0000 - 0x00007fffdd915000 	C:\Windows\System32\DriverStore\FileRepository\u0390930.inf_amd64_f16364617e1e9dd4\B386329\atiumd64.dll
0x0000000074970000 - 0x0000000075897000 	C:\WINDOWS\System32\DriverStore\FileRepository\u0390930.inf_amd64_f16364617e1e9dd4\B386329\atiumd6a.dll
0x00007ff83ee10000 - 0x00007ff83f296000 	C:\WINDOWS\System32\SETUPAPI.dll
0x00007ff833820000 - 0x00007ff833855000 	C:\WINDOWS\SYSTEM32\amdihk64.dll
0x00007ff839850000 - 0x00007ff8398b0000 	C:\WINDOWS\SYSTEM32\directxdatabasehelper.dll
0x00007ff80b860000 - 0x00007ff80b8e7000 	C:\Program Files\Java\jdk-23\bin\freetype.dll
0x00007ff80b350000 - 0x00007ff80b427000 	C:\Program Files\Java\jdk-23\bin\fontmanager.dll
0x00007ff83e9b0000 - 0x00007ff83ea58000 	C:\WINDOWS\System32\clbcatq.dll
0x00007ff837cc0000 - 0x00007ff837efa000 	C:\WINDOWS\SYSTEM32\WindowsCodecs.dll
0x00007ff806970000 - 0x00007ff8069ca000 	C:\WINDOWS\system32\dataexchange.dll
0x00007ff835f50000 - 0x00007ff83618c000 	C:\WINDOWS\system32\twinapi.appcore.dll
0x00007ff823f90000 - 0x00007ff8240dd000 	C:\WINDOWS\SYSTEM32\textinputframework.dll
0x00007ff8390d0000 - 0x00007ff8391f6000 	C:\WINDOWS\SYSTEM32\CoreMessaging.dll
0x00007ff8354c0000 - 0x00007ff8357a3000 	C:\WINDOWS\SYSTEM32\CoreUIComponents.dll
0x00007ff83ba40000 - 0x00007ff83ba4c000 	C:\WINDOWS\SYSTEM32\CRYPTBASE.DLL
0x00007ff83ac60000 - 0x00007ff83ad87000 	C:\WINDOWS\SYSTEM32\DNSAPI.dll
0x00007ff83ac20000 - 0x00007ff83ac53000 	C:\WINDOWS\SYSTEM32\IPHLPAPI.DLL
0x00007ff83d5b0000 - 0x00007ff83d5ba000 	C:\WINDOWS\System32\NSI.dll
0x00007ff8213a0000 - 0x00007ff8213ab000 	C:\Windows\System32\rasadhlp.dll
0x00007ff833610000 - 0x00007ff833696000 	C:\WINDOWS\System32\fwpuclnt.dll
0x00007ff821580000 - 0x00007ff821589000 	C:\Program Files\Java\jdk-23\bin\extnet.dll
0x00007ff83ba50000 - 0x00007ff83ba6c000 	C:\WINDOWS\SYSTEM32\CRYPTSP.dll
0x00007ff83b190000 - 0x00007ff83b1ca000 	C:\WINDOWS\system32\rsaenh.dll
0x00007ff83b840000 - 0x00007ff83b86b000 	C:\WINDOWS\SYSTEM32\USERENV.dll
0x00007ff83c350000 - 0x00007ff83c376000 	C:\WINDOWS\SYSTEM32\bcrypt.dll
0x00007ff827110000 - 0x00007ff82711e000 	C:\Program Files\Java\jdk-23\bin\sunmscapi.dll
0x00007ff83cce0000 - 0x00007ff83ce57000 	C:\WINDOWS\System32\CRYPT32.dll
0x00007ff83bc50000 - 0x00007ff83bc80000 	C:\WINDOWS\SYSTEM32\ncrypt.dll
0x00007ff83bc00000 - 0x00007ff83bc3f000 	C:\WINDOWS\SYSTEM32\NTASN1.dll

dbghelp: loaded successfully - version: 4.0.5 - missing functions: none
symbol engine: initialized successfully - sym options: 0x614 - pdb path: .;C:\Program Files\Java\jdk-23\bin;C:\WINDOWS\SYSTEM32;C:\WINDOWS\WinSxS\amd64_microsoft.windows.common-controls_6595b64144ccf1df_6.0.26100.3912_none_3e07963ce335137e;C:\Program Files\Java\jdk-23\bin\server;C:\Windows\System32\DriverStore\FileRepository\u0390930.inf_amd64_f16364617e1e9dd4\B386329

VM Arguments:
jvm_args: -Dfile.encoding=UTF-8 --module-path=C:\Users\Alok\OneDrive\Desktop\PROJECT\Travell Booking System\Travel Management System\build\classes 
java_command: travel.management.system.ForgetPassword
java_class_path (initial): C:\Users\Alok\OneDrive\Desktop\PROJECT;C:\Users\Alok\OneDrive\Desktop\PROJECT\Travell Booking System\mysql-connector-java-8.0.28.jar;C:\Users\Alok\OneDrive\Desktop\PROJECT\Travell Booking System\Travel Management System\build\classes
Launcher Type: SUN_STANDARD

[Global flags]
     intx CICompilerCount                          = 4                                         {product} {ergonomic}
     uint ConcGCThreads                            = 3                                         {product} {ergonomic}
     uint G1ConcRefinementThreads                  = 10                                        {product} {ergonomic}
   size_t G1HeapRegionSize                         = 1048576                                   {product} {ergonomic}
   size_t InitialHeapSize                          = 123731968                                 {product} {ergonomic}
   size_t MarkStackSize                            = 4194304                                   {product} {ergonomic}
   size_t MarkStackSizeMax                         = 536870912                                 {product} {ergonomic}
   size_t MaxHeapSize                              = 1965031424                                {product} {ergonomic}
   size_t MaxNewSize                               = 1178599424                                {product} {ergonomic}
   size_t MinHeapDeltaBytes                        = 1048576                                   {product} {ergonomic}
   size_t MinHeapSize                              = 8388608                                   {product} {ergonomic}
    uintx NonNMethodCodeHeapSize                   = 5832704                                {pd product} {ergonomic}
    uintx NonProfiledCodeHeapSize                  = 122945536                              {pd product} {ergonomic}
    uintx ProfiledCodeHeapSize                     = 122880000                              {pd product} {ergonomic}
    uintx ReservedCodeCacheSize                    = 251658240                              {pd product} {ergonomic}
     bool SegmentedCodeCache                       = true                                      {product} {ergonomic}
   size_t SoftMaxHeapSize                          = 1965031424                             {manageable} {ergonomic}
     bool UseCompressedOops                        = true                           {product lp64_product} {ergonomic}
     bool UseG1GC                                  = true                                      {product} {ergonomic}
     bool UseLargePagesIndividualAllocation        = false                                  {pd product} {ergonomic}

Logging:
Log output configuration:
 #0: stdout all=warning uptime,level,tags foldmultilines=false
 #1: stderr all=off uptime,level,tags foldmultilines=false

Environment Variables:
PATH=C:\Program Files\Common Files\Oracle\Java\javapath;C:\WINDOWS\system32;C:\WINDOWS;C:\WINDOWS\System32\Wbem;C:\WINDOWS\System32\WindowsPowerShell\v1.0\;C:\WINDOWS\System32\OpenSSH\;C:\Users\Alok\bin;C:\Program Files\Java\jdk-18.0.2.1\bin;C:\Program Files\MySQL\MySQL Server 8.0\bin;C:\MinGW\bin;C:\Program Files\PowerShell\7\;C:\Program Files\Java\jdk-23\bin;C:\Users\Alok\AppData\Local\Microsoft\WindowsApps;;C:\Program Files\JetBrains\IntelliJ IDEA Community Edition 2025.1\bin;;C:\Users\Alok\AppData\Local\Programs\Microsoft VS Code\bin;C:\Program Files\JetBrains\IntelliJ IDEA 2024.3.4\bin;
USERNAME=Alok
OS=Windows_NT
PROCESSOR_IDENTIFIER=AMD64 Family 23 Model 104 Stepping 1, AuthenticAMD
TMP=C:\Users\Alok\AppData\Local\Temp
TEMP=C:\Users\Alok\AppData\Local\Temp




Periodic native trim disabled

---------------  S Y S T E M  ---------------

OS:
 Windows 11 , 64 bit Build 26100 (10.0.26100.3912)
OS uptime: 0 days 20:02 hours
Hyper-V role detected

CPU: total 12 (initial active 12) (12 cores per cpu, 2 threads per core) family 23 model 104 stepping 1 microcode 0x8608104, cx8, cmov, fxsr, ht, mmx, 3dnowpref, sse, sse2, sse3, ssse3, sse4a, sse4.1, sse4.2, popcnt, lzcnt, tsc, tscinvbit, avx, avx2, aes, clmul, bmi1, bmi2, adx, sha, fma, vzeroupper, clflush, clflushopt, hv, rdtscp, rdpid, f16c
Processor Information for processor 0
  Max Mhz: 2100, Current Mhz: 2100, Mhz Limit: 2100
Processor Information for processor 1
  Max Mhz: 2100, Current Mhz: 2100, Mhz Limit: 2100
Processor Information for processor 2
  Max Mhz: 2100, Current Mhz: 1813, Mhz Limit: 2100
Processor Information for processor 3
  Max Mhz: 2100, Current Mhz: 1813, Mhz Limit: 2100
Processor Information for processor 4
  Max Mhz: 2100, Current Mhz: 1813, Mhz Limit: 2100
Processor Information for processor 5
  Max Mhz: 2100, Current Mhz: 1813, Mhz Limit: 2100
Processor Information for processor 6
  Max Mhz: 2100, Current Mhz: 1813, Mhz Limit: 2100
Processor Information for processor 7
  Max Mhz: 2100, Current Mhz: 1813, Mhz Limit: 2100
Processor Information for processor 8
  Max Mhz: 2100, Current Mhz: 1813, Mhz Limit: 2100
Processor Information for processor 9
  Max Mhz: 2100, Current Mhz: 1813, Mhz Limit: 2100
Processor Information for processor 10
  Max Mhz: 2100, Current Mhz: 1813, Mhz Limit: 2100
Processor Information for processor 11
  Max Mhz: 2100, Current Mhz: 1813, Mhz Limit: 2100

Memory: 4k page, system-wide physical 7488M (923M free)
TotalPageFile size 30016M (AvailPageFile size 0M)
current process WorkingSet (physical memory assigned to process): 24M, peak: 160M
current process commit charge ("private bytes"): 279M, peak: 301M

vm_info: Java HotSpot(TM) 64-Bit Server VM (23.0.2+7-58) for windows-amd64 JRE (23.0.2+7-58), built on 2024-11-29T09:34:55Z with MS VC++ 17.6 (VS2022)

END.
