#
# There is insufficient memory for the Java Runtime Environment to continue.
# Native memory allocation (mmap) failed to map 123731968 bytes. Error detail: G1 virtual space
# Possible reasons:
#   The system is out of physical RAM or swap space
#   This process is running with CompressedOops enabled, and the Java Heap may be blocking the growth of the native heap
# Possible solutions:
#   Reduce memory load on the system
#   Increase physical memory or swap space
#   Check if swap backing store is full
#   Decrease Java heap size (-Xmx/-Xms)
#   Decrease number of Java threads
#   Decrease Java thread stack sizes (-Xss)
#   Set larger code cache with -XX:ReservedCodeCacheSize=
#   JVM is running with Unscaled Compressed Oops mode in which the Java heap is
#     placed in the first 4GB address space. The Java Heap base address is the
#     maximum limit for the native heap growth. Please use -XX:HeapBaseMinAddress
#     to set the Java Heap base and to place the Java Heap above 4GB virtual address.
# This output file may be truncated or incomplete.
#
#  Out of Memory Error (os_windows.cpp:3707), pid=27416, tid=25132
#
# JRE version:  (23.0.2+7) (build )
# Java VM: Java HotSpot(TM) 64-Bit Server VM (23.0.2+7-58, mixed mode, sharing, tiered, compressed oops, compressed class ptrs, g1 gc, windows-amd64)
# No core dump will be written. Minidumps are not enabled by default on client versions of Windows
#

---------------  S U M M A R Y ------------

Command Line: -Dfile.encoding=UTF-8 --module-path=C:\Users\Alok\OneDrive\Desktop\PROJECT\Travell Booking System\Travel Management System\build\classes travel.management.system.AddCustomer

Host: AMD Ryzen 5 5500U with Radeon Graphics         , 12 cores, 7G,  Windows 11 , 64 bit Build 26100 (10.0.26100.3912)
Time: Sat May 17 18:54:33 2025 India Standard Time elapsed time: 1.103017 seconds (0d 0h 0m 1s)

---------------  T H R E A D  ---------------

Current thread (0x000002bc0e78f180):  JavaThread "Unknown thread" [_thread_in_vm, id=25132, stack(0x000000d0dc700000,0x000000d0dc800000) (1024K)]

Stack: [0x000000d0dc700000,0x000000d0dc800000]
Native frames: (J=compiled Java code, j=interpreted, Vv=VM code, C=native code)
V  [jvm.dll+0x6e0b99]  (no source info available)
V  [jvm.dll+0x87e2b3]  (no source info available)
V  [jvm.dll+0x88073e]  (no source info available)
V  [jvm.dll+0x880e13]  (no source info available)
V  [jvm.dll+0x27b006]  (no source info available)
V  [jvm.dll+0x6dd485]  (no source info available)
V  [jvm.dll+0x6d127a]  (no source info available)
V  [jvm.dll+0x35b50a]  (no source info available)
V  [jvm.dll+0x363916]  (no source info available)
V  [jvm.dll+0x34fe7e]  (no source info available)
V  [jvm.dll+0x350118]  (no source info available)
V  [jvm.dll+0x328aec]  (no source info available)
V  [jvm.dll+0x32978e]  (no source info available)
V  [jvm.dll+0x8449a5]  (no source info available)
V  [jvm.dll+0x3b9a08]  (no source info available)
V  [jvm.dll+0x82d68c]  (no source info available)
V  [jvm.dll+0x454f2e]  (no source info available)
V  [jvm.dll+0x456db1]  (no source info available)
C  [jli.dll+0x52a3]  (no source info available)
C  [ucrtbase.dll+0x37b0]  (no source info available)
C  [KERNEL32.DLL+0x2e8d7]  (no source info available)
C  [ntdll.dll+0x9c5dc]  (no source info available)

Lock stack of current Java thread (top to bottom):


---------------  P R O C E S S  ---------------

Threads class SMR info:
_java_thread_list=0x00007ffe43934618, length=0, elements={
}

Java Threads: ( => current thread )
Total: 0

Other Threads:
  0x000002bc10bc9c80 WorkerThread "GC Thread#0"                     [id=29124, stack(0x000000d0dc800000,0x000000d0dc900000) (1024K)]
  0x000002bc10bdd1a0 ConcurrentGCThread "G1 Main Marker"            [id=7228, stack(0x000000d0dc900000,0x000000d0dca00000) (1024K)]
  0x000002bc10bddcb0 WorkerThread "G1 Conc#0"                       [id=29024, stack(0x000000d0dca00000,0x000000d0dcb00000) (1024K)]

[error occurred during error reporting (printing all threads), id 0xc0000005, EXCEPTION_ACCESS_VIOLATION (0xc0000005) at pc=0x00007ffe4307c0da]
VM state: not at safepoint (not fully initialized)

VM Mutex/Monitor currently owned by a thread:  ([mutex/lock_event])
[0x00007ffe439b4988] Heap_lock - owner thread: 0x000002bc0e78f180

Heap address: 0x000000008ae00000, size: 1874 MB, Compressed Oops mode: 32-bit

CDS archive(s) mapped at: [0x0000000000000000-0x0000000000000000-0x0000000000000000), size 0, SharedBaseAddress: 0x0000000800000000, ArchiveRelocationMode: 1.
Narrow klass base: 0x0000000000000000, Narrow klass shift: 0, Narrow klass range: 0x0

GC Precious Log:
 CardTable entry size: 512
 Card Set container configuration: InlinePtr #cards 5 size 8 Array Of Cards #cards 10 size 36 Howl #buckets 4 coarsen threshold 1843 Howl Bitmap #cards 512 size 80 coarsen threshold 460 Card regions per heap region 1 cards per card region 2048

Heap:
 garbage-first heap   total reserved 1918976K, committed 0K, used 0K [0x000000008ae00000, 0x0000000100000000)
  region size 1024K, 0 young (0K), 0 survivors (0K)

[error occurred during error reporting (printing heap information), id 0xc0000005, EXCEPTION_ACCESS_VIOLATION (0xc0000005) at pc=0x00007ffe4347c6a9]
GC Heap History (0 events):
No events

Dll operation events (1 events):
Event: 0.023 Loaded shared library C:\Program Files\Java\jdk-23\bin\java.dll

Deoptimization events (0 events):
No events

Classes loaded (0 events):
No events

Classes unloaded (0 events):
No events

Classes redefined (0 events):
No events

Internal exceptions (0 events):
No events

VM Operations (0 events):
No events

Memory protections (0 events):
No events

Nmethod flushes (0 events):
No events

Events (0 events):
No events


Dynamic libraries:
0x00007ff64d8a0000 - 0x00007ff64d8b0000 	C:\Program Files\Java\jdk-23\bin\java.exe
0x00007ffe972a0000 - 0x00007ffe97506000 	C:\WINDOWS\SYSTEM32\ntdll.dll
0x00007ffe95de0000 - 0x00007ffe95ea9000 	C:\WINDOWS\System32\KERNEL32.DLL
0x00007ffe94c90000 - 0x00007ffe9505c000 	C:\WINDOWS\System32\KERNELBASE.dll
0x00007ffe947d0000 - 0x00007ffe9491b000 	C:\WINDOWS\System32\ucrtbase.dll
0x00007ffe90180000 - 0x00007ffe9019b000 	C:\Program Files\Java\jdk-23\bin\VCRUNTIME140.dll
0x00007ffe7a060000 - 0x00007ffe7a077000 	C:\Program Files\Java\jdk-23\bin\jli.dll
0x00007ffe95180000 - 0x00007ffe9534a000 	C:\WINDOWS\System32\USER32.dll
0x00007ffe7acb0000 - 0x00007ffe7af4a000 	C:\WINDOWS\WinSxS\amd64_microsoft.windows.common-controls_6595b64144ccf1df_6.0.26100.3912_none_3e07963ce335137e\COMCTL32.dll
0x00007ffe94430000 - 0x00007ffe94457000 	C:\WINDOWS\System32\win32u.dll
0x00007ffe96650000 - 0x00007ffe966f9000 	C:\WINDOWS\System32\msvcrt.dll
0x00007ffe950e0000 - 0x00007ffe9510b000 	C:\WINDOWS\System32\GDI32.dll
0x00007ffe94aa0000 - 0x00007ffe94bd2000 	C:\WINDOWS\System32\gdi32full.dll
0x00007ffe94be0000 - 0x00007ffe94c83000 	C:\WINDOWS\System32\msvcp_win.dll
0x00007ffe96580000 - 0x00007ffe965b0000 	C:\WINDOWS\System32\IMM32.DLL
0x00007ffe8f6b0000 - 0x00007ffe8f6bc000 	C:\Program Files\Java\jdk-23\bin\vcruntime140_1.dll
0x00007ffe8c4a0000 - 0x00007ffe8c52e000 	C:\Program Files\Java\jdk-23\bin\msvcp140.dll
0x00007ffe42d40000 - 0x00007ffe43a90000 	C:\Program Files\Java\jdk-23\bin\server\jvm.dll
0x00007ffe95350000 - 0x00007ffe95402000 	C:\WINDOWS\System32\ADVAPI32.dll
0x00007ffe96340000 - 0x00007ffe963e6000 	C:\WINDOWS\System32\sechost.dll
0x00007ffe95800000 - 0x00007ffe95916000 	C:\WINDOWS\System32\RPCRT4.dll
0x00007ffe95060000 - 0x00007ffe950d4000 	C:\WINDOWS\System32\WS2_32.dll
0x00007ffe94280000 - 0x00007ffe942de000 	C:\WINDOWS\SYSTEM32\POWRPROF.dll
0x00007ffe8b920000 - 0x00007ffe8b956000 	C:\WINDOWS\SYSTEM32\WINMM.dll
0x00007ffe8d960000 - 0x00007ffe8d96b000 	C:\WINDOWS\SYSTEM32\VERSION.dll
0x00007ffe94260000 - 0x00007ffe94274000 	C:\WINDOWS\SYSTEM32\UMPDC.dll
0x00007ffe93190000 - 0x00007ffe931aa000 	C:\WINDOWS\SYSTEM32\kernel.appcore.dll
0x00007ffe8f6a0000 - 0x00007ffe8f6aa000 	C:\Program Files\Java\jdk-23\bin\jimage.dll
0x00007ffe8bfd0000 - 0x00007ffe8c211000 	C:\WINDOWS\SYSTEM32\DBGHELP.DLL
0x00007ffe95470000 - 0x00007ffe957f4000 	C:\WINDOWS\System32\combase.dll
0x00007ffe96f60000 - 0x00007ffe97040000 	C:\WINDOWS\System32\OLEAUT32.dll
0x00007ffe771e0000 - 0x00007ffe77219000 	C:\WINDOWS\SYSTEM32\dbgcore.DLL
0x00007ffe94730000 - 0x00007ffe947c9000 	C:\WINDOWS\System32\bcryptPrimitives.dll
0x00007ffe8d050000 - 0x00007ffe8d06e000 	C:\Program Files\Java\jdk-23\bin\java.dll
0x00007ffe95920000 - 0x00007ffe95abf000 	C:\WINDOWS\System32\ole32.dll
0x00007ffe96700000 - 0x00007ffe96e2d000 	C:\WINDOWS\System32\SHELL32.dll
0x00007ffe94920000 - 0x00007ffe94a94000 	C:\WINDOWS\System32\wintypes.dll

dbghelp: loaded successfully - version: 4.0.5 - missing functions: none
symbol engine: initialized successfully - sym options: 0x614 - pdb path: .;C:\Program Files\Java\jdk-23\bin;C:\WINDOWS\SYSTEM32;C:\WINDOWS\WinSxS\amd64_microsoft.windows.common-controls_6595b64144ccf1df_6.0.26100.3912_none_3e07963ce335137e;C:\Program Files\Java\jdk-23\bin\server

VM Arguments:
jvm_args: -Dfile.encoding=UTF-8 --module-path=C:\Users\Alok\OneDrive\Desktop\PROJECT\Travell Booking System\Travel Management System\build\classes 
java_command: travel.management.system.AddCustomer
java_class_path (initial): C:\Users\Alok\OneDrive\Desktop\PROJECT;C:\Users\Alok\OneDrive\Desktop\PROJECT\Travell Booking System\mysql-connector-java-8.0.28.jar;C:\Users\Alok\OneDrive\Desktop\PROJECT\Travell Booking System\Travel Management System\build\classes
Launcher Type: SUN_STANDARD

[Global flags]
     intx CICompilerCount                          = 4                                         {product} {ergonomic}
     uint ConcGCThreads                            = 3                                         {product} {ergonomic}
     uint G1ConcRefinementThreads                  = 10                                        {product} {ergonomic}
   size_t G1HeapRegionSize                         = 1048576                                   {product} {ergonomic}
   size_t InitialHeapSize                          = 123731968                                 {product} {ergonomic}
   size_t MarkStackSize                            = 4194304                                   {product} {ergonomic}
   size_t MarkStackSizeMax                         = 536870912                                 {product} {ergonomic}
   size_t MaxHeapSize                              = 1965031424                                {product} {ergonomic}
   size_t MinHeapDeltaBytes                        = 1048576                                   {product} {ergonomic}
   size_t MinHeapSize                              = 8388608                                   {product} {ergonomic}
    uintx NonNMethodCodeHeapSize                   = 5832704                                {pd product} {ergonomic}
    uintx NonProfiledCodeHeapSize                  = 122945536                              {pd product} {ergonomic}
    uintx ProfiledCodeHeapSize                     = 122880000                              {pd product} {ergonomic}
    uintx ReservedCodeCacheSize                    = 251658240                              {pd product} {ergonomic}
     bool SegmentedCodeCache                       = true                                      {product} {ergonomic}
   size_t SoftMaxHeapSize                          = 1965031424                             {manageable} {ergonomic}
     bool UseCompressedOops                        = true                           {product lp64_product} {ergonomic}
     bool UseG1GC                                  = true                                      {product} {ergonomic}
     bool UseLargePagesIndividualAllocation        = false                                  {pd product} {ergonomic}

Logging:
Log output configuration:
 #0: stdout all=warning uptime,level,tags foldmultilines=false
 #1: stderr all=off uptime,level,tags foldmultilines=false

Environment Variables:
PATH=C:\Program Files\Common Files\Oracle\Java\javapath;C:\WINDOWS\system32;C:\WINDOWS;C:\WINDOWS\System32\Wbem;C:\WINDOWS\System32\WindowsPowerShell\v1.0\;C:\WINDOWS\System32\OpenSSH\;C:\Users\Alok\bin;C:\Program Files\Java\jdk-18.0.2.1\bin;C:\Program Files\MySQL\MySQL Server 8.0\bin;C:\MinGW\bin;C:\Program Files\PowerShell\7\;C:\Program Files\Java\jdk-23\bin;C:\Program Files\MySQL\MySQL Server 8.0;C:\Program Files\MySQL\MySQL Shell 8.0\bin\;C:\Users\Alok\AppData\Local\Microsoft\WindowsApps;;C:\Program Files\JetBrains\IntelliJ IDEA Community Edition 2025.1\bin;;C:\Users\Alok\AppData\Local\Programs\Microsoft VS Code\bin;C:\Program Files\JetBrains\IntelliJ IDEA 2024.3.4\bin;
USERNAME=Alok
OS=Windows_NT
PROCESSOR_IDENTIFIER=AMD64 Family 23 Model 104 Stepping 1, AuthenticAMD
TMP=C:\Users\Alok\AppData\Local\Temp
TEMP=C:\Users\Alok\AppData\Local\Temp




Periodic native trim disabled

---------------  S Y S T E M  ---------------

OS:
 Windows 11 , 64 bit Build 26100 (10.0.26100.3912)
OS uptime: 0 days 6:17 hours
Hyper-V role detected

CPU: total 12 (initial active 12) (12 cores per cpu, 2 threads per core) family 23 model 104 stepping 1 microcode 0x8608104, cx8, cmov, fxsr, ht, mmx, 3dnowpref, sse, sse2, sse3, ssse3, sse4a, sse4.1, sse4.2, popcnt, lzcnt, tsc, tscinvbit, avx, avx2, aes, clmul, bmi1, bmi2, adx, sha, fma, vzeroupper, clflush, clflushopt, hv, rdtscp, rdpid, f16c
Processor Information for processor 0
  Max Mhz: 2100, Current Mhz: 1813, Mhz Limit: 2100
Processor Information for processor 1
  Max Mhz: 2100, Current Mhz: 1813, Mhz Limit: 2100
Processor Information for processor 2
  Max Mhz: 2100, Current Mhz: 2100, Mhz Limit: 2100
Processor Information for processor 3
  Max Mhz: 2100, Current Mhz: 1813, Mhz Limit: 2100
Processor Information for processor 4
  Max Mhz: 2100, Current Mhz: 1813, Mhz Limit: 2100
Processor Information for processor 5
  Max Mhz: 2100, Current Mhz: 1813, Mhz Limit: 2100
Processor Information for processor 6
  Max Mhz: 2100, Current Mhz: 1813, Mhz Limit: 2100
Processor Information for processor 7
  Max Mhz: 2100, Current Mhz: 1813, Mhz Limit: 2100
Processor Information for processor 8
  Max Mhz: 2100, Current Mhz: 1813, Mhz Limit: 2100
Processor Information for processor 9
  Max Mhz: 2100, Current Mhz: 1813, Mhz Limit: 2100
Processor Information for processor 10
  Max Mhz: 2100, Current Mhz: 1813, Mhz Limit: 2100
Processor Information for processor 11
  Max Mhz: 2100, Current Mhz: 1813, Mhz Limit: 2100

Memory: 4k page, system-wide physical 7488M (966M free)
TotalPageFile size 30016M (AvailPageFile size 87M)
current process WorkingSet (physical memory assigned to process): 13M, peak: 13M
current process commit charge ("private bytes"): 64M, peak: 182M

vm_info: Java HotSpot(TM) 64-Bit Server VM (23.0.2+7-58) for windows-amd64 JRE (23.0.2+7-58), built on 2024-11-29T09:34:55Z with MS VC++ 17.6 (VS2022)

END.
