#
# There is insufficient memory for the Java Runtime Environment to continue.
# Native memory allocation (malloc) failed to allocate 67536 bytes. Error detail: Chunk::new
# Possible reasons:
#   The system is out of physical RAM or swap space
#   This process is running with CompressedOops enabled, and the Java Heap may be blocking the growth of the native heap
# Possible solutions:
#   Reduce memory load on the system
#   Increase physical memory or swap space
#   Check if swap backing store is full
#   Decrease Java heap size (-Xmx/-Xms)
#   Decrease number of Java threads
#   Decrease Java thread stack sizes (-Xss)
#   Set larger code cache with -XX:ReservedCodeCacheSize=
#   JVM is running with Unscaled Compressed Oops mode in which the Java heap is
#     placed in the first 4GB address space. The Java Heap base address is the
#     maximum limit for the native heap growth. Please use -XX:HeapBaseMinAddress
#     to set the Java Heap base and to place the Java Heap above 4GB virtual address.
# This output file may be truncated or incomplete.
#
#  Out of Memory Error (arena.cpp:149), pid=25476, tid=3824
#
# JRE version: Java(TM) SE Runtime Environment (23.0.2+7) (build 23.0.2+7-58)
# Java VM: Java HotSpot(TM) 64-Bit Server VM (23.0.2+7-58, mixed mode, sharing, tiered, compressed oops, compressed class ptrs, g1 gc, windows-amd64)
# No core dump will be written. Minidumps are not enabled by default on client versions of Windows
#

---------------  S U M M A R Y ------------

Command Line: -Dfile.encoding=UTF-8 --module-path=C:\Users\Alok\OneDrive\Desktop\PROJECT\Travell Booking System\Travel Management System\build\classes travel.management.system.Signup

Host: AMD Ryzen 5 5500U with Radeon Graphics         , 12 cores, 7G,  Windows 11 , 64 bit Build 26100 (10.0.26100.3912)
Time: Fri May 16 15:35:37 2025 India Standard Time elapsed time: 506.075508 seconds (0d 0h 8m 26s)

---------------  T H R E A D  ---------------

Current thread (0x000002463d0437b0):  JavaThread "C2 CompilerThread0" daemon [_thread_in_native, id=3824, stack(0x0000004a61c00000,0x0000004a61d00000) (1024K)]


Current CompileTask:
C2:506075  752       4       java.util.Arrays::copyOf (40 bytes)

Stack: [0x0000004a61c00000,0x0000004a61d00000]
Native frames: (J=compiled Java code, j=interpreted, Vv=VM code, C=native code)
V  [jvm.dll+0x6e0b99]  (no source info available)
V  [jvm.dll+0x87e2b3]  (no source info available)
V  [jvm.dll+0x88073e]  (no source info available)
V  [jvm.dll+0x880e13]  (no source info available)
V  [jvm.dll+0x27b006]  (no source info available)
V  [jvm.dll+0xbc06f]  (no source info available)
V  [jvm.dll+0xbc2cb]  (no source info available)
V  [jvm.dll+0x3b3c22]  (no source info available)
V  [jvm.dll+0x38a55b]  (no source info available)
V  [jvm.dll+0x3899ca]  (no source info available)
V  [jvm.dll+0x244ba1]  (no source info available)
V  [jvm.dll+0x243eff]  (no source info available)
V  [jvm.dll+0x1c34b0]  (no source info available)
V  [jvm.dll+0x253df1]  (no source info available)
V  [jvm.dll+0x2520aa]  (no source info available)
V  [jvm.dll+0x3ee226]  (no source info available)
V  [jvm.dll+0x8254cb]  (no source info available)
V  [jvm.dll+0x6df345]  (no source info available)
C  [ucrtbase.dll+0x37b0]  (no source info available)
C  [KERNEL32.DLL+0x2e8d7]  (no source info available)
C  [ntdll.dll+0x9c5dc]  (no source info available)

Lock stack of current Java thread (top to bottom):


---------------  P R O C E S S  ---------------

Threads class SMR info:
_java_thread_list=0x000002467f1d65e0, length=16, elements={
0x000002463d007760, 0x000002463d007dd0, 0x000002463d00d490, 0x000002463d00e3d0,
0x000002463d030900, 0x000002463d0377d0, 0x000002463d0437b0, 0x000002463d0562f0,
0x000002463d159c70, 0x000002463d1f1ef0, 0x000002463d3b4920, 0x000002463d3b8a90,
0x000002463d3bd6f0, 0x000002467f20cbc0, 0x000002461dedbf30, 0x000002467f22b1e0
}

Java Threads: ( => current thread )
  0x000002463d007760 JavaThread "Reference Handler"          daemon [_thread_blocked, id=19188, stack(0x0000004a61600000,0x0000004a61700000) (1024K)]
  0x000002463d007dd0 JavaThread "Finalizer"                  daemon [_thread_blocked, id=25356, stack(0x0000004a61700000,0x0000004a61800000) (1024K)]
  0x000002463d00d490 JavaThread "Signal Dispatcher"          daemon [_thread_blocked, id=23748, stack(0x0000004a61800000,0x0000004a61900000) (1024K)]
  0x000002463d00e3d0 JavaThread "Attach Listener"            daemon [_thread_blocked, id=15752, stack(0x0000004a61900000,0x0000004a61a00000) (1024K)]
  0x000002463d030900 JavaThread "Service Thread"             daemon [_thread_blocked, id=15692, stack(0x0000004a61a00000,0x0000004a61b00000) (1024K)]
  0x000002463d0377d0 JavaThread "Monitor Deflation Thread"   daemon [_thread_blocked, id=20844, stack(0x0000004a61b00000,0x0000004a61c00000) (1024K)]
=>0x000002463d0437b0 JavaThread "C2 CompilerThread0"         daemon [_thread_in_native, id=3824, stack(0x0000004a61c00000,0x0000004a61d00000) (1024K)]
  0x000002463d0562f0 JavaThread "C1 CompilerThread0"         daemon [_thread_blocked, id=23332, stack(0x0000004a61d00000,0x0000004a61e00000) (1024K)]
  0x000002463d159c70 JavaThread "Common-Cleaner"             daemon [_thread_blocked, id=23580, stack(0x0000004a61e00000,0x0000004a61f00000) (1024K)]
  0x000002463d1f1ef0 JavaThread "Notification Thread"        daemon [_thread_blocked, id=26108, stack(0x0000004a61f00000,0x0000004a62000000) (1024K)]
  0x000002463d3b4920 JavaThread "Java2D Disposer"            daemon [_thread_blocked, id=24416, stack(0x0000004a62000000,0x0000004a62100000) (1024K)]
  0x000002463d3b8a90 JavaThread "AWT-Shutdown"                      [_thread_blocked, id=26904, stack(0x0000004a62100000,0x0000004a62200000) (1024K)]
  0x000002463d3bd6f0 JavaThread "AWT-Windows"                daemon [_thread_in_native, id=26564, stack(0x0000004a62200000,0x0000004a62300000) (1024K)]
  0x000002467f20cbc0 JavaThread "AWT-EventQueue-0"                  [_thread_blocked, id=24988, stack(0x0000004a62d00000,0x0000004a62e00000) (1024K)]
  0x000002461dedbf30 JavaThread "DestroyJavaVM"                     [_thread_blocked, id=26892, stack(0x0000004a60e00000,0x0000004a60f00000) (1024K)]
  0x000002467f22b1e0 JavaThread "D3D Screen Updater"         daemon [_thread_blocked, id=26048, stack(0x0000004a62e00000,0x0000004a62f00000) (1024K)]
Total: 16

Other Threads:
  0x000002463cfef690 VMThread "VM Thread"                           [id=27520, stack(0x0000004a61500000,0x0000004a61600000) (1024K)]
  0x000002463cfd8550 WatcherThread "VM Periodic Task Thread"        [id=15936, stack(0x0000004a61400000,0x0000004a61500000) (1024K)]
  0x000002462029c5e0 WorkerThread "GC Thread#0"                     [id=22820, stack(0x0000004a60f00000,0x0000004a61000000) (1024K)]
  0x00000246202b0b10 ConcurrentGCThread "G1 Main Marker"            [id=24192, stack(0x0000004a61000000,0x0000004a61100000) (1024K)]
  0x00000246202b19d0 WorkerThread "G1 Conc#0"                       [id=26716, stack(0x0000004a61100000,0x0000004a61200000) (1024K)]
  0x00000246202fe5d0 ConcurrentGCThread "G1 Refine#0"               [id=23012, stack(0x0000004a61200000,0x0000004a61300000) (1024K)]
  0x000002463cea91d0 ConcurrentGCThread "G1 Service"                [id=26404, stack(0x0000004a61300000,0x0000004a61400000) (1024K)]
Total: 7

Threads with active compile tasks:
C2 CompilerThread0  507139  752       4       java.util.Arrays::copyOf (40 bytes)
Total: 1

VM state: not at safepoint (normal execution)

VM Mutex/Monitor currently owned by a thread: None

Heap address: 0x000000008ae00000, size: 1874 MB, Compressed Oops mode: 32-bit

CDS archive(s) mapped at: [0x000002463e000000-0x000002463ed70000-0x000002463ed70000), size 14090240, SharedBaseAddress: 0x000002463e000000, ArchiveRelocationMode: 1.
Compressed class space mapped at: 0x000002463f000000-0x000002467f000000, reserved size: 1073741824
Narrow klass base: 0x000002463e000000, Narrow klass shift: 0, Narrow klass range: 0x41000000

GC Precious Log:
 CardTable entry size: 512
 Card Set container configuration: InlinePtr #cards 5 size 8 Array Of Cards #cards 10 size 36 Howl #buckets 4 coarsen threshold 1843 Howl Bitmap #cards 512 size 80 coarsen threshold 460 Card regions per heap region 1 cards per card region 2048
 CPUs: 12 total, 12 available
 Memory: 7488M
 Large Page Support: Disabled
 NUMA Support: Disabled
 Compressed Oops: Enabled (32-bit)
 Heap Region Size: 1M
 Heap Min Capacity: 8M
 Heap Initial Capacity: 118M
 Heap Max Capacity: 1874M
 Pre-touch: Disabled
 Parallel Workers: 10
 Concurrent Workers: 3
 Concurrent Refinement Workers: 10
 Periodic GC: Disabled

Heap:
 garbage-first heap   total reserved 1918976K, committed 120832K, used 7168K [0x000000008ae00000, 0x0000000100000000)
  region size 1024K, 8 young (8192K), 0 survivors (0K)
 Metaspace       used 6257K, committed 6528K, reserved 1114112K
  class space    used 703K, committed 832K, reserved 1048576K

Heap Regions: E=young(eden), S=young(survivor), O=old, HS=humongous(starts), HC=humongous(continues), CS=collection set, F=free, TAMS=top-at-mark-start, PB=parsable bottom
|   0|0x000000008ae00000, 0x000000008ae00000, 0x000000008af00000|  0%| F|  |TAMS 0x000000008ae00000| PB 0x000000008ae00000| Untracked |  0
|   1|0x000000008af00000, 0x000000008af00000, 0x000000008b000000|  0%| F|  |TAMS 0x000000008af00000| PB 0x000000008af00000| Untracked |  0
|   2|0x000000008b000000, 0x000000008b000000, 0x000000008b100000|  0%| F|  |TAMS 0x000000008b000000| PB 0x000000008b000000| Untracked |  0
|   3|0x000000008b100000, 0x000000008b100000, 0x000000008b200000|  0%| F|  |TAMS 0x000000008b100000| PB 0x000000008b100000| Untracked |  0
|   4|0x000000008b200000, 0x000000008b200000, 0x000000008b300000|  0%| F|  |TAMS 0x000000008b200000| PB 0x000000008b200000| Untracked |  0
|   5|0x000000008b300000, 0x000000008b300000, 0x000000008b400000|  0%| F|  |TAMS 0x000000008b300000| PB 0x000000008b300000| Untracked |  0
|   6|0x000000008b400000, 0x000000008b400000, 0x000000008b500000|  0%| F|  |TAMS 0x000000008b400000| PB 0x000000008b400000| Untracked |  0
|   7|0x000000008b500000, 0x000000008b500000, 0x000000008b600000|  0%| F|  |TAMS 0x000000008b500000| PB 0x000000008b500000| Untracked |  0
|   8|0x000000008b600000, 0x000000008b600000, 0x000000008b700000|  0%| F|  |TAMS 0x000000008b600000| PB 0x000000008b600000| Untracked |  0
|   9|0x000000008b700000, 0x000000008b700000, 0x000000008b800000|  0%| F|  |TAMS 0x000000008b700000| PB 0x000000008b700000| Untracked |  0
|  10|0x000000008b800000, 0x000000008b800000, 0x000000008b900000|  0%| F|  |TAMS 0x000000008b800000| PB 0x000000008b800000| Untracked |  0
|  11|0x000000008b900000, 0x000000008b900000, 0x000000008ba00000|  0%| F|  |TAMS 0x000000008b900000| PB 0x000000008b900000| Untracked |  0
|  12|0x000000008ba00000, 0x000000008ba00000, 0x000000008bb00000|  0%| F|  |TAMS 0x000000008ba00000| PB 0x000000008ba00000| Untracked |  0
|  13|0x000000008bb00000, 0x000000008bb00000, 0x000000008bc00000|  0%| F|  |TAMS 0x000000008bb00000| PB 0x000000008bb00000| Untracked |  0
|  14|0x000000008bc00000, 0x000000008bc00000, 0x000000008bd00000|  0%| F|  |TAMS 0x000000008bc00000| PB 0x000000008bc00000| Untracked |  0
|  15|0x000000008bd00000, 0x000000008bd00000, 0x000000008be00000|  0%| F|  |TAMS 0x000000008bd00000| PB 0x000000008bd00000| Untracked |  0
|  16|0x000000008be00000, 0x000000008be00000, 0x000000008bf00000|  0%| F|  |TAMS 0x000000008be00000| PB 0x000000008be00000| Untracked |  0
|  17|0x000000008bf00000, 0x000000008bf00000, 0x000000008c000000|  0%| F|  |TAMS 0x000000008bf00000| PB 0x000000008bf00000| Untracked |  0
|  18|0x000000008c000000, 0x000000008c000000, 0x000000008c100000|  0%| F|  |TAMS 0x000000008c000000| PB 0x000000008c000000| Untracked |  0
|  19|0x000000008c100000, 0x000000008c100000, 0x000000008c200000|  0%| F|  |TAMS 0x000000008c100000| PB 0x000000008c100000| Untracked |  0
|  20|0x000000008c200000, 0x000000008c200000, 0x000000008c300000|  0%| F|  |TAMS 0x000000008c200000| PB 0x000000008c200000| Untracked |  0
|  21|0x000000008c300000, 0x000000008c300000, 0x000000008c400000|  0%| F|  |TAMS 0x000000008c300000| PB 0x000000008c300000| Untracked |  0
|  22|0x000000008c400000, 0x000000008c400000, 0x000000008c500000|  0%| F|  |TAMS 0x000000008c400000| PB 0x000000008c400000| Untracked |  0
|  23|0x000000008c500000, 0x000000008c500000, 0x000000008c600000|  0%| F|  |TAMS 0x000000008c500000| PB 0x000000008c500000| Untracked |  0
|  24|0x000000008c600000, 0x000000008c600000, 0x000000008c700000|  0%| F|  |TAMS 0x000000008c600000| PB 0x000000008c600000| Untracked |  0
|  25|0x000000008c700000, 0x000000008c700000, 0x000000008c800000|  0%| F|  |TAMS 0x000000008c700000| PB 0x000000008c700000| Untracked |  0
|  26|0x000000008c800000, 0x000000008c800000, 0x000000008c900000|  0%| F|  |TAMS 0x000000008c800000| PB 0x000000008c800000| Untracked |  0
|  27|0x000000008c900000, 0x000000008c900000, 0x000000008ca00000|  0%| F|  |TAMS 0x000000008c900000| PB 0x000000008c900000| Untracked |  0
|  28|0x000000008ca00000, 0x000000008ca00000, 0x000000008cb00000|  0%| F|  |TAMS 0x000000008ca00000| PB 0x000000008ca00000| Untracked |  0
|  29|0x000000008cb00000, 0x000000008cb00000, 0x000000008cc00000|  0%| F|  |TAMS 0x000000008cb00000| PB 0x000000008cb00000| Untracked |  0
|  30|0x000000008cc00000, 0x000000008cc00000, 0x000000008cd00000|  0%| F|  |TAMS 0x000000008cc00000| PB 0x000000008cc00000| Untracked |  0
|  31|0x000000008cd00000, 0x000000008cd00000, 0x000000008ce00000|  0%| F|  |TAMS 0x000000008cd00000| PB 0x000000008cd00000| Untracked |  0
|  32|0x000000008ce00000, 0x000000008ce00000, 0x000000008cf00000|  0%| F|  |TAMS 0x000000008ce00000| PB 0x000000008ce00000| Untracked |  0
|  33|0x000000008cf00000, 0x000000008cf00000, 0x000000008d000000|  0%| F|  |TAMS 0x000000008cf00000| PB 0x000000008cf00000| Untracked |  0
|  34|0x000000008d000000, 0x000000008d000000, 0x000000008d100000|  0%| F|  |TAMS 0x000000008d000000| PB 0x000000008d000000| Untracked |  0
|  35|0x000000008d100000, 0x000000008d100000, 0x000000008d200000|  0%| F|  |TAMS 0x000000008d100000| PB 0x000000008d100000| Untracked |  0
|  36|0x000000008d200000, 0x000000008d200000, 0x000000008d300000|  0%| F|  |TAMS 0x000000008d200000| PB 0x000000008d200000| Untracked |  0
|  37|0x000000008d300000, 0x000000008d300000, 0x000000008d400000|  0%| F|  |TAMS 0x000000008d300000| PB 0x000000008d300000| Untracked |  0
|  38|0x000000008d400000, 0x000000008d400000, 0x000000008d500000|  0%| F|  |TAMS 0x000000008d400000| PB 0x000000008d400000| Untracked |  0
|  39|0x000000008d500000, 0x000000008d500000, 0x000000008d600000|  0%| F|  |TAMS 0x000000008d500000| PB 0x000000008d500000| Untracked |  0
|  40|0x000000008d600000, 0x000000008d600000, 0x000000008d700000|  0%| F|  |TAMS 0x000000008d600000| PB 0x000000008d600000| Untracked |  0
|  41|0x000000008d700000, 0x000000008d700000, 0x000000008d800000|  0%| F|  |TAMS 0x000000008d700000| PB 0x000000008d700000| Untracked |  0
|  42|0x000000008d800000, 0x000000008d800000, 0x000000008d900000|  0%| F|  |TAMS 0x000000008d800000| PB 0x000000008d800000| Untracked |  0
|  43|0x000000008d900000, 0x000000008d900000, 0x000000008da00000|  0%| F|  |TAMS 0x000000008d900000| PB 0x000000008d900000| Untracked |  0
|  44|0x000000008da00000, 0x000000008da00000, 0x000000008db00000|  0%| F|  |TAMS 0x000000008da00000| PB 0x000000008da00000| Untracked |  0
|  45|0x000000008db00000, 0x000000008db00000, 0x000000008dc00000|  0%| F|  |TAMS 0x000000008db00000| PB 0x000000008db00000| Untracked |  0
|  46|0x000000008dc00000, 0x000000008dc00000, 0x000000008dd00000|  0%| F|  |TAMS 0x000000008dc00000| PB 0x000000008dc00000| Untracked |  0
|  47|0x000000008dd00000, 0x000000008dd00000, 0x000000008de00000|  0%| F|  |TAMS 0x000000008dd00000| PB 0x000000008dd00000| Untracked |  0
|  48|0x000000008de00000, 0x000000008de00000, 0x000000008df00000|  0%| F|  |TAMS 0x000000008de00000| PB 0x000000008de00000| Untracked |  0
|  49|0x000000008df00000, 0x000000008df00000, 0x000000008e000000|  0%| F|  |TAMS 0x000000008df00000| PB 0x000000008df00000| Untracked |  0
|  50|0x000000008e000000, 0x000000008e000000, 0x000000008e100000|  0%| F|  |TAMS 0x000000008e000000| PB 0x000000008e000000| Untracked |  0
|  51|0x000000008e100000, 0x000000008e100000, 0x000000008e200000|  0%| F|  |TAMS 0x000000008e100000| PB 0x000000008e100000| Untracked |  0
|  52|0x000000008e200000, 0x000000008e200000, 0x000000008e300000|  0%| F|  |TAMS 0x000000008e200000| PB 0x000000008e200000| Untracked |  0
|  53|0x000000008e300000, 0x000000008e300000, 0x000000008e400000|  0%| F|  |TAMS 0x000000008e300000| PB 0x000000008e300000| Untracked |  0
|  54|0x000000008e400000, 0x000000008e400000, 0x000000008e500000|  0%| F|  |TAMS 0x000000008e400000| PB 0x000000008e400000| Untracked |  0
|  55|0x000000008e500000, 0x000000008e500000, 0x000000008e600000|  0%| F|  |TAMS 0x000000008e500000| PB 0x000000008e500000| Untracked |  0
|  56|0x000000008e600000, 0x000000008e600000, 0x000000008e700000|  0%| F|  |TAMS 0x000000008e600000| PB 0x000000008e600000| Untracked |  0
|  57|0x000000008e700000, 0x000000008e700000, 0x000000008e800000|  0%| F|  |TAMS 0x000000008e700000| PB 0x000000008e700000| Untracked |  0
|  58|0x000000008e800000, 0x000000008e800000, 0x000000008e900000|  0%| F|  |TAMS 0x000000008e800000| PB 0x000000008e800000| Untracked |  0
|  59|0x000000008e900000, 0x000000008e900000, 0x000000008ea00000|  0%| F|  |TAMS 0x000000008e900000| PB 0x000000008e900000| Untracked |  0
|  60|0x000000008ea00000, 0x000000008ea00000, 0x000000008eb00000|  0%| F|  |TAMS 0x000000008ea00000| PB 0x000000008ea00000| Untracked |  0
|  61|0x000000008eb00000, 0x000000008eb00000, 0x000000008ec00000|  0%| F|  |TAMS 0x000000008eb00000| PB 0x000000008eb00000| Untracked |  0
|  62|0x000000008ec00000, 0x000000008ec00000, 0x000000008ed00000|  0%| F|  |TAMS 0x000000008ec00000| PB 0x000000008ec00000| Untracked |  0
|  63|0x000000008ed00000, 0x000000008ed00000, 0x000000008ee00000|  0%| F|  |TAMS 0x000000008ed00000| PB 0x000000008ed00000| Untracked |  0
|  64|0x000000008ee00000, 0x000000008ee00000, 0x000000008ef00000|  0%| F|  |TAMS 0x000000008ee00000| PB 0x000000008ee00000| Untracked |  0
|  65|0x000000008ef00000, 0x000000008ef00000, 0x000000008f000000|  0%| F|  |TAMS 0x000000008ef00000| PB 0x000000008ef00000| Untracked |  0
|  66|0x000000008f000000, 0x000000008f000000, 0x000000008f100000|  0%| F|  |TAMS 0x000000008f000000| PB 0x000000008f000000| Untracked |  0
|  67|0x000000008f100000, 0x000000008f100000, 0x000000008f200000|  0%| F|  |TAMS 0x000000008f100000| PB 0x000000008f100000| Untracked |  0
|  68|0x000000008f200000, 0x000000008f200000, 0x000000008f300000|  0%| F|  |TAMS 0x000000008f200000| PB 0x000000008f200000| Untracked |  0
|  69|0x000000008f300000, 0x000000008f300000, 0x000000008f400000|  0%| F|  |TAMS 0x000000008f300000| PB 0x000000008f300000| Untracked |  0
|  70|0x000000008f400000, 0x000000008f400000, 0x000000008f500000|  0%| F|  |TAMS 0x000000008f400000| PB 0x000000008f400000| Untracked |  0
|  71|0x000000008f500000, 0x000000008f500000, 0x000000008f600000|  0%| F|  |TAMS 0x000000008f500000| PB 0x000000008f500000| Untracked |  0
|  72|0x000000008f600000, 0x000000008f600000, 0x000000008f700000|  0%| F|  |TAMS 0x000000008f600000| PB 0x000000008f600000| Untracked |  0
|  73|0x000000008f700000, 0x000000008f700000, 0x000000008f800000|  0%| F|  |TAMS 0x000000008f700000| PB 0x000000008f700000| Untracked |  0
|  74|0x000000008f800000, 0x000000008f800000, 0x000000008f900000|  0%| F|  |TAMS 0x000000008f800000| PB 0x000000008f800000| Untracked |  0
|  75|0x000000008f900000, 0x000000008f900000, 0x000000008fa00000|  0%| F|  |TAMS 0x000000008f900000| PB 0x000000008f900000| Untracked |  0
|  76|0x000000008fa00000, 0x000000008fa00000, 0x000000008fb00000|  0%| F|  |TAMS 0x000000008fa00000| PB 0x000000008fa00000| Untracked |  0
|  77|0x000000008fb00000, 0x000000008fb00000, 0x000000008fc00000|  0%| F|  |TAMS 0x000000008fb00000| PB 0x000000008fb00000| Untracked |  0
|  78|0x000000008fc00000, 0x000000008fc00000, 0x000000008fd00000|  0%| F|  |TAMS 0x000000008fc00000| PB 0x000000008fc00000| Untracked |  0
|  79|0x000000008fd00000, 0x000000008fd00000, 0x000000008fe00000|  0%| F|  |TAMS 0x000000008fd00000| PB 0x000000008fd00000| Untracked |  0
|  80|0x000000008fe00000, 0x000000008fe00000, 0x000000008ff00000|  0%| F|  |TAMS 0x000000008fe00000| PB 0x000000008fe00000| Untracked |  0
|  81|0x000000008ff00000, 0x000000008ff00000, 0x0000000090000000|  0%| F|  |TAMS 0x000000008ff00000| PB 0x000000008ff00000| Untracked |  0
|  82|0x0000000090000000, 0x0000000090000000, 0x0000000090100000|  0%| F|  |TAMS 0x0000000090000000| PB 0x0000000090000000| Untracked |  0
|  83|0x0000000090100000, 0x0000000090100000, 0x0000000090200000|  0%| F|  |TAMS 0x0000000090100000| PB 0x0000000090100000| Untracked |  0
|  84|0x0000000090200000, 0x0000000090200000, 0x0000000090300000|  0%| F|  |TAMS 0x0000000090200000| PB 0x0000000090200000| Untracked |  0
|  85|0x0000000090300000, 0x0000000090300000, 0x0000000090400000|  0%| F|  |TAMS 0x0000000090300000| PB 0x0000000090300000| Untracked |  0
|  86|0x0000000090400000, 0x0000000090400000, 0x0000000090500000|  0%| F|  |TAMS 0x0000000090400000| PB 0x0000000090400000| Untracked |  0
|  87|0x0000000090500000, 0x0000000090500000, 0x0000000090600000|  0%| F|  |TAMS 0x0000000090500000| PB 0x0000000090500000| Untracked |  0
|  88|0x0000000090600000, 0x0000000090600000, 0x0000000090700000|  0%| F|  |TAMS 0x0000000090600000| PB 0x0000000090600000| Untracked |  0
|  89|0x0000000090700000, 0x0000000090700000, 0x0000000090800000|  0%| F|  |TAMS 0x0000000090700000| PB 0x0000000090700000| Untracked |  0
|  90|0x0000000090800000, 0x0000000090800000, 0x0000000090900000|  0%| F|  |TAMS 0x0000000090800000| PB 0x0000000090800000| Untracked |  0
|  91|0x0000000090900000, 0x0000000090900000, 0x0000000090a00000|  0%| F|  |TAMS 0x0000000090900000| PB 0x0000000090900000| Untracked |  0
|  92|0x0000000090a00000, 0x0000000090a00000, 0x0000000090b00000|  0%| F|  |TAMS 0x0000000090a00000| PB 0x0000000090a00000| Untracked |  0
|  93|0x0000000090b00000, 0x0000000090b00000, 0x0000000090c00000|  0%| F|  |TAMS 0x0000000090b00000| PB 0x0000000090b00000| Untracked |  0
|  94|0x0000000090c00000, 0x0000000090c00000, 0x0000000090d00000|  0%| F|  |TAMS 0x0000000090c00000| PB 0x0000000090c00000| Untracked |  0
|  95|0x0000000090d00000, 0x0000000090d00000, 0x0000000090e00000|  0%| F|  |TAMS 0x0000000090d00000| PB 0x0000000090d00000| Untracked |  0
|  96|0x0000000090e00000, 0x0000000090e00000, 0x0000000090f00000|  0%| F|  |TAMS 0x0000000090e00000| PB 0x0000000090e00000| Untracked |  0
|  97|0x0000000090f00000, 0x0000000090f00000, 0x0000000091000000|  0%| F|  |TAMS 0x0000000090f00000| PB 0x0000000090f00000| Untracked |  0
|  98|0x0000000091000000, 0x0000000091000000, 0x0000000091100000|  0%| F|  |TAMS 0x0000000091000000| PB 0x0000000091000000| Untracked |  0
|  99|0x0000000091100000, 0x0000000091100000, 0x0000000091200000|  0%| F|  |TAMS 0x0000000091100000| PB 0x0000000091100000| Untracked |  0
| 100|0x0000000091200000, 0x0000000091200000, 0x0000000091300000|  0%| F|  |TAMS 0x0000000091200000| PB 0x0000000091200000| Untracked |  0
| 101|0x0000000091300000, 0x0000000091300000, 0x0000000091400000|  0%| F|  |TAMS 0x0000000091300000| PB 0x0000000091300000| Untracked |  0
| 102|0x0000000091400000, 0x0000000091400000, 0x0000000091500000|  0%| F|  |TAMS 0x0000000091400000| PB 0x0000000091400000| Untracked |  0
| 103|0x0000000091500000, 0x0000000091500000, 0x0000000091600000|  0%| F|  |TAMS 0x0000000091500000| PB 0x0000000091500000| Untracked |  0
| 104|0x0000000091600000, 0x0000000091600000, 0x0000000091700000|  0%| F|  |TAMS 0x0000000091600000| PB 0x0000000091600000| Untracked |  0
| 105|0x0000000091700000, 0x0000000091700000, 0x0000000091800000|  0%| F|  |TAMS 0x0000000091700000| PB 0x0000000091700000| Untracked |  0
| 106|0x0000000091800000, 0x0000000091800000, 0x0000000091900000|  0%| F|  |TAMS 0x0000000091800000| PB 0x0000000091800000| Untracked |  0
| 107|0x0000000091900000, 0x0000000091900000, 0x0000000091a00000|  0%| F|  |TAMS 0x0000000091900000| PB 0x0000000091900000| Untracked |  0
| 108|0x0000000091a00000, 0x0000000091a00000, 0x0000000091b00000|  0%| F|  |TAMS 0x0000000091a00000| PB 0x0000000091a00000| Untracked |  0
| 109|0x0000000091b00000, 0x0000000091b00000, 0x0000000091c00000|  0%| F|  |TAMS 0x0000000091b00000| PB 0x0000000091b00000| Untracked |  0
| 110|0x0000000091c00000, 0x0000000091cf5c48, 0x0000000091d00000| 96%| E|  |TAMS 0x0000000091c00000| PB 0x0000000091c00000| Complete |  0
| 111|0x0000000091d00000, 0x0000000091e00000, 0x0000000091e00000|100%| E|CS|TAMS 0x0000000091d00000| PB 0x0000000091d00000| Complete |  0
| 112|0x0000000091e00000, 0x0000000091f00000, 0x0000000091f00000|100%| E|CS|TAMS 0x0000000091e00000| PB 0x0000000091e00000| Complete |  0
| 113|0x0000000091f00000, 0x0000000092000000, 0x0000000092000000|100%| E|CS|TAMS 0x0000000091f00000| PB 0x0000000091f00000| Complete |  0
| 114|0x0000000092000000, 0x0000000092100000, 0x0000000092100000|100%| E|CS|TAMS 0x0000000092000000| PB 0x0000000092000000| Complete |  0
| 115|0x0000000092100000, 0x0000000092200000, 0x0000000092200000|100%| E|CS|TAMS 0x0000000092100000| PB 0x0000000092100000| Complete |  0
| 116|0x0000000092200000, 0x0000000092300000, 0x0000000092300000|100%| E|CS|TAMS 0x0000000092200000| PB 0x0000000092200000| Complete |  0
| 117|0x0000000092300000, 0x0000000092400000, 0x0000000092400000|100%| E|CS|TAMS 0x0000000092300000| PB 0x0000000092300000| Complete |  0

Card table byte_map: [0x0000024638290000,0x0000024638640000] _byte_map_base: 0x0000024637e39000

Marking Bits: (CMBitMap*) 0x000002462029ccf0
 Bits: [0x0000024638640000, 0x000002463a388000)

Polling page: 0x000002461e050000

Metaspace:

Usage:
  Non-class:      5.42 MB used.
      Class:    703.52 KB used.
       Both:      6.11 MB used.

Virtual space:
  Non-class space:       64.00 MB reserved,       5.56 MB (  9%) committed,  1 nodes.
      Class space:        1.00 GB reserved,     832.00 KB ( <1%) committed,  1 nodes.
             Both:        1.06 GB reserved,       6.38 MB ( <1%) committed. 

Chunk freelists:
   Non-Class:  10.37 MB
       Class:  15.24 MB
        Both:  25.61 MB

MaxMetaspaceSize: unlimited
CompressedClassSpaceSize: 1.00 GB
Initial GC threshold: 21.00 MB
Current GC threshold: 21.00 MB
CDS: on
 - commit_granule_bytes: 65536.
 - commit_granule_words: 8192.
 - virtual_space_node_default_size: 8388608.
 - enlarge_chunks_in_place: 1.
 - use_allocation_guard: 0.


Internal statistics:

num_allocs_failed_limit: 0.
num_arena_births: 140.
num_arena_deaths: 0.
num_vsnodes_births: 2.
num_vsnodes_deaths: 0.
num_space_committed: 102.
num_space_uncommitted: 0.
num_chunks_returned_to_freelist: 0.
num_chunks_taken_from_freelist: 172.
num_chunk_merges: 0.
num_chunk_splits: 103.
num_chunks_enlarged: 37.
num_inconsistent_stats: 0.

CodeHeap 'non-profiled nmethods': size=120064Kb used=222Kb max_used=222Kb free=119841Kb
 bounds [0x0000024630440000, 0x00000246306b0000, 0x0000024637980000]
CodeHeap 'profiled nmethods': size=120000Kb used=747Kb max_used=747Kb free=119252Kb
 bounds [0x0000024628980000, 0x0000024628bf0000, 0x000002462feb0000]
CodeHeap 'non-nmethods': size=5696Kb used=1499Kb max_used=1513Kb free=4197Kb
 bounds [0x000002462feb0000, 0x0000024630120000, 0x0000024630440000]
CodeCache: size=245760Kb, used=2468Kb, max_used=2482Kb, free=243290Kb
 total_blobs=1338, nmethods=751, adapters=493, full_count=0
Compilation: enabled, stopped_count=0, restarted_count=0

Compilation events (20 events):
Event: 3.494 Thread 0x000002463d0562f0 nmethod 741 0x0000024628a38588 code [0x0000024628a38700, 0x0000024628a38c50]
Event: 9.616 Thread 0x000002463d0562f0  742       3       java.lang.Thread::isVirtual (5 bytes)
Event: 9.616 Thread 0x000002463d0562f0 nmethod 742 0x0000024628a38c88 code [0x0000024628a38da0, 0x0000024628a38f88]
Event: 9.942 Thread 0x000002463d0562f0  743       1       sun.java2d.SurfaceData::isValid (5 bytes)
Event: 9.942 Thread 0x000002463d0562f0 nmethod 743 0x0000024630476c08 code [0x0000024630476d20, 0x0000024630476df0]
Event: 10.809 Thread 0x000002463d0562f0  744       1       sun.java2d.SurfaceData::isSurfaceLost (5 bytes)
Event: 10.809 Thread 0x000002463d0562f0 nmethod 744 0x0000024630476f08 code [0x0000024630477020, 0x00000246304770f0]
Event: 25.563 Thread 0x000002463d0562f0  746       3       java.util.ArrayList::toArray (57 bytes)
Event: 25.564 Thread 0x000002463d0562f0 nmethod 746 0x0000024628a39008 code [0x0000024628a39160, 0x0000024628a396a8]
Event: 26.217 Thread 0x000002463d0562f0  747   !   3       java.lang.Object::wait (53 bytes)
Event: 26.217 Thread 0x000002463d0562f0 nmethod 747 0x0000024628a39708 code [0x0000024628a39900, 0x0000024628a3a3d8]
Event: 28.056 Thread 0x000002463d0562f0  748       3       sun.java2d.d3d.D3DSurfaceData$D3DWindowSurfaceData::isDirty (18 bytes)
Event: 28.056 Thread 0x000002463d0562f0 nmethod 748 0x0000024628a3a488 code [0x0000024628a3a5c0, 0x0000024628a3a7e0]
Event: 28.056 Thread 0x000002463d0562f0  749       3       sun.java2d.StateTrackableDelegate$1::isCurrent (17 bytes)
Event: 28.056 Thread 0x000002463d0562f0 nmethod 749 0x0000024628a3a808 code [0x0000024628a3a920, 0x0000024628a3aa88]
Event: 489.017 Thread 0x000002463d0437b0  750       4       java.util.Arrays::copyOf (40 bytes)
Event: 490.027 Thread 0x000002463d0437b0 nmethod 750 0x0000024630477588 code [0x00000246304776c0, 0x0000024630477b60]
Event: 500.969 Thread 0x000002463d0562f0  751       3       java.lang.reflect.Array::newInstance (6 bytes)
Event: 500.969 Thread 0x000002463d0562f0 nmethod 751 0x0000024628a3ab08 code [0x0000024628a3ac20, 0x0000024628a3ad38]
Event: 503.042 Thread 0x000002463d0437b0  752       4       java.util.Arrays::copyOf (40 bytes)

GC Heap History (0 events):
No events

Dll operation events (8 events):
Event: 0.010 Loaded shared library C:\Program Files\Java\jdk-23\bin\java.dll
Event: 0.137 Loaded shared library C:\Program Files\Java\jdk-23\bin\jsvml.dll
Event: 0.154 Loaded shared library C:\Program Files\Java\jdk-23\bin\net.dll
Event: 0.157 Loaded shared library C:\Program Files\Java\jdk-23\bin\nio.dll
Event: 0.181 Loaded shared library C:\Program Files\Java\jdk-23\bin\jimage.dll
Event: 0.196 Loaded shared library C:\Program Files\Java\jdk-23\bin\awt.dll
Event: 0.514 Loaded shared library C:\Program Files\Java\jdk-23\bin\freetype.dll
Event: 0.515 Loaded shared library C:\Program Files\Java\jdk-23\bin\fontmanager.dll

Deoptimization events (8 events):
Event: 0.433 Thread 0x000002461dedbf30 Uncommon trap: trap_request=0xffffff45 fr.pc=0x0000024630451478 relative=0x00000000000008d8
Event: 0.433 Thread 0x000002461dedbf30 Uncommon trap: reason=unstable_if action=reinterpret pc=0x0000024630451478 method=java.util.HashMap.putVal(ILjava/lang/Object;Ljava/lang/Object;ZZ)Ljava/lang/Object; @ 236 c2
Event: 0.433 Thread 0x000002461dedbf30 DEOPT PACKING pc=0x0000024630451478 sp=0x0000004a60efe190
Event: 0.433 Thread 0x000002461dedbf30 DEOPT UNPACKING pc=0x000002462ff04402 sp=0x0000004a60efe138 mode 2
Event: 490.104 Thread 0x000002467f22b1e0 Uncommon trap: trap_request=0xffffffcc fr.pc=0x0000024630477908 relative=0x0000000000000248
Event: 490.104 Thread 0x000002467f22b1e0 Uncommon trap: reason=intrinsic_or_type_checked_inlining action=make_not_entrant pc=0x0000024630477908 method=java.util.Arrays.copyOf([Ljava/lang/Object;ILjava/lang/Class;)[Ljava/lang/Object; @ 35 c2
Event: 490.104 Thread 0x000002467f22b1e0 DEOPT PACKING pc=0x0000024630477908 sp=0x0000004a62efef10
Event: 490.104 Thread 0x000002467f22b1e0 DEOPT UNPACKING pc=0x000002462ff04402 sp=0x0000004a62efeea0 mode 2

Classes loaded (20 events):
Event: 0.623 Loading class javax/swing/Scrollable done
Event: 0.623 Loading class javax/swing/text/JTextComponent done
Event: 0.623 Loading class java/awt/KeyboardFocusManager$3
Event: 0.623 Loading class java/awt/KeyboardFocusManager$3 done
Event: 0.631 Loading class sun/awt/im/CompositionAreaHandler
Event: 0.631 Loading class java/awt/event/InputMethodListener
Event: 0.631 Loading class java/awt/event/InputMethodListener done
Event: 0.631 Loading class sun/awt/im/CompositionAreaHandler done
Event: 0.631 Loading class java/text/AttributedString
Event: 0.631 Loading class java/text/AttributedString done
Event: 0.631 Loading class java/text/AttributedString$AttributedStringIterator
Event: 0.632 Loading class java/text/AttributedCharacterIterator
Event: 0.632 Loading class java/text/CharacterIterator
Event: 0.632 Loading class java/text/CharacterIterator done
Event: 0.632 Loading class java/text/AttributedCharacterIterator done
Event: 0.632 Loading class java/text/AttributedString$AttributedStringIterator done
Event: 3.478 Loading class java/awt/KeyboardFocusManager$2
Event: 3.478 Loading class java/awt/KeyboardFocusManager$2 done
Event: 3.479 Loading class sun/awt/SunToolkit$1
Event: 3.479 Loading class sun/awt/SunToolkit$1 done

Classes unloaded (0 events):
No events

Classes redefined (0 events):
No events

Internal exceptions (13 events):
Event: 0.158 Thread 0x000002461dedbf30 Exception <a 'sun/nio/fs/WindowsException'{0x000000009224b5f8}> (0x000000009224b5f8) 
thrown [s\open\src\hotspot\share\prims\jni.cpp, line 520]
Event: 0.160 Thread 0x000002461dedbf30 Exception <a 'sun/nio/fs/WindowsException'{0x000000009224df38}> (0x000000009224df38) 
thrown [s\open\src\hotspot\share\prims\jni.cpp, line 520]
Event: 0.160 Thread 0x000002461dedbf30 Exception <a 'sun/nio/fs/WindowsException'{0x000000009224eb58}> (0x000000009224eb58) 
thrown [s\open\src\hotspot\share\prims\jni.cpp, line 520]
Event: 0.187 Thread 0x000002461dedbf30 Exception <a 'java/lang/ClassNotFoundException'{0x000000009216e408}: sun/awt/resources/spi/awtProvider> (0x000000009216e408) 
thrown [s\open\src\hotspot\share\classfile\systemDictionary.cpp, line 313]
Event: 0.205 Thread 0x000002461dedbf30 Exception <a 'java/io/FileNotFoundException'{0x00000000921c2300}> (0x00000000921c2300) 
thrown [s\open\src\hotspot\share\prims\jni.cpp, line 520]
Event: 0.211 Thread 0x000002461dedbf30 Exception <a 'java/io/FileNotFoundException'{0x00000000921f06b0}> (0x00000000921f06b0) 
thrown [s\open\src\hotspot\share\prims\jni.cpp, line 520]
Event: 0.436 Thread 0x000002461dedbf30 Exception <a 'java/lang/NoSuchMethodError'{0x0000000091f10890}: 'void java.lang.invoke.DirectMethodHandle$Holder.invokeSpecial(java.lang.Object, java.lang.Object, java.lang.Object)'> (0x0000000091f10890) 
thrown [s\open\src\hotspot\share\interpreter\linkResolver.cpp, line 796]
Event: 0.449 Thread 0x000002461dedbf30 Exception <a 'java/lang/NoSuchMethodError'{0x0000000091f60078}: 'java.lang.Object java.lang.invoke.DirectMethodHandle$Holder.invokeStatic(java.lang.Object, int, java.lang.Object)'> (0x0000000091f60078) 
thrown [s\open\src\hotspot\share\interpreter\linkResolver.cpp, line 796]
Event: 0.469 Thread 0x000002461dedbf30 Exception <a 'java/lang/ClassNotFoundException'{0x0000000091e07378}: com/sun/swing/internal/plaf/metal/resources/spi/metalProvider> (0x0000000091e07378) 
thrown [s\open\src\hotspot\share\classfile\systemDictionary.cpp, line 313]
Event: 0.470 Thread 0x000002461dedbf30 Exception <a 'java/lang/ClassNotFoundException'{0x0000000091e0b2e8}: com/sun/swing/internal/plaf/basic/resources/spi/basicProvider> (0x0000000091e0b2e8) 
thrown [s\open\src\hotspot\share\classfile\systemDictionary.cpp, line 313]
Event: 0.480 Thread 0x000002461dedbf30 Exception <a 'java/lang/NoSuchMethodError'{0x0000000091e2ac00}: 'int java.lang.invoke.Invokers$Holder.invokeExact_MT(java.lang.Object, java.lang.Object)'> (0x0000000091e2ac00) 
thrown [s\open\src\hotspot\share\interpreter\linkResolver.cpp, line 796]
Event: 0.495 Thread 0x000002463d3bd6f0 Exception <a 'java/lang/NoSuchMethodError'{0x0000000091e80200}: 'void java.lang.invoke.DirectMethodHandle$Holder.invokeVirtual(java.lang.Object, java.lang.Object)'> (0x0000000091e80200) 
thrown [s\open\src\hotspot\share\interpreter\linkResolver.cpp, line 796]
Event: 0.509 Thread 0x000002461dedbf30 Exception <a 'java/lang/NoSuchMethodError'{0x0000000091e55ac8}: 'void java.lang.invoke.DirectMethodHandle$Holder.invokeStaticInit(java.lang.Object)'> (0x0000000091e55ac8) 
thrown [s\open\src\hotspot\share\interpreter\linkResolver.cpp, line 796]

VM Operations (10 events):
Event: 0.162 Executing VM operation: HandshakeAllThreads (Deoptimize)
Event: 0.162 Executing VM operation: HandshakeAllThreads (Deoptimize) done
Event: 0.220 Executing VM operation: HandshakeAllThreads (Deoptimize)
Event: 0.220 Executing VM operation: HandshakeAllThreads (Deoptimize) done
Event: 0.501 Executing VM operation: HandshakeAllThreads (Deoptimize)
Event: 0.501 Executing VM operation: HandshakeAllThreads (Deoptimize) done
Event: 60.173 Executing VM operation: HandshakeAllThreads (HandshakeForDeflation)
Event: 60.173 Executing VM operation: HandshakeAllThreads (HandshakeForDeflation) done
Event: 60.173 Executing VM operation: RendezvousGCThreads
Event: 60.173 Executing VM operation: RendezvousGCThreads done

Memory protections (0 events):
No events

Nmethod flushes (0 events):
No events

Events (18 events):
Event: 0.109 Thread 0x000002461dedbf30 Thread added: 0x000002461dedbf30
Event: 0.122 Thread 0x000002461dedbf30 Thread added: 0x000002463d007760
Event: 0.122 Thread 0x000002461dedbf30 Thread added: 0x000002463d007dd0
Event: 0.122 Thread 0x000002461dedbf30 Thread added: 0x000002463d00d490
Event: 0.122 Thread 0x000002461dedbf30 Thread added: 0x000002463d00e3d0
Event: 0.123 Thread 0x000002461dedbf30 Thread added: 0x000002463d030900
Event: 0.123 Thread 0x000002461dedbf30 Thread added: 0x000002463d0377d0
Event: 0.123 Thread 0x000002461dedbf30 Thread added: 0x000002463d0437b0
Event: 0.123 Thread 0x000002461dedbf30 Thread added: 0x000002463d0562f0
Event: 0.145 Thread 0x000002461dedbf30 Thread added: 0x000002463d159c70
Event: 0.170 Thread 0x000002461dedbf30 Thread added: 0x000002463d1f1ef0
Event: 0.259 Thread 0x000002461dedbf30 Thread added: 0x000002463d3b4920
Event: 0.260 Thread 0x000002461dedbf30 Thread added: 0x000002463d3b8a90
Event: 0.262 Thread 0x000002461dedbf30 Thread added: 0x000002463d3bd6f0
Event: 0.493 Thread 0x000002463d3bd6f0 Thread added: 0x000002467f20cbc0
Event: 0.586 Thread 0x000002461dedbf30 Thread exited: 0x000002461dedbf30
Event: 0.586 Thread 0x000002461dedbf30 Thread added: 0x000002461dedbf30
Event: 0.591 Thread 0x000002467f20cbc0 Thread added: 0x000002467f22b1e0


Dynamic libraries:
0x00007ff60d3a0000 - 0x00007ff60d3b0000 	C:\Program Files\Java\jdk-23\bin\java.exe
0x00007ff9873c0000 - 0x00007ff987626000 	C:\WINDOWS\SYSTEM32\ntdll.dll
0x00007ff985330000 - 0x00007ff9853f9000 	C:\WINDOWS\System32\KERNEL32.DLL
0x00007ff9846d0000 - 0x00007ff984a9c000 	C:\WINDOWS\System32\KERNELBASE.dll
0x00007ff981580000 - 0x00007ff98161e000 	C:\WINDOWS\SYSTEM32\apphelp.dll
0x00007ff984e10000 - 0x00007ff984f5b000 	C:\WINDOWS\System32\ucrtbase.dll
0x00007ff974910000 - 0x00007ff974927000 	C:\Program Files\Java\jdk-23\bin\jli.dll
0x00007ff985e60000 - 0x00007ff98602a000 	C:\WINDOWS\System32\USER32.dll
0x00007ff95b400000 - 0x00007ff95b41b000 	C:\Program Files\Java\jdk-23\bin\VCRUNTIME140.dll
0x00007ff984be0000 - 0x00007ff984c07000 	C:\WINDOWS\System32\win32u.dll
0x00007ff986f50000 - 0x00007ff986f7b000 	C:\WINDOWS\System32\GDI32.dll
0x00007ff984c10000 - 0x00007ff984d42000 	C:\WINDOWS\System32\gdi32full.dll
0x00007ff96c6d0000 - 0x00007ff96c96a000 	C:\WINDOWS\WinSxS\amd64_microsoft.windows.common-controls_6595b64144ccf1df_6.0.26100.3912_none_3e07963ce335137e\COMCTL32.dll
0x00007ff984aa0000 - 0x00007ff984b43000 	C:\WINDOWS\System32\msvcp_win.dll
0x00007ff986430000 - 0x00007ff9864d9000 	C:\WINDOWS\System32\msvcrt.dll
0x00007ff985d30000 - 0x00007ff985d60000 	C:\WINDOWS\System32\IMM32.DLL
0x00007ff974800000 - 0x00007ff97480c000 	C:\Program Files\Java\jdk-23\bin\vcruntime140_1.dll
0x00007ff93e5d0000 - 0x00007ff93e65e000 	C:\Program Files\Java\jdk-23\bin\msvcp140.dll
0x00007ff933510000 - 0x00007ff934260000 	C:\Program Files\Java\jdk-23\bin\server\jvm.dll
0x00007ff986e90000 - 0x00007ff986f42000 	C:\WINDOWS\System32\ADVAPI32.dll
0x00007ff986de0000 - 0x00007ff986e86000 	C:\WINDOWS\System32\sechost.dll
0x00007ff9862e0000 - 0x00007ff9863f6000 	C:\WINDOWS\System32\RPCRT4.dll
0x00007ff986030000 - 0x00007ff9860a4000 	C:\WINDOWS\System32\WS2_32.dll
0x00007ff9843a0000 - 0x00007ff9843fe000 	C:\WINDOWS\SYSTEM32\POWRPROF.dll
0x00007ff97c430000 - 0x00007ff97c466000 	C:\WINDOWS\SYSTEM32\WINMM.dll
0x00007ff97e9f0000 - 0x00007ff97e9fb000 	C:\WINDOWS\SYSTEM32\VERSION.dll
0x00007ff984380000 - 0x00007ff984394000 	C:\WINDOWS\SYSTEM32\UMPDC.dll
0x00007ff983310000 - 0x00007ff98332a000 	C:\WINDOWS\SYSTEM32\kernel.appcore.dll
0x00007ff9733c0000 - 0x00007ff9733ca000 	C:\Program Files\Java\jdk-23\bin\jimage.dll
0x00007ff97c5e0000 - 0x00007ff97c821000 	C:\WINDOWS\SYSTEM32\DBGHELP.DLL
0x00007ff986ff0000 - 0x00007ff987374000 	C:\WINDOWS\System32\combase.dll
0x00007ff985d70000 - 0x00007ff985e50000 	C:\WINDOWS\System32\OLEAUT32.dll
0x00007ff96ea10000 - 0x00007ff96ea49000 	C:\WINDOWS\SYSTEM32\dbgcore.DLL
0x00007ff984f60000 - 0x00007ff984ff9000 	C:\WINDOWS\System32\bcryptPrimitives.dll
0x00007ff95a2d0000 - 0x00007ff95a2ee000 	C:\Program Files\Java\jdk-23\bin\java.dll
0x00007ff986650000 - 0x00007ff9867ef000 	C:\WINDOWS\System32\ole32.dll
0x00007ff985600000 - 0x00007ff985d2d000 	C:\WINDOWS\System32\SHELL32.dll
0x00007ff984550000 - 0x00007ff9846c4000 	C:\WINDOWS\System32\wintypes.dll
0x00007ff9821b0000 - 0x00007ff982a06000 	C:\WINDOWS\SYSTEM32\windows.storage.dll
0x00007ff9860b0000 - 0x00007ff98619f000 	C:\WINDOWS\System32\SHCORE.dll
0x00007ff986f80000 - 0x00007ff986fe9000 	C:\WINDOWS\System32\shlwapi.dll
0x00007ff984460000 - 0x00007ff98448f000 	C:\WINDOWS\SYSTEM32\profapi.dll
0x00007ff93eb10000 - 0x00007ff93ebe7000 	C:\Program Files\Java\jdk-23\bin\jsvml.dll
0x00007ff96f250000 - 0x00007ff96f260000 	C:\Program Files\Java\jdk-23\bin\net.dll
0x00007ff983880000 - 0x00007ff9838ea000 	C:\WINDOWS\system32\mswsock.dll
0x00007ff955bb0000 - 0x00007ff955bc6000 	C:\Program Files\Java\jdk-23\bin\nio.dll
0x00007ff93c5a0000 - 0x00007ff93c72e000 	C:\Program Files\Java\jdk-23\bin\awt.dll
0x00007ff981b00000 - 0x00007ff981b36000 	C:\WINDOWS\system32\DWMAPI.DLL
0x00007ff9817e0000 - 0x00007ff98188f000 	C:\WINDOWS\system32\uxtheme.dll
0x00007ff96b100000 - 0x00007ff96b20c000 	C:\WINDOWS\system32\opengl32.dll
0x00007ff969c60000 - 0x00007ff969c8d000 	C:\WINDOWS\SYSTEM32\GLU32.dll
0x00007ff981a90000 - 0x00007ff981ad7000 	C:\WINDOWS\SYSTEM32\dxcore.dll
0x00007ff9864e0000 - 0x00007ff98663f000 	C:\WINDOWS\System32\MSCTF.dll
0x00007ff96a3a0000 - 0x00007ff96a555000 	C:\WINDOWS\system32\d3d9.dll
0x00007ff97c830000 - 0x00007ff97c9eb000 	C:\Windows\System32\DriverStore\FileRepository\u0390930.inf_amd64_f16364617e1e9dd4\B386329\aticfx64.dll
0x00007ff974790000 - 0x00007ff9747c4000 	C:\Windows\System32\DriverStore\FileRepository\u0390930.inf_amd64_f16364617e1e9dd4\B386329\atiu9p64.dll
0x00007ff937220000 - 0x00007ff937f75000 	C:\Windows\System32\DriverStore\FileRepository\u0390930.inf_amd64_f16364617e1e9dd4\B386329\atiumd64.dll
0x0000000061870000 - 0x0000000062797000 	C:\WINDOWS\System32\DriverStore\FileRepository\u0390930.inf_amd64_f16364617e1e9dd4\B386329\atiumd6a.dll
0x00007ff9868e0000 - 0x00007ff986d66000 	C:\WINDOWS\System32\SETUPAPI.dll
0x00007ff97a0e0000 - 0x00007ff97a115000 	C:\WINDOWS\SYSTEM32\amdihk64.dll
0x00007ff981720000 - 0x00007ff981780000 	C:\WINDOWS\SYSTEM32\directxdatabasehelper.dll
0x00007ff93e3b0000 - 0x00007ff93e437000 	C:\Program Files\Java\jdk-23\bin\freetype.dll
0x00007ff93e120000 - 0x00007ff93e1f7000 	C:\Program Files\Java\jdk-23\bin\fontmanager.dll
0x00007ff9743c0000 - 0x00007ff97450d000 	C:\WINDOWS\SYSTEM32\textinputframework.dll
0x00007ff9812a0000 - 0x00007ff9813c6000 	C:\WINDOWS\SYSTEM32\CoreMessaging.dll
0x00007ff97dce0000 - 0x00007ff97dfc3000 	C:\WINDOWS\SYSTEM32\CoreUIComponents.dll
0x00007ff983b40000 - 0x00007ff983b4c000 	C:\WINDOWS\SYSTEM32\CRYPTBASE.DLL

dbghelp: loaded successfully - version: 4.0.5 - missing functions: none
symbol engine: initialized successfully - sym options: 0x614 - pdb path: .;C:\Program Files\Java\jdk-23\bin;C:\WINDOWS\SYSTEM32;C:\WINDOWS\WinSxS\amd64_microsoft.windows.common-controls_6595b64144ccf1df_6.0.26100.3912_none_3e07963ce335137e;C:\Program Files\Java\jdk-23\bin\server;C:\Windows\System32\DriverStore\FileRepository\u0390930.inf_amd64_f16364617e1e9dd4\B386329

VM Arguments:
jvm_args: -Dfile.encoding=UTF-8 --module-path=C:\Users\Alok\OneDrive\Desktop\PROJECT\Travell Booking System\Travel Management System\build\classes 
java_command: travel.management.system.Signup
java_class_path (initial): C:\Users\Alok\OneDrive\Desktop\PROJECT\Travell Booking System\Travel Management System\build\classes
Launcher Type: SUN_STANDARD

[Global flags]
     intx CICompilerCount                          = 4                                         {product} {ergonomic}
     uint ConcGCThreads                            = 3                                         {product} {ergonomic}
     uint G1ConcRefinementThreads                  = 10                                        {product} {ergonomic}
   size_t G1HeapRegionSize                         = 1048576                                   {product} {ergonomic}
   size_t InitialHeapSize                          = 123731968                                 {product} {ergonomic}
   size_t MarkStackSize                            = 4194304                                   {product} {ergonomic}
   size_t MarkStackSizeMax                         = 536870912                                 {product} {ergonomic}
   size_t MaxHeapSize                              = 1965031424                                {product} {ergonomic}
   size_t MaxNewSize                               = 1178599424                                {product} {ergonomic}
   size_t MinHeapDeltaBytes                        = 1048576                                   {product} {ergonomic}
   size_t MinHeapSize                              = 8388608                                   {product} {ergonomic}
    uintx NonNMethodCodeHeapSize                   = 5832704                                {pd product} {ergonomic}
    uintx NonProfiledCodeHeapSize                  = 122945536                              {pd product} {ergonomic}
    uintx ProfiledCodeHeapSize                     = 122880000                              {pd product} {ergonomic}
    uintx ReservedCodeCacheSize                    = 251658240                              {pd product} {ergonomic}
     bool SegmentedCodeCache                       = true                                      {product} {ergonomic}
   size_t SoftMaxHeapSize                          = 1965031424                             {manageable} {ergonomic}
     bool UseCompressedOops                        = true                           {product lp64_product} {ergonomic}
     bool UseG1GC                                  = true                                      {product} {ergonomic}
     bool UseLargePagesIndividualAllocation        = false                                  {pd product} {ergonomic}

Logging:
Log output configuration:
 #0: stdout all=warning uptime,level,tags foldmultilines=false
 #1: stderr all=off uptime,level,tags foldmultilines=false

Environment Variables:
PATH=C:\Program Files\Common Files\Oracle\Java\javapath;C:\WINDOWS\system32;C:\WINDOWS;C:\WINDOWS\System32\Wbem;C:\WINDOWS\System32\WindowsPowerShell\v1.0\;C:\WINDOWS\System32\OpenSSH\;C:\Users\Alok\bin;C:\Program Files\Java\jdk-18.0.2.1\bin;C:\Program Files\MySQL\MySQL Server 8.0\bin;C:\MinGW\bin;C:\Program Files\PowerShell\7\;C:\Program Files\Java\jdk-23\bin;C:\Program Files\Git\cmd;C:\Users\Alok\AppData\Local\Microsoft\WindowsApps;;C:\Program Files\JetBrains\IntelliJ IDEA Community Edition 2025.1\bin;;C:\Users\Alok\AppData\Local\Programs\Microsoft VS Code\bin;C:\Program Files\JetBrains\IntelliJ IDEA 2024.3.4\bin;
USERNAME=Alok
OS=Windows_NT
PROCESSOR_IDENTIFIER=AMD64 Family 23 Model 104 Stepping 1, AuthenticAMD
TMP=C:\Users\Alok\AppData\Local\Temp
TEMP=C:\Users\Alok\AppData\Local\Temp




Periodic native trim disabled

---------------  S Y S T E M  ---------------

OS:
 Windows 11 , 64 bit Build 26100 (10.0.26100.3912)
OS uptime: 2 days 5:50 hours
Hyper-V role detected

CPU: total 12 (initial active 12) (12 cores per cpu, 2 threads per core) family 23 model 104 stepping 1 microcode 0x8608104, cx8, cmov, fxsr, ht, mmx, 3dnowpref, sse, sse2, sse3, ssse3, sse4a, sse4.1, sse4.2, popcnt, lzcnt, tsc, tscinvbit, avx, avx2, aes, clmul, bmi1, bmi2, adx, sha, fma, vzeroupper, clflush, clflushopt, hv, rdtscp, rdpid, f16c
Processor Information for processor 0
  Max Mhz: 2100, Current Mhz: 2100, Mhz Limit: 2100
Processor Information for processor 1
  Max Mhz: 2100, Current Mhz: 1988, Mhz Limit: 2100
Processor Information for processor 2
  Max Mhz: 2100, Current Mhz: 2100, Mhz Limit: 2100
Processor Information for processor 3
  Max Mhz: 2100, Current Mhz: 1988, Mhz Limit: 2100
Processor Information for processor 4
  Max Mhz: 2100, Current Mhz: 1988, Mhz Limit: 2100
Processor Information for processor 5
  Max Mhz: 2100, Current Mhz: 2100, Mhz Limit: 2100
Processor Information for processor 6
  Max Mhz: 2100, Current Mhz: 1988, Mhz Limit: 2100
Processor Information for processor 7
  Max Mhz: 2100, Current Mhz: 2100, Mhz Limit: 2100
Processor Information for processor 8
  Max Mhz: 2100, Current Mhz: 1988, Mhz Limit: 2100
Processor Information for processor 9
  Max Mhz: 2100, Current Mhz: 2100, Mhz Limit: 2100
Processor Information for processor 10
  Max Mhz: 2100, Current Mhz: 2100, Mhz Limit: 2100
Processor Information for processor 11
  Max Mhz: 2100, Current Mhz: 1988, Mhz Limit: 2100

Memory: 4k page, system-wide physical 7488M (939M free)
TotalPageFile size 30016M (AvailPageFile size 1M)
current process WorkingSet (physical memory assigned to process): 79M, peak: 79M
current process commit charge ("private bytes"): 241M, peak: 241M

vm_info: Java HotSpot(TM) 64-Bit Server VM (23.0.2+7-58) for windows-amd64 JRE (23.0.2+7-58), built on 2024-11-29T09:34:55Z with MS VC++ 17.6 (VS2022)

END.
