#
# There is insufficient memory for the Java Runtime Environment to continue.
# Native memory allocation (mmap) failed to map 66060288 bytes. Error detail: G1 virtual space
# Possible reasons:
#   The system is out of physical RAM or swap space
#   This process is running with CompressedOops enabled, and the Java Heap may be blocking the growth of the native heap
# Possible solutions:
#   Reduce memory load on the system
#   Increase physical memory or swap space
#   Check if swap backing store is full
#   Decrease Java heap size (-Xmx/-Xms)
#   Decrease number of Java threads
#   Decrease Java thread stack sizes (-Xss)
#   Set larger code cache with -XX:ReservedCodeCacheSize=
#   JVM is running with Unscaled Compressed Oops mode in which the Java heap is
#     placed in the first 4GB address space. The Java Heap base address is the
#     maximum limit for the native heap growth. Please use -XX:HeapBaseMinAddress
#     to set the Java Heap base and to place the Java Heap above 4GB virtual address.
# This output file may be truncated or incomplete.
#
#  Out of Memory Error (os_windows.cpp:3707), pid=19648, tid=23380
#
# JRE version: Java(TM) SE Runtime Environment (23.0.2+7) (build 23.0.2+7-58)
# Java VM: Java HotSpot(TM) 64-Bit Server VM (23.0.2+7-58, mixed mode, sharing, tiered, compressed oops, compressed class ptrs, g1 gc, windows-amd64)
# No core dump will be written. Minidumps are not enabled by default on client versions of Windows
#

---------------  S U M M A R Y ------------

Command Line: -Dfile.encoding=UTF-8 --module-path=C:\Users\Alok\OneDrive\Desktop\PROJECT\Travell Booking System\Travel Management System\build\classes travel.management.system.CheckHotels

Host: AMD Ryzen 5 5500U with Radeon Graphics         , 12 cores, 7G,  Windows 11 , 64 bit Build 26100 (10.0.26100.3912)
Time: Mon May 19 10:10:35 2025 India Standard Time elapsed time: 2.166001 seconds (0d 0h 0m 2s)

---------------  T H R E A D  ---------------

Current thread (0x000001bbe026bdd0):  VMThread "VM Thread"          [id=23380, stack(0x0000003837100000,0x0000003837200000) (1024K)]

Stack: [0x0000003837100000,0x0000003837200000]
Native frames: (J=compiled Java code, j=interpreted, Vv=VM code, C=native code)
V  [jvm.dll+0x6e0b99]  (no source info available)
V  [jvm.dll+0x87e2b3]  (no source info available)
V  [jvm.dll+0x88073e]  (no source info available)
V  [jvm.dll+0x880e13]  (no source info available)
V  [jvm.dll+0x27b006]  (no source info available)
V  [jvm.dll+0x6dd485]  (no source info available)
V  [jvm.dll+0x6d127a]  (no source info available)
V  [jvm.dll+0x35b50a]  (no source info available)
V  [jvm.dll+0x363916]  (no source info available)
V  [jvm.dll+0x34fe7e]  (no source info available)
V  [jvm.dll+0x350118]  (no source info available)
V  [jvm.dll+0x328aec]  (no source info available)
V  [jvm.dll+0x32b4d9]  (no source info available)
V  [jvm.dll+0x336094]  (no source info available)
V  [jvm.dll+0x372e75]  (no source info available)
V  [jvm.dll+0x886d50]  (no source info available)
V  [jvm.dll+0x888077]  (no source info available)
V  [jvm.dll+0x8885a8]  (no source info available)
V  [jvm.dll+0x888843]  (no source info available)
V  [jvm.dll+0x8254cb]  (no source info available)
V  [jvm.dll+0x6df345]  (no source info available)
C  [ucrtbase.dll+0x37b0]  (no source info available)
C  [KERNEL32.DLL+0x2e8d7]  (no source info available)
C  [ntdll.dll+0x9c5dc]  (no source info available)

VM_Operation (0x0000003836cff6c0): G1PauseRemark, mode: safepoint, requested by thread 0x000001bbc352e0e0


---------------  P R O C E S S  ---------------

Threads class SMR info:
_java_thread_list=0x000001bc2668f5f0, length=16, elements={
0x000001bbc34c9430, 0x000001bbe02852f0, 0x000001bbe0287d60, 0x000001bbe028a7d0,
0x000001bbe028b230, 0x000001bbe028cdd0, 0x000001bbe028d960, 0x000001bbe028e820,
0x000001bbe0299950, 0x000001bbe03ab400, 0x000001bbe049bd90, 0x000001bbe06717d0,
0x000001bbe067c910, 0x000001bbe0682030, 0x000001bc2624cc50, 0x000001bc2633f490
}

Java Threads: ( => current thread )
  0x000001bbc34c9430 JavaThread "main"                              [_thread_blocked, id=18876, stack(0x0000003836a00000,0x0000003836b00000) (1024K)]
  0x000001bbe02852f0 JavaThread "Reference Handler"          daemon [_thread_blocked, id=8920, stack(0x0000003837200000,0x0000003837300000) (1024K)]
  0x000001bbe0287d60 JavaThread "Finalizer"                  daemon [_thread_blocked, id=25852, stack(0x0000003837300000,0x0000003837400000) (1024K)]
  0x000001bbe028a7d0 JavaThread "Signal Dispatcher"          daemon [_thread_blocked, id=27244, stack(0x0000003837400000,0x0000003837500000) (1024K)]
  0x000001bbe028b230 JavaThread "Attach Listener"            daemon [_thread_blocked, id=5712, stack(0x0000003837500000,0x0000003837600000) (1024K)]
  0x000001bbe028cdd0 JavaThread "Service Thread"             daemon [_thread_blocked, id=17828, stack(0x0000003837600000,0x0000003837700000) (1024K)]
  0x000001bbe028d960 JavaThread "Monitor Deflation Thread"   daemon [_thread_blocked, id=17788, stack(0x0000003837700000,0x0000003837800000) (1024K)]
  0x000001bbe028e820 JavaThread "C2 CompilerThread0"         daemon [_thread_blocked, id=19628, stack(0x0000003837800000,0x0000003837900000) (1024K)]
  0x000001bbe0299950 JavaThread "C1 CompilerThread0"         daemon [_thread_blocked, id=26708, stack(0x0000003837900000,0x0000003837a00000) (1024K)]
  0x000001bbe03ab400 JavaThread "Common-Cleaner"             daemon [_thread_blocked, id=3060, stack(0x0000003837a00000,0x0000003837b00000) (1024K)]
  0x000001bbe049bd90 JavaThread "Notification Thread"        daemon [_thread_blocked, id=23276, stack(0x0000003837b00000,0x0000003837c00000) (1024K)]
  0x000001bbe06717d0 JavaThread "Java2D Disposer"            daemon [_thread_blocked, id=26324, stack(0x0000003837c00000,0x0000003837d00000) (1024K)]
  0x000001bbe067c910 JavaThread "AWT-Shutdown"                      [_thread_blocked, id=24508, stack(0x0000003837d00000,0x0000003837e00000) (1024K)]
  0x000001bbe0682030 JavaThread "AWT-Windows"                daemon [_thread_in_native, id=26664, stack(0x0000003837e00000,0x0000003837f00000) (1024K)]
  0x000001bc2624cc50 JavaThread "Image Fetcher 0"            daemon [_thread_blocked, id=10208, stack(0x0000003838800000,0x0000003838900000) (1024K)]
  0x000001bc2633f490 JavaThread "Image Fetcher 1"            daemon [_thread_blocked, id=17764, stack(0x0000003839300000,0x0000003839400000) (1024K)]
Total: 16

Other Threads:
=>0x000001bbe026bdd0 VMThread "VM Thread"                           [id=23380, stack(0x0000003837100000,0x0000003837200000) (1024K)]
  0x000001bbe0251710 WatcherThread "VM Periodic Task Thread"        [id=27040, stack(0x0000003837000000,0x0000003837100000) (1024K)]
  0x000001bbc351acb0 WorkerThread "GC Thread#0"                     [id=27588, stack(0x0000003836b00000,0x0000003836c00000) (1024K)]
  0x000001bc262b2d10 WorkerThread "GC Thread#1"                     [id=19404, stack(0x0000003838b00000,0x0000003838c00000) (1024K)]
  0x000001bc263c7120 WorkerThread "GC Thread#2"                     [id=25984, stack(0x0000003838c00000,0x0000003838d00000) (1024K)]
  0x000001bc263c74d0 WorkerThread "GC Thread#3"                     [id=24840, stack(0x0000003838d00000,0x0000003838e00000) (1024K)]
  0x000001bc26467e20 WorkerThread "GC Thread#4"                     [id=15172, stack(0x0000003838e00000,0x0000003838f00000) (1024K)]
  0x000001bc264683e0 WorkerThread "GC Thread#5"                     [id=27108, stack(0x0000003838f00000,0x0000003839000000) (1024K)]
  0x000001bc26468790 WorkerThread "GC Thread#6"                     [id=25988, stack(0x0000003839000000,0x0000003839100000) (1024K)]
  0x000001bc2646b360 WorkerThread "GC Thread#7"                     [id=20464, stack(0x0000003839100000,0x0000003839200000) (1024K)]
  0x000001bc2646bb20 WorkerThread "GC Thread#8"                     [id=26384, stack(0x0000003839200000,0x0000003839300000) (1024K)]
  0x000001bbc352e0e0 ConcurrentGCThread "G1 Main Marker"            [id=11236, stack(0x0000003836c00000,0x0000003836d00000) (1024K)]
  0x000001bbc3531930 WorkerThread "G1 Conc#0"                       [id=19004, stack(0x0000003836d00000,0x0000003836e00000) (1024K)]
  0x000001bc26467000 WorkerThread "G1 Conc#1"                       [id=27152, stack(0x0000003838a00000,0x0000003838b00000) (1024K)]
  0x000001bc262b0390 WorkerThread "G1 Conc#2"                       [id=22960, stack(0x0000003839400000,0x0000003839500000) (1024K)]
  0x000001bbe0124000 ConcurrentGCThread "G1 Refine#0"               [id=21868, stack(0x0000003836e00000,0x0000003836f00000) (1024K)]
  0x000001bbe0124830 ConcurrentGCThread "G1 Service"                [id=7216, stack(0x0000003836f00000,0x0000003837000000) (1024K)]
Total: 17

Threads with active compile tasks:
Total: 0

VM state: at safepoint (normal execution)

VM Mutex/Monitor currently owned by a thread:  ([mutex/lock_event])
[0x00007ffb49514888] Threads_lock - owner thread: 0x000001bbe026bdd0
[0x00007ffb49514988] Heap_lock - owner thread: 0x000001bbc352e0e0

Heap address: 0x000000008ae00000, size: 1874 MB, Compressed Oops mode: 32-bit

CDS archive(s) mapped at: [0x000001bbe1000000-0x000001bbe1d70000-0x000001bbe1d70000), size 14090240, SharedBaseAddress: 0x000001bbe1000000, ArchiveRelocationMode: 1.
Compressed class space mapped at: 0x000001bbe2000000-0x000001bc22000000, reserved size: 1073741824
Narrow klass base: 0x000001bbe1000000, Narrow klass shift: 0, Narrow klass range: 0x41000000

GC Precious Log:
 CardTable entry size: 512
 Card Set container configuration: InlinePtr #cards 5 size 8 Array Of Cards #cards 10 size 36 Howl #buckets 4 coarsen threshold 1843 Howl Bitmap #cards 512 size 80 coarsen threshold 460 Card regions per heap region 1 cards per card region 2048
 CPUs: 12 total, 12 available
 Memory: 7488M
 Large Page Support: Disabled
 NUMA Support: Disabled
 Compressed Oops: Enabled (32-bit)
 Heap Region Size: 1M
 Heap Min Capacity: 8M
 Heap Initial Capacity: 118M
 Heap Max Capacity: 1874M
 Pre-touch: Disabled
 Parallel Workers: 10
 Concurrent Workers: 3
 Concurrent Refinement Workers: 10
 Periodic GC: Disabled

Heap:
 garbage-first heap   total reserved 1918976K, committed 160768K, used 133632K [0x000000008ae00000, 0x0000000100000000)
  region size 1024K, 1 young (1024K), 1 survivors (1024K)
 Metaspace       used 4891K, committed 5120K, reserved 1114112K
  class space    used 514K, committed 640K, reserved 1048576K

Heap Regions: E=young(eden), S=young(survivor), O=old, HS=humongous(starts), HC=humongous(continues), CS=collection set, F=free, TAMS=top-at-mark-start, PB=parsable bottom
|   0|0x000000008ae00000, 0x000000008af00000, 0x000000008af00000|100%|HS|  |TAMS 0x000000008af00000| PB 0x000000008ae00000| Complete |  0
|   1|0x000000008af00000, 0x000000008b000000, 0x000000008b000000|100%|HC|  |TAMS 0x000000008b000000| PB 0x000000008af00000| Complete |  0
|   2|0x000000008b000000, 0x000000008b100000, 0x000000008b100000|100%|HC|  |TAMS 0x000000008b100000| PB 0x000000008b000000| Complete |  0
|   3|0x000000008b100000, 0x000000008b200000, 0x000000008b200000|100%|HC|  |TAMS 0x000000008b200000| PB 0x000000008b100000| Complete |  0
|   4|0x000000008b200000, 0x000000008b300000, 0x000000008b300000|100%|HC|  |TAMS 0x000000008b300000| PB 0x000000008b200000| Complete |  0
|   5|0x000000008b300000, 0x000000008b400000, 0x000000008b400000|100%|HC|  |TAMS 0x000000008b400000| PB 0x000000008b300000| Complete |  0
|   6|0x000000008b400000, 0x000000008b500000, 0x000000008b500000|100%|HC|  |TAMS 0x000000008b500000| PB 0x000000008b400000| Complete |  0
|   7|0x000000008b500000, 0x000000008b600000, 0x000000008b600000|100%|HC|  |TAMS 0x000000008b600000| PB 0x000000008b500000| Complete |  0
|   8|0x000000008b600000, 0x000000008b700000, 0x000000008b700000|100%|HS|  |TAMS 0x000000008b700000| PB 0x000000008b600000| Complete |  0
|   9|0x000000008b700000, 0x000000008b800000, 0x000000008b800000|100%|HC|  |TAMS 0x000000008b800000| PB 0x000000008b700000| Complete |  0
|  10|0x000000008b800000, 0x000000008b900000, 0x000000008b900000|100%|HS|  |TAMS 0x000000008b900000| PB 0x000000008b800000| Complete |  0
|  11|0x000000008b900000, 0x000000008ba00000, 0x000000008ba00000|100%|HC|  |TAMS 0x000000008ba00000| PB 0x000000008b900000| Complete |  0
|  12|0x000000008ba00000, 0x000000008bb00000, 0x000000008bb00000|100%|HC|  |TAMS 0x000000008bb00000| PB 0x000000008ba00000| Complete |  0
|  13|0x000000008bb00000, 0x000000008bc00000, 0x000000008bc00000|100%|HC|  |TAMS 0x000000008bc00000| PB 0x000000008bb00000| Complete |  0
|  14|0x000000008bc00000, 0x000000008bd00000, 0x000000008bd00000|100%|HC|  |TAMS 0x000000008bd00000| PB 0x000000008bc00000| Complete |  0
|  15|0x000000008bd00000, 0x000000008be00000, 0x000000008be00000|100%|HC|  |TAMS 0x000000008be00000| PB 0x000000008bd00000| Complete |  0
|  16|0x000000008be00000, 0x000000008bf00000, 0x000000008bf00000|100%|HC|  |TAMS 0x000000008bf00000| PB 0x000000008be00000| Complete |  0
|  17|0x000000008bf00000, 0x000000008c000000, 0x000000008c000000|100%|HC|  |TAMS 0x000000008c000000| PB 0x000000008bf00000| Complete |  0
|  18|0x000000008c000000, 0x000000008c100000, 0x000000008c100000|100%|HS|  |TAMS 0x000000008c100000| PB 0x000000008c000000| Complete |  0
|  19|0x000000008c100000, 0x000000008c200000, 0x000000008c200000|100%|HC|  |TAMS 0x000000008c200000| PB 0x000000008c100000| Complete |  0
|  20|0x000000008c200000, 0x000000008c300000, 0x000000008c300000|100%|HS|  |TAMS 0x000000008c300000| PB 0x000000008c200000| Complete |  0
|  21|0x000000008c300000, 0x000000008c400000, 0x000000008c400000|100%|HC|  |TAMS 0x000000008c400000| PB 0x000000008c300000| Complete |  0
|  22|0x000000008c400000, 0x000000008c500000, 0x000000008c500000|100%|HC|  |TAMS 0x000000008c500000| PB 0x000000008c400000| Complete |  0
|  23|0x000000008c500000, 0x000000008c600000, 0x000000008c600000|100%|HC|  |TAMS 0x000000008c600000| PB 0x000000008c500000| Complete |  0
|  24|0x000000008c600000, 0x000000008c700000, 0x000000008c700000|100%|HC|  |TAMS 0x000000008c700000| PB 0x000000008c600000| Complete |  0
|  25|0x000000008c700000, 0x000000008c800000, 0x000000008c800000|100%|HC|  |TAMS 0x000000008c800000| PB 0x000000008c700000| Complete |  0
|  26|0x000000008c800000, 0x000000008c900000, 0x000000008c900000|100%|HC|  |TAMS 0x000000008c900000| PB 0x000000008c800000| Complete |  0
|  27|0x000000008c900000, 0x000000008ca00000, 0x000000008ca00000|100%|HC|  |TAMS 0x000000008ca00000| PB 0x000000008c900000| Complete |  0
|  28|0x000000008ca00000, 0x000000008cb00000, 0x000000008cb00000|100%|HS|  |TAMS 0x000000008cb00000| PB 0x000000008ca00000| Complete |  0
|  29|0x000000008cb00000, 0x000000008cc00000, 0x000000008cc00000|100%|HC|  |TAMS 0x000000008cc00000| PB 0x000000008cb00000| Complete |  0
|  30|0x000000008cc00000, 0x000000008cd00000, 0x000000008cd00000|100%|HS|  |TAMS 0x000000008cd00000| PB 0x000000008cc00000| Complete |  0
|  31|0x000000008cd00000, 0x000000008ce00000, 0x000000008ce00000|100%|HC|  |TAMS 0x000000008ce00000| PB 0x000000008cd00000| Complete |  0
|  32|0x000000008ce00000, 0x000000008cf00000, 0x000000008cf00000|100%|HC|  |TAMS 0x000000008cf00000| PB 0x000000008ce00000| Complete |  0
|  33|0x000000008cf00000, 0x000000008d000000, 0x000000008d000000|100%|HC|  |TAMS 0x000000008d000000| PB 0x000000008cf00000| Complete |  0
|  34|0x000000008d000000, 0x000000008d100000, 0x000000008d100000|100%|HC|  |TAMS 0x000000008d100000| PB 0x000000008d000000| Complete |  0
|  35|0x000000008d100000, 0x000000008d200000, 0x000000008d200000|100%|HC|  |TAMS 0x000000008d200000| PB 0x000000008d100000| Complete |  0
|  36|0x000000008d200000, 0x000000008d300000, 0x000000008d300000|100%|HC|  |TAMS 0x000000008d300000| PB 0x000000008d200000| Complete |  0
|  37|0x000000008d300000, 0x000000008d400000, 0x000000008d400000|100%|HC|  |TAMS 0x000000008d400000| PB 0x000000008d300000| Complete |  0
|  38|0x000000008d400000, 0x000000008d500000, 0x000000008d500000|100%|HS|  |TAMS 0x000000008d500000| PB 0x000000008d400000| Complete |  0
|  39|0x000000008d500000, 0x000000008d600000, 0x000000008d600000|100%|HC|  |TAMS 0x000000008d600000| PB 0x000000008d500000| Complete |  0
|  40|0x000000008d600000, 0x000000008d700000, 0x000000008d700000|100%| O|  |TAMS 0x000000008d700000| PB 0x000000008d700000| Untracked |  0
|  41|0x000000008d700000, 0x000000008d800000, 0x000000008d800000|100%| O|  |TAMS 0x000000008d800000| PB 0x000000008d800000| Untracked |  0
|  42|0x000000008d800000, 0x000000008d870e00, 0x000000008d900000| 44%| O|  |TAMS 0x000000008d870e00| PB 0x000000008d870e00| Untracked |  0
|  43|0x000000008d900000, 0x000000008da00000, 0x000000008da00000|100%|HS|  |TAMS 0x000000008da00000| PB 0x000000008d900000| Complete |  0
|  44|0x000000008da00000, 0x000000008db00000, 0x000000008db00000|100%|HC|  |TAMS 0x000000008db00000| PB 0x000000008da00000| Complete |  0
|  45|0x000000008db00000, 0x000000008dc00000, 0x000000008dc00000|100%|HC|  |TAMS 0x000000008dc00000| PB 0x000000008db00000| Complete |  0
|  46|0x000000008dc00000, 0x000000008dd00000, 0x000000008dd00000|100%|HC|  |TAMS 0x000000008dd00000| PB 0x000000008dc00000| Complete |  0
|  47|0x000000008dd00000, 0x000000008de00000, 0x000000008de00000|100%|HC|  |TAMS 0x000000008de00000| PB 0x000000008dd00000| Complete |  0
|  48|0x000000008de00000, 0x000000008df00000, 0x000000008df00000|100%|HC|  |TAMS 0x000000008df00000| PB 0x000000008de00000| Complete |  0
|  49|0x000000008df00000, 0x000000008e000000, 0x000000008e000000|100%|HC|  |TAMS 0x000000008e000000| PB 0x000000008df00000| Complete |  0
|  50|0x000000008e000000, 0x000000008e100000, 0x000000008e100000|100%|HC|  |TAMS 0x000000008e100000| PB 0x000000008e000000| Complete |  0
|  51|0x000000008e100000, 0x000000008e200000, 0x000000008e200000|100%|HC|  |TAMS 0x000000008e200000| PB 0x000000008e100000| Complete |  0
|  52|0x000000008e200000, 0x000000008e300000, 0x000000008e300000|100%|HS|  |TAMS 0x000000008e300000| PB 0x000000008e200000| Complete |  0
|  53|0x000000008e300000, 0x000000008e400000, 0x000000008e400000|100%|HC|  |TAMS 0x000000008e400000| PB 0x000000008e300000| Complete |  0
|  54|0x000000008e400000, 0x000000008e500000, 0x000000008e500000|100%|HS|  |TAMS 0x000000008e500000| PB 0x000000008e400000| Complete |  0
|  55|0x000000008e500000, 0x000000008e600000, 0x000000008e600000|100%|HC|  |TAMS 0x000000008e600000| PB 0x000000008e500000| Complete |  0
|  56|0x000000008e600000, 0x000000008e700000, 0x000000008e700000|100%|HC|  |TAMS 0x000000008e700000| PB 0x000000008e600000| Complete |  0
|  57|0x000000008e700000, 0x000000008e800000, 0x000000008e800000|100%|HC|  |TAMS 0x000000008e800000| PB 0x000000008e700000| Complete |  0
|  58|0x000000008e800000, 0x000000008e900000, 0x000000008e900000|100%|HC|  |TAMS 0x000000008e900000| PB 0x000000008e800000| Complete |  0
|  59|0x000000008e900000, 0x000000008ea00000, 0x000000008ea00000|100%|HC|  |TAMS 0x000000008ea00000| PB 0x000000008e900000| Complete |  0
|  60|0x000000008ea00000, 0x000000008eb00000, 0x000000008eb00000|100%|HC|  |TAMS 0x000000008eb00000| PB 0x000000008ea00000| Complete |  0
|  61|0x000000008eb00000, 0x000000008ec00000, 0x000000008ec00000|100%|HC|  |TAMS 0x000000008ec00000| PB 0x000000008eb00000| Complete |  0
|  62|0x000000008ec00000, 0x000000008ed00000, 0x000000008ed00000|100%|HS|  |TAMS 0x000000008ed00000| PB 0x000000008ec00000| Complete |  0
|  63|0x000000008ed00000, 0x000000008ee00000, 0x000000008ee00000|100%|HC|  |TAMS 0x000000008ee00000| PB 0x000000008ed00000| Complete |  0
|  64|0x000000008ee00000, 0x000000008ef00000, 0x000000008ef00000|100%|HS|  |TAMS 0x000000008ef00000| PB 0x000000008ee00000| Complete |  0
|  65|0x000000008ef00000, 0x000000008f000000, 0x000000008f000000|100%|HC|  |TAMS 0x000000008f000000| PB 0x000000008ef00000| Complete |  0
|  66|0x000000008f000000, 0x000000008f100000, 0x000000008f100000|100%|HC|  |TAMS 0x000000008f100000| PB 0x000000008f000000| Complete |  0
|  67|0x000000008f100000, 0x000000008f200000, 0x000000008f200000|100%|HS|  |TAMS 0x000000008f200000| PB 0x000000008f100000| Complete |  0
|  68|0x000000008f200000, 0x000000008f300000, 0x000000008f300000|100%|HC|  |TAMS 0x000000008f300000| PB 0x000000008f200000| Complete |  0
|  69|0x000000008f300000, 0x000000008f400000, 0x000000008f400000|100%|HS|  |TAMS 0x000000008f400000| PB 0x000000008f300000| Complete |  0
|  70|0x000000008f400000, 0x000000008f500000, 0x000000008f500000|100%|HC|  |TAMS 0x000000008f500000| PB 0x000000008f400000| Complete |  0
|  71|0x000000008f500000, 0x000000008f600000, 0x000000008f600000|100%|HC|  |TAMS 0x000000008f600000| PB 0x000000008f500000| Complete |  0
|  72|0x000000008f600000, 0x000000008f700000, 0x000000008f700000|100%|HC|  |TAMS 0x000000008f700000| PB 0x000000008f600000| Complete |  0
|  73|0x000000008f700000, 0x000000008f800000, 0x000000008f800000|100%|HC|  |TAMS 0x000000008f800000| PB 0x000000008f700000| Complete |  0
|  74|0x000000008f800000, 0x000000008f900000, 0x000000008f900000|100%|HC|  |TAMS 0x000000008f900000| PB 0x000000008f800000| Complete |  0
|  75|0x000000008f900000, 0x000000008fa00000, 0x000000008fa00000|100%|HC|  |TAMS 0x000000008fa00000| PB 0x000000008f900000| Complete |  0
|  76|0x000000008fa00000, 0x000000008fb00000, 0x000000008fb00000|100%|HC|  |TAMS 0x000000008fb00000| PB 0x000000008fa00000| Complete |  0
|  77|0x000000008fb00000, 0x000000008fc00000, 0x000000008fc00000|100%|HC|  |TAMS 0x000000008fc00000| PB 0x000000008fb00000| Complete |  0
|  78|0x000000008fc00000, 0x000000008fd00000, 0x000000008fd00000|100%|HC|  |TAMS 0x000000008fd00000| PB 0x000000008fc00000| Complete |  0
|  79|0x000000008fd00000, 0x000000008fe00000, 0x000000008fe00000|100%|HC|  |TAMS 0x000000008fe00000| PB 0x000000008fd00000| Complete |  0
|  80|0x000000008fe00000, 0x000000008ff00000, 0x000000008ff00000|100%|HS|  |TAMS 0x000000008ff00000| PB 0x000000008fe00000| Complete |  0
|  81|0x000000008ff00000, 0x0000000090000000, 0x0000000090000000|100%|HC|  |TAMS 0x0000000090000000| PB 0x000000008ff00000| Complete |  0
|  82|0x0000000090000000, 0x0000000090100000, 0x0000000090100000|100%|HS|  |TAMS 0x0000000090100000| PB 0x0000000090000000| Complete |  0
|  83|0x0000000090100000, 0x0000000090200000, 0x0000000090200000|100%|HC|  |TAMS 0x0000000090200000| PB 0x0000000090100000| Complete |  0
|  84|0x0000000090200000, 0x0000000090300000, 0x0000000090300000|100%|HC|  |TAMS 0x0000000090300000| PB 0x0000000090200000| Complete |  0
|  85|0x0000000090300000, 0x0000000090400000, 0x0000000090400000|100%|HC|  |TAMS 0x0000000090400000| PB 0x0000000090300000| Complete |  0
|  86|0x0000000090400000, 0x0000000090500000, 0x0000000090500000|100%|HC|  |TAMS 0x0000000090500000| PB 0x0000000090400000| Complete |  0
|  87|0x0000000090500000, 0x0000000090600000, 0x0000000090600000|100%|HC|  |TAMS 0x0000000090600000| PB 0x0000000090500000| Complete |  0
|  88|0x0000000090600000, 0x0000000090700000, 0x0000000090700000|100%|HC|  |TAMS 0x0000000090700000| PB 0x0000000090600000| Complete |  0
|  89|0x0000000090700000, 0x0000000090800000, 0x0000000090800000|100%|HC|  |TAMS 0x0000000090800000| PB 0x0000000090700000| Complete |  0
|  90|0x0000000090800000, 0x0000000090900000, 0x0000000090900000|100%|HC|  |TAMS 0x0000000090900000| PB 0x0000000090800000| Complete |  0
|  91|0x0000000090900000, 0x0000000090a00000, 0x0000000090a00000|100%|HS|  |TAMS 0x0000000090a00000| PB 0x0000000090900000| Complete |  0
|  92|0x0000000090a00000, 0x0000000090b00000, 0x0000000090b00000|100%|HC|  |TAMS 0x0000000090b00000| PB 0x0000000090a00000| Complete |  0
|  93|0x0000000090b00000, 0x0000000090c00000, 0x0000000090c00000|100%|HS|  |TAMS 0x0000000090b00000| PB 0x0000000090b00000| Complete |  0
|  94|0x0000000090c00000, 0x0000000090d00000, 0x0000000090d00000|100%|HC|  |TAMS 0x0000000090c00000| PB 0x0000000090c00000| Complete |  0
|  95|0x0000000090d00000, 0x0000000090e00000, 0x0000000090e00000|100%|HC|  |TAMS 0x0000000090d00000| PB 0x0000000090d00000| Complete |  0
|  96|0x0000000090e00000, 0x0000000090f00000, 0x0000000090f00000|100%|HC|  |TAMS 0x0000000090e00000| PB 0x0000000090e00000| Complete |  0
|  97|0x0000000090f00000, 0x0000000091000000, 0x0000000091000000|100%|HC|  |TAMS 0x0000000090f00000| PB 0x0000000090f00000| Complete |  0
|  98|0x0000000091000000, 0x0000000091100000, 0x0000000091100000|100%|HC|  |TAMS 0x0000000091000000| PB 0x0000000091000000| Complete |  0
|  99|0x0000000091100000, 0x0000000091200000, 0x0000000091200000|100%|HC|  |TAMS 0x0000000091100000| PB 0x0000000091100000| Complete |  0
| 100|0x0000000091200000, 0x0000000091300000, 0x0000000091300000|100%|HC|  |TAMS 0x0000000091200000| PB 0x0000000091200000| Complete |  0
| 101|0x0000000091300000, 0x0000000091400000, 0x0000000091400000|100%|HC|  |TAMS 0x0000000091300000| PB 0x0000000091300000| Complete |  0
| 102|0x0000000091400000, 0x0000000091500000, 0x0000000091500000|100%|HC|  |TAMS 0x0000000091400000| PB 0x0000000091400000| Complete |  0
| 103|0x0000000091500000, 0x0000000091600000, 0x0000000091600000|100%|HC|  |TAMS 0x0000000091500000| PB 0x0000000091500000| Complete |  0
| 104|0x0000000091600000, 0x0000000091700000, 0x0000000091700000|100%|HC|  |TAMS 0x0000000091600000| PB 0x0000000091600000| Complete |  0
| 105|0x0000000091700000, 0x0000000091800000, 0x0000000091800000|100%|HC|  |TAMS 0x0000000091700000| PB 0x0000000091700000| Complete |  0
| 106|0x0000000091800000, 0x0000000091900000, 0x0000000091900000|100%|HC|  |TAMS 0x0000000091800000| PB 0x0000000091800000| Complete |  0
| 107|0x0000000091900000, 0x0000000091a00000, 0x0000000091a00000|100%|HC|  |TAMS 0x0000000091900000| PB 0x0000000091900000| Complete |  0
| 108|0x0000000091a00000, 0x0000000091b00000, 0x0000000091b00000|100%|HC|  |TAMS 0x0000000091a00000| PB 0x0000000091a00000| Complete |  0
| 109|0x0000000091b00000, 0x0000000091c00000, 0x0000000091c00000|100%|HC|  |TAMS 0x0000000091b00000| PB 0x0000000091b00000| Complete |  0
| 110|0x0000000091c00000, 0x0000000091d00000, 0x0000000091d00000|100%|HC|  |TAMS 0x0000000091c00000| PB 0x0000000091c00000| Complete |  0
| 111|0x0000000091d00000, 0x0000000091e00000, 0x0000000091e00000|100%|HC|  |TAMS 0x0000000091d00000| PB 0x0000000091d00000| Complete |  0
| 112|0x0000000091e00000, 0x0000000091f00000, 0x0000000091f00000|100%|HC|  |TAMS 0x0000000091e00000| PB 0x0000000091e00000| Complete |  0
| 113|0x0000000091f00000, 0x0000000092000000, 0x0000000092000000|100%|HC|  |TAMS 0x0000000091f00000| PB 0x0000000091f00000| Complete |  0
| 114|0x0000000092000000, 0x0000000092100000, 0x0000000092100000|100%|HC|  |TAMS 0x0000000092000000| PB 0x0000000092000000| Complete |  0
| 115|0x0000000092100000, 0x0000000092200000, 0x0000000092200000|100%|HC|  |TAMS 0x0000000092100000| PB 0x0000000092100000| Complete |  0
| 116|0x0000000092200000, 0x0000000092300000, 0x0000000092300000|100%|HC|  |TAMS 0x0000000092200000| PB 0x0000000092200000| Complete |  0
| 117|0x0000000092300000, 0x0000000092400000, 0x0000000092400000|100%|HC|  |TAMS 0x0000000092300000| PB 0x0000000092300000| Complete |  0
| 118|0x0000000092400000, 0x0000000092500000, 0x0000000092500000|100%|HC|  |TAMS 0x0000000092400000| PB 0x0000000092400000| Complete |  0
| 119|0x0000000092500000, 0x0000000092600000, 0x0000000092600000|100%|HC|  |TAMS 0x0000000092500000| PB 0x0000000092500000| Complete |  0
| 120|0x0000000092600000, 0x0000000092700000, 0x0000000092700000|100%|HC|  |TAMS 0x0000000092600000| PB 0x0000000092600000| Complete |  0
| 121|0x0000000092700000, 0x0000000092800000, 0x0000000092800000|100%|HC|  |TAMS 0x0000000092700000| PB 0x0000000092700000| Complete |  0
| 122|0x0000000092800000, 0x0000000092900000, 0x0000000092900000|100%|HC|  |TAMS 0x0000000092800000| PB 0x0000000092800000| Complete |  0
| 123|0x0000000092900000, 0x0000000092a00000, 0x0000000092a00000|100%|HC|  |TAMS 0x0000000092900000| PB 0x0000000092900000| Complete |  0
| 124|0x0000000092a00000, 0x0000000092b00000, 0x0000000092b00000|100%|HC|  |TAMS 0x0000000092a00000| PB 0x0000000092a00000| Complete |  0
| 125|0x0000000092b00000, 0x0000000092c00000, 0x0000000092c00000|100%|HC|  |TAMS 0x0000000092b00000| PB 0x0000000092b00000| Complete |  0
| 126|0x0000000092c00000, 0x0000000092d00000, 0x0000000092d00000|100%|HC|  |TAMS 0x0000000092c00000| PB 0x0000000092c00000| Complete |  0
| 127|0x0000000092d00000, 0x0000000092e00000, 0x0000000092e00000|100%|HC|  |TAMS 0x0000000092d00000| PB 0x0000000092d00000| Complete |  0
| 128|0x0000000092e00000, 0x0000000092f00000, 0x0000000092f00000|100%|HC|  |TAMS 0x0000000092e00000| PB 0x0000000092e00000| Complete |  0
| 129|0x0000000092f00000, 0x0000000093000000, 0x0000000093000000|100%|HC|  |TAMS 0x0000000092f00000| PB 0x0000000092f00000| Complete |  0
| 130|0x0000000093000000, 0x0000000093100000, 0x0000000093100000|100%|HC|  |TAMS 0x0000000093000000| PB 0x0000000093000000| Complete |  0
| 131|0x0000000093100000, 0x0000000093100000, 0x0000000093200000|  0%| F|  |TAMS 0x0000000093100000| PB 0x0000000093100000| Untracked |  0
| 132|0x0000000093200000, 0x0000000093200000, 0x0000000093300000|  0%| F|  |TAMS 0x0000000093200000| PB 0x0000000093200000| Untracked |  0
| 133|0x0000000093300000, 0x0000000093300000, 0x0000000093400000|  0%| F|  |TAMS 0x0000000093300000| PB 0x0000000093300000| Untracked |  0
| 134|0x0000000093400000, 0x0000000093400000, 0x0000000093500000|  0%| F|  |TAMS 0x0000000093400000| PB 0x0000000093400000| Untracked |  0
| 135|0x0000000093500000, 0x0000000093500000, 0x0000000093600000|  0%| F|  |TAMS 0x0000000093500000| PB 0x0000000093500000| Untracked |  0
| 136|0x0000000093600000, 0x0000000093600000, 0x0000000093700000|  0%| F|  |TAMS 0x0000000093600000| PB 0x0000000093600000| Untracked |  0
| 137|0x0000000093700000, 0x0000000093700000, 0x0000000093800000|  0%| F|  |TAMS 0x0000000093700000| PB 0x0000000093700000| Untracked |  0
| 138|0x0000000093800000, 0x0000000093800000, 0x0000000093900000|  0%| F|  |TAMS 0x0000000093800000| PB 0x0000000093800000| Untracked |  0
| 139|0x0000000093900000, 0x0000000093900000, 0x0000000093a00000|  0%| F|  |TAMS 0x0000000093900000| PB 0x0000000093900000| Untracked |  0
| 140|0x0000000093a00000, 0x0000000093a00000, 0x0000000093b00000|  0%| F|  |TAMS 0x0000000093a00000| PB 0x0000000093a00000| Untracked |  0
| 141|0x0000000093b00000, 0x0000000093b00000, 0x0000000093c00000|  0%| F|  |TAMS 0x0000000093b00000| PB 0x0000000093b00000| Untracked |  0
| 142|0x0000000093c00000, 0x0000000093c00000, 0x0000000093d00000|  0%| F|  |TAMS 0x0000000093c00000| PB 0x0000000093c00000| Untracked |  0
| 143|0x0000000093d00000, 0x0000000093d00000, 0x0000000093e00000|  0%| F|  |TAMS 0x0000000093d00000| PB 0x0000000093d00000| Untracked |  0
| 144|0x0000000093e00000, 0x0000000093e00000, 0x0000000093f00000|  0%| F|  |TAMS 0x0000000093e00000| PB 0x0000000093e00000| Untracked |  0
| 145|0x0000000093f00000, 0x0000000093f00000, 0x0000000094000000|  0%| F|  |TAMS 0x0000000093f00000| PB 0x0000000093f00000| Untracked |  0
| 146|0x0000000094000000, 0x0000000094000000, 0x0000000094100000|  0%| F|  |TAMS 0x0000000094000000| PB 0x0000000094000000| Untracked |  0
| 147|0x0000000094100000, 0x0000000094100000, 0x0000000094200000|  0%| F|  |TAMS 0x0000000094100000| PB 0x0000000094100000| Untracked |  0
| 148|0x0000000094200000, 0x0000000094200000, 0x0000000094300000|  0%| F|  |TAMS 0x0000000094200000| PB 0x0000000094200000| Untracked |  0
| 149|0x0000000094300000, 0x0000000094300000, 0x0000000094400000|  0%| F|  |TAMS 0x0000000094300000| PB 0x0000000094300000| Untracked |  0
| 150|0x0000000094400000, 0x0000000094400000, 0x0000000094500000|  0%| F|  |TAMS 0x0000000094400000| PB 0x0000000094400000| Untracked |  0
| 151|0x0000000094500000, 0x0000000094500000, 0x0000000094600000|  0%| F|  |TAMS 0x0000000094500000| PB 0x0000000094500000| Untracked |  0
| 152|0x0000000094600000, 0x0000000094600000, 0x0000000094700000|  0%| F|  |TAMS 0x0000000094600000| PB 0x0000000094600000| Untracked |  0
| 153|0x0000000094700000, 0x0000000094700000, 0x0000000094800000|  0%| F|  |TAMS 0x0000000094700000| PB 0x0000000094700000| Untracked |  0
| 154|0x0000000094800000, 0x000000009480f3e8, 0x0000000094900000|  5%| S|CS|TAMS 0x0000000094800000| PB 0x0000000094800000| Complete |  0
| 155|0x0000000094900000, 0x0000000094900000, 0x0000000094a00000|  0%| F|  |TAMS 0x0000000094900000| PB 0x0000000094900000| Untracked |  0
| 156|0x0000000094a00000, 0x0000000094a00000, 0x0000000094b00000|  0%| F|  |TAMS 0x0000000094a00000| PB 0x0000000094a00000| Untracked |  0

Card table byte_map: [0x000001bbdb510000,0x000001bbdb8c0000] _byte_map_base: 0x000001bbdb0b9000

Marking Bits: (CMBitMap*) 0x000001bbc351b2d0
 Bits: [0x000001bbdb8c0000, 0x000001bbdd608000)

Polling page: 0x000001bbc1310000

Metaspace:

Usage:
  Non-class:      4.27 MB used.
      Class:    514.62 KB used.
       Both:      4.78 MB used.

Virtual space:
  Non-class space:       64.00 MB reserved,       4.38 MB (  7%) committed,  1 nodes.
      Class space:        1.00 GB reserved,     640.00 KB ( <1%) committed,  1 nodes.
             Both:        1.06 GB reserved,       5.00 MB ( <1%) committed. 

Chunk freelists:
   Non-Class:  10.88 MB
       Class:  15.24 MB
        Both:  26.12 MB

MaxMetaspaceSize: unlimited
CompressedClassSpaceSize: 1.00 GB
Initial GC threshold: 21.00 MB
Current GC threshold: 21.00 MB
CDS: on
 - commit_granule_bytes: 65536.
 - commit_granule_words: 8192.
 - virtual_space_node_default_size: 8388608.
 - enlarge_chunks_in_place: 1.
 - use_allocation_guard: 0.


Internal statistics:

num_allocs_failed_limit: 0.
num_arena_births: 124.
num_arena_deaths: 0.
num_vsnodes_births: 2.
num_vsnodes_deaths: 0.
num_space_committed: 80.
num_space_uncommitted: 0.
num_chunks_returned_to_freelist: 0.
num_chunks_taken_from_freelist: 147.
num_chunk_merges: 0.
num_chunk_splits: 91.
num_chunks_enlarged: 38.
num_inconsistent_stats: 0.

CodeHeap 'non-profiled nmethods': size=120064Kb used=286Kb max_used=286Kb free=119777Kb
 bounds [0x000001bbd36d0000, 0x000001bbd3940000, 0x000001bbdac10000]
CodeHeap 'profiled nmethods': size=120000Kb used=836Kb max_used=957Kb free=119163Kb
 bounds [0x000001bbcbc10000, 0x000001bbcbe80000, 0x000001bbd3140000]
CodeHeap 'non-nmethods': size=5696Kb used=1449Kb max_used=1469Kb free=4246Kb
 bounds [0x000001bbd3140000, 0x000001bbd33b0000, 0x000001bbd36d0000]
CodeCache: size=245760Kb, used=2571Kb, max_used=2712Kb, free=243186Kb
 total_blobs=1347, nmethods=800, adapters=453, full_count=0
Compilation: enabled, stopped_count=0, restarted_count=0

Compilation events (20 events):
Event: 0.967 Thread 0x000001bbe028e820  873       4       jdk.internal.misc.InternalLock::lock (8 bytes)
Event: 0.970 Thread 0x000001bbe028e820 nmethod 873 0x000001bbd3716708 code [0x000001bbd3716840, 0x000001bbd3716ae8]
Event: 0.970 Thread 0x000001bbe028e820  874       4       jdk.internal.misc.InternalLock::unlock (8 bytes)
Event: 0.971 Thread 0x000001bbe028e820 nmethod 874 0x000001bbd3716b88 code [0x000001bbd3716cc0, 0x000001bbd3716ea0]
Event: 1.017 Thread 0x000001bbe028e820  875   !   4       jdk.internal.misc.ScopedMemoryAccess::getByte (16 bytes)
Event: 1.018 Thread 0x000001bbe028e820 nmethod 875 0x000001bbd3716f88 code [0x000001bbd3717080, 0x000001bbd3717148]
Event: 1.018 Thread 0x000001bbe028e820  876       4       java.nio.Buffer::session (20 bytes)
Event: 1.018 Thread 0x000001bbe028e820 nmethod 876 0x000001bbd3717288 code [0x000001bbd3717380, 0x000001bbd3717420]
Event: 1.066 Thread 0x000001bbe0299950  877       3       java.lang.String::lastIndexOf (29 bytes)
Event: 1.066 Thread 0x000001bbe0299950 nmethod 877 0x000001bbcbcb7008 code [0x000001bbcbcb7160, 0x000001bbcbcb73f0]
Event: 1.066 Thread 0x000001bbe0299950  878       3       java.util.Locale::hasExtensions (13 bytes)
Event: 1.068 Thread 0x000001bbe0299950 nmethod 878 0x000001bbcbc37b08 code [0x000001bbcbc37c20, 0x000001bbcbc37d80]
Event: 1.090 Thread 0x000001bbe0299950  879       1       java.awt.Component::getObjectLock (5 bytes)
Event: 1.090 Thread 0x000001bbe0299950 nmethod 879 0x000001bbd3717588 code [0x000001bbd37176a0, 0x000001bbd3717770]
Event: 1.090 Thread 0x000001bbe0299950  880       3       jdk.internal.jimage.ImageStringsReader::stringFromByteBufferMatches (138 bytes)
Event: 1.091 Thread 0x000001bbe0299950 nmethod 880 0x000001bbcbc26988 code [0x000001bbcbc26be0, 0x000001bbcbc27ca0]
Event: 1.091 Thread 0x000001bbe0299950  881       3       java.lang.String::lastIndexOf (12 bytes)
Event: 1.091 Thread 0x000001bbe0299950 nmethod 881 0x000001bbcbc11d88 code [0x000001bbcbc11f00, 0x000001bbcbc122e8]
Event: 1.093 Thread 0x000001bbe028e820  882       4       java.util.Calendar::internalSet (8 bytes)
Event: 1.094 Thread 0x000001bbe028e820 nmethod 882 0x000001bbd3717888 code [0x000001bbd3717980, 0x000001bbd3717a48]

GC Heap History (20 events):
Event: 0.752 GC heap before
{Heap before GC invocations=2 (full 0):
 garbage-first heap   total reserved 1918976K, committed 120832K, used 64289K [0x000000008ae00000, 0x0000000100000000)
  region size 1024K, 14 young (14336K), 1 survivors (1024K)
 Metaspace       used 4876K, committed 5056K, reserved 1114112K
  class space    used 513K, committed 640K, reserved 1048576K
}
Event: 0.754 GC heap after
{Heap after GC invocations=3 (full 0):
 garbage-first heap   total reserved 1918976K, committed 120832K, used 52797K [0x000000008ae00000, 0x0000000100000000)
  region size 1024K, 1 young (1024K), 1 survivors (1024K)
 Metaspace       used 4876K, committed 5056K, reserved 1114112K
  class space    used 513K, committed 640K, reserved 1048576K
}
Event: 0.809 GC heap before
{Heap before GC invocations=3 (full 0):
 garbage-first heap   total reserved 1918976K, committed 120832K, used 56893K [0x000000008ae00000, 0x0000000100000000)
  region size 1024K, 4 young (4096K), 1 survivors (1024K)
 Metaspace       used 4884K, committed 5120K, reserved 1114112K
  class space    used 513K, committed 640K, reserved 1048576K
}
Event: 0.811 GC heap after
{Heap after GC invocations=4 (full 0):
 garbage-first heap   total reserved 1918976K, committed 120832K, used 54777K [0x000000008ae00000, 0x0000000100000000)
  region size 1024K, 1 young (1024K), 1 survivors (1024K)
 Metaspace       used 4884K, committed 5120K, reserved 1114112K
  class space    used 513K, committed 640K, reserved 1048576K
}
Event: 0.840 GC heap before
{Heap before GC invocations=5 (full 0):
 garbage-first heap   total reserved 1918976K, committed 120832K, used 71161K [0x000000008ae00000, 0x0000000100000000)
  region size 1024K, 10 young (10240K), 1 survivors (1024K)
 Metaspace       used 4884K, committed 5120K, reserved 1114112K
  class space    used 513K, committed 640K, reserved 1048576K
}
Event: 0.842 GC heap after
{Heap after GC invocations=6 (full 0):
 garbage-first heap   total reserved 1918976K, committed 120832K, used 62964K [0x000000008ae00000, 0x0000000100000000)
  region size 1024K, 1 young (1024K), 1 survivors (1024K)
 Metaspace       used 4884K, committed 5120K, reserved 1114112K
  class space    used 513K, committed 640K, reserved 1048576K
}
Event: 0.870 GC heap before
{Heap before GC invocations=7 (full 0):
 garbage-first heap   total reserved 1918976K, committed 120832K, used 67060K [0x000000008ae00000, 0x0000000100000000)
  region size 1024K, 4 young (4096K), 1 survivors (1024K)
 Metaspace       used 4884K, committed 5120K, reserved 1114112K
  class space    used 513K, committed 640K, reserved 1048576K
}
Event: 0.871 GC heap after
{Heap after GC invocations=8 (full 0):
 garbage-first heap   total reserved 1918976K, committed 120832K, used 64999K [0x000000008ae00000, 0x0000000100000000)
  region size 1024K, 1 young (1024K), 1 survivors (1024K)
 Metaspace       used 4884K, committed 5120K, reserved 1114112K
  class space    used 513K, committed 640K, reserved 1048576K
}
Event: 0.887 GC heap before
{Heap before GC invocations=9 (full 0):
 garbage-first heap   total reserved 1918976K, committed 120832K, used 71143K [0x000000008ae00000, 0x0000000100000000)
  region size 1024K, 5 young (5120K), 1 survivors (1024K)
 Metaspace       used 4884K, committed 5120K, reserved 1114112K
  class space    used 513K, committed 640K, reserved 1048576K
}
Event: 0.888 GC heap after
{Heap after GC invocations=10 (full 0):
 garbage-first heap   total reserved 1918976K, committed 145408K, used 68084K [0x000000008ae00000, 0x0000000100000000)
  region size 1024K, 1 young (1024K), 1 survivors (1024K)
 Metaspace       used 4884K, committed 5120K, reserved 1114112K
  class space    used 513K, committed 640K, reserved 1048576K
}
Event: 0.905 GC heap before
{Heap before GC invocations=11 (full 0):
 garbage-first heap   total reserved 1918976K, committed 145408K, used 72180K [0x000000008ae00000, 0x0000000100000000)
  region size 1024K, 4 young (4096K), 1 survivors (1024K)
 Metaspace       used 4884K, committed 5120K, reserved 1114112K
  class space    used 513K, committed 640K, reserved 1048576K
}
Event: 0.906 GC heap after
{Heap after GC invocations=12 (full 0):
 garbage-first heap   total reserved 1918976K, committed 145408K, used 70127K [0x000000008ae00000, 0x0000000100000000)
  region size 1024K, 1 young (1024K), 1 survivors (1024K)
 Metaspace       used 4884K, committed 5120K, reserved 1114112K
  class space    used 513K, committed 640K, reserved 1048576K
}
Event: 0.965 GC heap before
{Heap before GC invocations=13 (full 0):
 garbage-first heap   total reserved 1918976K, committed 145408K, used 92655K [0x000000008ae00000, 0x0000000100000000)
  region size 1024K, 13 young (13312K), 1 survivors (1024K)
 Metaspace       used 4884K, committed 5120K, reserved 1114112K
  class space    used 513K, committed 640K, reserved 1048576K
}
Event: 0.966 GC heap after
{Heap after GC invocations=14 (full 0):
 garbage-first heap   total reserved 1918976K, committed 145408K, used 81402K [0x000000008ae00000, 0x0000000100000000)
  region size 1024K, 1 young (1024K), 1 survivors (1024K)
 Metaspace       used 4884K, committed 5120K, reserved 1114112K
  class space    used 513K, committed 640K, reserved 1048576K
}
Event: 1.020 GC heap before
{Heap before GC invocations=15 (full 0):
 garbage-first heap   total reserved 1918976K, committed 145408K, used 85498K [0x000000008ae00000, 0x0000000100000000)
  region size 1024K, 4 young (4096K), 1 survivors (1024K)
 Metaspace       used 4891K, committed 5120K, reserved 1114112K
  class space    used 514K, committed 640K, reserved 1048576K
}
Event: 1.021 GC heap after
{Heap after GC invocations=16 (full 0):
 garbage-first heap   total reserved 1918976K, committed 145408K, used 83445K [0x000000008ae00000, 0x0000000100000000)
  region size 1024K, 1 young (1024K), 1 survivors (1024K)
 Metaspace       used 4891K, committed 5120K, reserved 1114112K
  class space    used 514K, committed 640K, reserved 1048576K
}
Event: 1.066 GC heap before
{Heap before GC invocations=17 (full 0):
 garbage-first heap   total reserved 1918976K, committed 157696K, used 101877K [0x000000008ae00000, 0x0000000100000000)
  region size 1024K, 11 young (11264K), 1 survivors (1024K)
 Metaspace       used 4891K, committed 5120K, reserved 1114112K
  class space    used 514K, committed 640K, reserved 1048576K
}
Event: 1.068 GC heap after
{Heap after GC invocations=18 (full 0):
 garbage-first heap   total reserved 1918976K, committed 157696K, used 92671K [0x000000008ae00000, 0x0000000100000000)
  region size 1024K, 1 young (1024K), 1 survivors (1024K)
 Metaspace       used 4891K, committed 5120K, reserved 1114112K
  class space    used 514K, committed 640K, reserved 1048576K
}
Event: 1.094 GC heap before
{Heap before GC invocations=19 (full 0):
 garbage-first heap   total reserved 1918976K, committed 160768K, used 96767K [0x000000008ae00000, 0x0000000100000000)
  region size 1024K, 4 young (4096K), 1 survivors (1024K)
 Metaspace       used 4891K, committed 5120K, reserved 1114112K
  class space    used 514K, committed 640K, reserved 1048576K
}
Event: 1.096 GC heap after
{Heap after GC invocations=20 (full 0):
 garbage-first heap   total reserved 1918976K, committed 160768K, used 94720K [0x000000008ae00000, 0x0000000100000000)
  region size 1024K, 1 young (1024K), 1 survivors (1024K)
 Metaspace       used 4891K, committed 5120K, reserved 1114112K
  class space    used 514K, committed 640K, reserved 1048576K
}

Dll operation events (8 events):
Event: 0.011 Loaded shared library C:\Program Files\Java\jdk-23\bin\java.dll
Event: 0.047 Loaded shared library C:\Program Files\Java\jdk-23\bin\jsvml.dll
Event: 0.078 Loaded shared library C:\Program Files\Java\jdk-23\bin\net.dll
Event: 0.079 Loaded shared library C:\Program Files\Java\jdk-23\bin\nio.dll
Event: 0.101 Loaded shared library C:\Program Files\Java\jdk-23\bin\zip.dll
Event: 0.109 Loaded shared library C:\Program Files\Java\jdk-23\bin\jimage.dll
Event: 0.125 Loaded shared library C:\Program Files\Java\jdk-23\bin\awt.dll
Event: 0.365 Loaded shared library C:\Program Files\Java\jdk-23\bin\javajpeg.dll

Deoptimization events (20 events):
Event: 0.507 Thread 0x000001bc2624cc50 DEOPT PACKING pc=0x000001bbcbcf7618 sp=0x00000038388fe730
Event: 0.507 Thread 0x000001bc2624cc50 DEOPT UNPACKING pc=0x000001bbd3194b22 sp=0x00000038388fdbc0 mode 0
Event: 0.509 Thread 0x000001bc2624cc50 DEOPT PACKING pc=0x000001bbcbcf7618 sp=0x00000038388fe730
Event: 0.509 Thread 0x000001bc2624cc50 DEOPT UNPACKING pc=0x000001bbd3194b22 sp=0x00000038388fdbc0 mode 0
Event: 0.511 Thread 0x000001bc2624cc50 DEOPT PACKING pc=0x000001bbcbcf7618 sp=0x00000038388fe730
Event: 0.511 Thread 0x000001bc2624cc50 DEOPT UNPACKING pc=0x000001bbd3194b22 sp=0x00000038388fdbc0 mode 0
Event: 0.513 Thread 0x000001bc2624cc50 DEOPT PACKING pc=0x000001bbcbcf7618 sp=0x00000038388fe730
Event: 0.513 Thread 0x000001bc2624cc50 DEOPT UNPACKING pc=0x000001bbd3194b22 sp=0x00000038388fdbc0 mode 0
Event: 0.519 Thread 0x000001bc2624cc50 DEOPT PACKING pc=0x000001bbcbcf7618 sp=0x00000038388fe730
Event: 0.519 Thread 0x000001bc2624cc50 DEOPT UNPACKING pc=0x000001bbd3194b22 sp=0x00000038388fdbc0 mode 0
Event: 0.521 Thread 0x000001bc2624cc50 DEOPT PACKING pc=0x000001bbcbcf7618 sp=0x00000038388fe730
Event: 0.521 Thread 0x000001bc2624cc50 DEOPT UNPACKING pc=0x000001bbd3194b22 sp=0x00000038388fdbc0 mode 0
Event: 0.522 Thread 0x000001bc2624cc50 DEOPT PACKING pc=0x000001bbcbcf7618 sp=0x00000038388fe730
Event: 0.522 Thread 0x000001bc2624cc50 DEOPT UNPACKING pc=0x000001bbd3194b22 sp=0x00000038388fdbc0 mode 0
Event: 0.523 Thread 0x000001bc2624cc50 DEOPT PACKING pc=0x000001bbcbcf7618 sp=0x00000038388fe730
Event: 0.523 Thread 0x000001bc2624cc50 DEOPT UNPACKING pc=0x000001bbd3194b22 sp=0x00000038388fdbc0 mode 0
Event: 0.525 Thread 0x000001bc2624cc50 DEOPT PACKING pc=0x000001bbcbcf7618 sp=0x00000038388fe730
Event: 0.525 Thread 0x000001bc2624cc50 DEOPT UNPACKING pc=0x000001bbd3194b22 sp=0x00000038388fdbc0 mode 0
Event: 0.526 Thread 0x000001bc2624cc50 DEOPT PACKING pc=0x000001bbcbcf7618 sp=0x00000038388fe730
Event: 0.526 Thread 0x000001bc2624cc50 DEOPT UNPACKING pc=0x000001bbd3194b22 sp=0x00000038388fdbc0 mode 0

Classes loaded (20 events):
Event: 0.372 Loading class sun/awt/image/IntegerComponentRaster done
Event: 0.372 Loading class sun/awt/image/IntegerInterleavedRaster done
Event: 0.372 Loading class java/awt/image/BufferedImage
Event: 0.373 Loading class java/awt/image/WritableRenderedImage
Event: 0.373 Loading class java/awt/image/RenderedImage
Event: 0.373 Loading class java/awt/image/RenderedImage done
Event: 0.373 Loading class java/awt/image/WritableRenderedImage done
Event: 0.373 Loading class java/awt/image/BufferedImage done
Event: 0.373 Loading class java/awt/image/BufferedImage$1
Event: 0.373 Loading class java/awt/image/BufferedImage$1 done
Event: 0.399 Loading class java/awt/image/ReplicateScaleFilter
Event: 0.399 Loading class java/awt/image/ImageFilter
Event: 0.399 Loading class java/awt/image/ImageFilter done
Event: 0.399 Loading class java/awt/image/ReplicateScaleFilter done
Event: 0.399 Loading class java/awt/image/FilteredImageSource
Event: 0.399 Loading class java/awt/image/FilteredImageSource done
Event: 1.016 Loading class jdk/internal/foreign/MemorySessionImpl
Event: 1.016 Loading class java/lang/foreign/MemorySegment$Scope
Event: 1.017 Loading class java/lang/foreign/MemorySegment$Scope done
Event: 1.017 Loading class jdk/internal/foreign/MemorySessionImpl done

Classes unloaded (0 events):
No events

Classes redefined (0 events):
No events

Internal exceptions (13 events):
Event: 0.080 Thread 0x000001bbc34c9430 Exception <a 'sun/nio/fs/WindowsException'{0x000000009224c120}> (0x000000009224c120) 
thrown [s\open\src\hotspot\share\prims\jni.cpp, line 520]
Event: 0.084 Thread 0x000001bbc34c9430 Exception <a 'sun/nio/fs/WindowsException'{0x000000009224ea60}> (0x000000009224ea60) 
thrown [s\open\src\hotspot\share\prims\jni.cpp, line 520]
Event: 0.084 Thread 0x000001bbc34c9430 Exception <a 'sun/nio/fs/WindowsException'{0x000000009224f680}> (0x000000009224f680) 
thrown [s\open\src\hotspot\share\prims\jni.cpp, line 520]
Event: 0.114 Thread 0x000001bbc34c9430 Exception <a 'java/lang/ClassNotFoundException'{0x0000000092194480}: sun/awt/resources/spi/awtProvider> (0x0000000092194480) 
thrown [s\open\src\hotspot\share\classfile\systemDictionary.cpp, line 313]
Event: 0.135 Thread 0x000001bbc34c9430 Exception <a 'java/io/FileNotFoundException'{0x00000000921e8098}> (0x00000000921e8098) 
thrown [s\open\src\hotspot\share\prims\jni.cpp, line 520]
Event: 0.140 Thread 0x000001bbc34c9430 Exception <a 'java/io/FileNotFoundException'{0x00000000920168a0}> (0x00000000920168a0) 
thrown [s\open\src\hotspot\share\prims\jni.cpp, line 520]
Event: 0.267 Thread 0x000001bbc34c9430 Exception <a 'java/lang/NoSuchMethodError'{0x00000000920b19d8}: 'void java.lang.invoke.DirectMethodHandle$Holder.invokeSpecial(java.lang.Object, java.lang.Object, java.lang.Object)'> (0x00000000920b19d8) 
thrown [s\open\src\hotspot\share\interpreter\linkResolver.cpp, line 796]
Event: 0.279 Thread 0x000001bbc34c9430 Exception <a 'java/lang/NoSuchMethodError'{0x0000000091f861b8}: 'java.lang.Object java.lang.invoke.DirectMethodHandle$Holder.invokeStatic(java.lang.Object, int, java.lang.Object)'> (0x0000000091f861b8) 
thrown [s\open\src\hotspot\share\interpreter\linkResolver.cpp, line 796]
Event: 0.297 Thread 0x000001bbc34c9430 Exception <a 'java/lang/ClassNotFoundException'{0x0000000091e2d1b8}: com/sun/swing/internal/plaf/metal/resources/spi/metalProvider> (0x0000000091e2d1b8) 
thrown [s\open\src\hotspot\share\classfile\systemDictionary.cpp, line 313]
Event: 0.298 Thread 0x000001bbc34c9430 Exception <a 'java/lang/ClassNotFoundException'{0x0000000091e31128}: com/sun/swing/internal/plaf/basic/resources/spi/basicProvider> (0x0000000091e31128) 
thrown [s\open\src\hotspot\share\classfile\systemDictionary.cpp, line 313]
Event: 0.306 Thread 0x000001bbc34c9430 Exception <a 'java/lang/NoSuchMethodError'{0x0000000091e50a40}: 'int java.lang.invoke.Invokers$Holder.invokeExact_MT(java.lang.Object, java.lang.Object)'> (0x0000000091e50a40) 
thrown [s\open\src\hotspot\share\interpreter\linkResolver.cpp, line 796]
Event: 0.367 Thread 0x000001bc2624cc50 Exception <a 'java/lang/NoSuchMethodError'{0x0000000091c209c8}: 'java.lang.Object java.lang.invoke.DirectMethodHandle$Holder.newInvokeSpecial(java.lang.Object, java.lang.Object, java.lang.Object, int, int, int, int, int)'> (0x0000000091c209c8) 
thrown [s\open\src\hotspot\share\interpreter\linkResolver.cpp, line 796]
Event: 0.502 Thread 0x000001bc2624cc50 Implicit null exception at 0x000001bbd3707f2a to 0x000001bbd3708608

VM Operations (20 events):
Event: 0.966 Executing VM operation: G1TryInitiateConcMark (G1 Humongous Allocation) done
Event: 0.968 Executing VM operation: G1PauseRemark
Event: 0.969 Executing VM operation: G1PauseRemark done
Event: 0.970 Executing VM operation: G1PauseCleanup
Event: 0.970 Executing VM operation: G1PauseCleanup done
Event: 1.020 Executing VM operation: G1TryInitiateConcMark (G1 Humongous Allocation)
Event: 1.021 Executing VM operation: G1TryInitiateConcMark (G1 Humongous Allocation) done
Event: 1.023 Executing VM operation: G1PauseRemark
Event: 1.038 Executing VM operation: G1PauseRemark done
Event: 1.039 Executing VM operation: G1PauseCleanup
Event: 1.039 Executing VM operation: G1PauseCleanup done
Event: 1.066 Executing VM operation: G1TryInitiateConcMark (G1 Humongous Allocation)
Event: 1.068 Executing VM operation: G1TryInitiateConcMark (G1 Humongous Allocation) done
Event: 1.069 Executing VM operation: G1PauseRemark
Event: 1.070 Executing VM operation: G1PauseRemark done
Event: 1.071 Executing VM operation: G1PauseCleanup
Event: 1.071 Executing VM operation: G1PauseCleanup done
Event: 1.094 Executing VM operation: G1TryInitiateConcMark (G1 Humongous Allocation)
Event: 1.096 Executing VM operation: G1TryInitiateConcMark (G1 Humongous Allocation) done
Event: 1.098 Executing VM operation: G1PauseRemark

Memory protections (0 events):
No events

Nmethod flushes (20 events):
Event: 0.845 Thread 0x000001bbe026bdd0 flushing  nmethod 0x000001bbcbccac08
Event: 0.845 Thread 0x000001bbe026bdd0 flushing  nmethod 0x000001bbcbce8108
Event: 0.845 Thread 0x000001bbe026bdd0 flushing  nmethod 0x000001bbcbce8e08
Event: 0.845 Thread 0x000001bbe026bdd0 flushing  nmethod 0x000001bbcbcec808
Event: 0.874 Thread 0x000001bbe026bdd0 flushing  nmethod 0x000001bbcbc1da08
Event: 0.874 Thread 0x000001bbe026bdd0 flushing  nmethod 0x000001bbcbc44e08
Event: 0.874 Thread 0x000001bbe026bdd0 flushing  nmethod 0x000001bbcbcf5908
Event: 0.874 Thread 0x000001bbe026bdd0 flushing  nmethod 0x000001bbcbcf4108
Event: 0.890 Thread 0x000001bbe026bdd0 flushing  nmethod 0x000001bbcbc46208
Event: 0.890 Thread 0x000001bbe026bdd0 flushing  nmethod 0x000001bbcbc3fa88
Event: 0.910 Thread 0x000001bbe026bdd0 flushing  nmethod 0x000001bbcbcf4408
Event: 0.910 Thread 0x000001bbe026bdd0 flushing  nmethod 0x000001bbcbcf5388
Event: 0.910 Thread 0x000001bbe026bdd0 flushing  nmethod 0x000001bbcbc36788
Event: 0.969 Thread 0x000001bbe026bdd0 flushing  nmethod 0x000001bbcbc27b08
Event: 0.969 Thread 0x000001bbe026bdd0 flushing  nmethod 0x000001bbcbc36488
Event: 1.038 Thread 0x000001bbe026bdd0 flushing  nmethod 0x000001bbcbc38208
Event: 1.038 Thread 0x000001bbe026bdd0 flushing  nmethod 0x000001bbcbcbc308
Event: 1.038 Thread 0x000001bbe026bdd0 flushing  nmethod 0x000001bbcbcb7008
Event: 1.070 Thread 0x000001bbe026bdd0 flushing  nmethod 0x000001bbcbc3f388
Event: 1.070 Thread 0x000001bbe026bdd0 flushing  nmethod 0x000001bbcbc40c88

Events (18 events):
Event: 0.034 Thread 0x000001bbc34c9430 Thread added: 0x000001bbc34c9430
Event: 0.045 Thread 0x000001bbc34c9430 Thread added: 0x000001bbe02852f0
Event: 0.045 Thread 0x000001bbc34c9430 Thread added: 0x000001bbe0287d60
Event: 0.045 Thread 0x000001bbc34c9430 Thread added: 0x000001bbe028a7d0
Event: 0.045 Thread 0x000001bbc34c9430 Thread added: 0x000001bbe028b230
Event: 0.045 Thread 0x000001bbc34c9430 Thread added: 0x000001bbe028cdd0
Event: 0.045 Thread 0x000001bbc34c9430 Thread added: 0x000001bbe028d960
Event: 0.045 Thread 0x000001bbc34c9430 Thread added: 0x000001bbe028e820
Event: 0.045 Thread 0x000001bbc34c9430 Thread added: 0x000001bbe0299950
Event: 0.068 Thread 0x000001bbc34c9430 Thread added: 0x000001bbe03ab400
Event: 0.093 Thread 0x000001bbc34c9430 Thread added: 0x000001bbe049bd90
Event: 0.185 Thread 0x000001bbc34c9430 Thread added: 0x000001bbe06717d0
Event: 0.186 Thread 0x000001bbc34c9430 Thread added: 0x000001bbe067c910
Event: 0.187 Thread 0x000001bbc34c9430 Thread added: 0x000001bbe0682030
Event: 0.313 Thread 0x000001bbc34c9430 Thread added: 0x000001bc2624cc50
Event: 0.344 Thread 0x000001bbe0299950 Thread added: 0x000001bbe0489090
Event: 0.497 Thread 0x000001bbc34c9430 Thread added: 0x000001bc2633f490
Event: 0.778 Thread 0x000001bbe0489090 Thread exited: 0x000001bbe0489090


Dynamic libraries:
0x00007ff7e9e00000 - 0x00007ff7e9e10000 	C:\Program Files\Java\jdk-23\bin\java.exe
0x00007ffbca8e0000 - 0x00007ffbcab46000 	C:\WINDOWS\SYSTEM32\ntdll.dll
0x00007ffbc9dc0000 - 0x00007ffbc9e89000 	C:\WINDOWS\System32\KERNEL32.DLL
0x00007ffbc7fb0000 - 0x00007ffbc837c000 	C:\WINDOWS\System32\KERNELBASE.dll
0x00007ffbc84c0000 - 0x00007ffbc860b000 	C:\WINDOWS\System32\ucrtbase.dll
0x00007ffbc2b10000 - 0x00007ffbc2b2b000 	C:\Program Files\Java\jdk-23\bin\VCRUNTIME140.dll
0x00007ffb96940000 - 0x00007ffb96957000 	C:\Program Files\Java\jdk-23\bin\jli.dll
0x00007ffbc9210000 - 0x00007ffbc93da000 	C:\WINDOWS\System32\USER32.dll
0x00007ffbc7ca0000 - 0x00007ffbc7cc7000 	C:\WINDOWS\System32\win32u.dll
0x00007ffbae220000 - 0x00007ffbae4ba000 	C:\WINDOWS\WinSxS\amd64_microsoft.windows.common-controls_6595b64144ccf1df_6.0.26100.3912_none_3e07963ce335137e\COMCTL32.dll
0x00007ffbc9070000 - 0x00007ffbc909b000 	C:\WINDOWS\System32\GDI32.dll
0x00007ffbc9e90000 - 0x00007ffbc9f39000 	C:\WINDOWS\System32\msvcrt.dll
0x00007ffbc8380000 - 0x00007ffbc84b2000 	C:\WINDOWS\System32\gdi32full.dll
0x00007ffbc7bf0000 - 0x00007ffbc7c93000 	C:\WINDOWS\System32\msvcp_win.dll
0x00007ffbc93e0000 - 0x00007ffbc9410000 	C:\WINDOWS\System32\IMM32.DLL
0x00007ffbc2e10000 - 0x00007ffbc2e1c000 	C:\Program Files\Java\jdk-23\bin\vcruntime140_1.dll
0x00007ffb897a0000 - 0x00007ffb8982e000 	C:\Program Files\Java\jdk-23\bin\msvcp140.dll
0x00007ffb488a0000 - 0x00007ffb495f0000 	C:\Program Files\Java\jdk-23\bin\server\jvm.dll
0x00007ffbc9b20000 - 0x00007ffbc9bd2000 	C:\WINDOWS\System32\ADVAPI32.dll
0x00007ffbc9f40000 - 0x00007ffbc9fe6000 	C:\WINDOWS\System32\sechost.dll
0x00007ffbca1e0000 - 0x00007ffbca2f6000 	C:\WINDOWS\System32\RPCRT4.dll
0x00007ffbc87c0000 - 0x00007ffbc8834000 	C:\WINDOWS\System32\WS2_32.dll
0x00007ffbc19f0000 - 0x00007ffbc19fb000 	C:\WINDOWS\SYSTEM32\VERSION.dll
0x00007ffbc78c0000 - 0x00007ffbc791e000 	C:\WINDOWS\SYSTEM32\POWRPROF.dll
0x00007ffbbfd40000 - 0x00007ffbbfd76000 	C:\WINDOWS\SYSTEM32\WINMM.dll
0x00007ffbc78a0000 - 0x00007ffbc78b4000 	C:\WINDOWS\SYSTEM32\UMPDC.dll
0x00007ffbc6790000 - 0x00007ffbc67aa000 	C:\WINDOWS\SYSTEM32\kernel.appcore.dll
0x00007ffbc13b0000 - 0x00007ffbc13ba000 	C:\Program Files\Java\jdk-23\bin\jimage.dll
0x00007ffbbef70000 - 0x00007ffbbf1b1000 	C:\WINDOWS\SYSTEM32\DBGHELP.DLL
0x00007ffbca330000 - 0x00007ffbca6b4000 	C:\WINDOWS\System32\combase.dll
0x00007ffbc9ff0000 - 0x00007ffbca0d0000 	C:\WINDOWS\System32\OLEAUT32.dll
0x00007ffbaae80000 - 0x00007ffbaaeb9000 	C:\WINDOWS\SYSTEM32\dbgcore.DLL
0x00007ffbc7d90000 - 0x00007ffbc7e29000 	C:\WINDOWS\System32\bcryptPrimitives.dll
0x00007ffbc2af0000 - 0x00007ffbc2b0e000 	C:\Program Files\Java\jdk-23\bin\java.dll
0x00007ffbc9420000 - 0x00007ffbc95bf000 	C:\WINDOWS\System32\ole32.dll
0x00007ffbc8890000 - 0x00007ffbc8fbd000 	C:\WINDOWS\System32\SHELL32.dll
0x00007ffbc7e30000 - 0x00007ffbc7fa4000 	C:\WINDOWS\System32\wintypes.dll
0x00007ffbc56d0000 - 0x00007ffbc5f26000 	C:\WINDOWS\SYSTEM32\windows.storage.dll
0x00007ffbca7a0000 - 0x00007ffbca88f000 	C:\WINDOWS\System32\SHCORE.dll
0x00007ffbca720000 - 0x00007ffbca789000 	C:\WINDOWS\System32\shlwapi.dll
0x00007ffbc7980000 - 0x00007ffbc79af000 	C:\WINDOWS\SYSTEM32\profapi.dll
0x00007ffb87ad0000 - 0x00007ffb87ba7000 	C:\Program Files\Java\jdk-23\bin\jsvml.dll
0x00007ffbc13a0000 - 0x00007ffbc13b0000 	C:\Program Files\Java\jdk-23\bin\net.dll
0x00007ffbc6da0000 - 0x00007ffbc6e0a000 	C:\WINDOWS\system32\mswsock.dll
0x00007ffbc1360000 - 0x00007ffbc1376000 	C:\Program Files\Java\jdk-23\bin\nio.dll
0x00007ffbafeb0000 - 0x00007ffbafec7000 	C:\Program Files\Java\jdk-23\bin\zip.dll
0x00007ffb754c0000 - 0x00007ffb7564e000 	C:\Program Files\Java\jdk-23\bin\awt.dll
0x00007ffbc4aa0000 - 0x00007ffbc4b3e000 	C:\WINDOWS\SYSTEM32\apphelp.dll
0x00007ffbc5020000 - 0x00007ffbc5056000 	C:\WINDOWS\system32\DWMAPI.DLL
0x00007ffbc4c90000 - 0x00007ffbc4d3f000 	C:\WINDOWS\system32\uxtheme.dll
0x00007ffb5b6b0000 - 0x00007ffb5b7bc000 	C:\WINDOWS\system32\opengl32.dll
0x00007ffb5b110000 - 0x00007ffb5b13d000 	C:\WINDOWS\SYSTEM32\GLU32.dll
0x00007ffbc4e00000 - 0x00007ffbc4e47000 	C:\WINDOWS\SYSTEM32\dxcore.dll
0x00007ffbc90a0000 - 0x00007ffbc91ff000 	C:\WINDOWS\System32\MSCTF.dll
0x00007ffb5bcd0000 - 0x00007ffb5be85000 	C:\WINDOWS\system32\d3d9.dll
0x00007ffbbfd80000 - 0x00007ffbbff3b000 	C:\Windows\System32\DriverStore\FileRepository\u0390930.inf_amd64_f16364617e1e9dd4\B386329\aticfx64.dll
0x00007ffb87a90000 - 0x00007ffb87ac4000 	C:\Windows\System32\DriverStore\FileRepository\u0390930.inf_amd64_f16364617e1e9dd4\B386329\atiu9p64.dll
0x00007ffb43350000 - 0x00007ffb440a5000 	C:\Windows\System32\DriverStore\FileRepository\u0390930.inf_amd64_f16364617e1e9dd4\B386329\atiumd64.dll
0x0000000054920000 - 0x0000000055847000 	C:\WINDOWS\System32\DriverStore\FileRepository\u0390930.inf_amd64_f16364617e1e9dd4\B386329\atiumd6a.dll
0x00007ffbc9690000 - 0x00007ffbc9b16000 	C:\WINDOWS\System32\SETUPAPI.dll
0x00007ffbbce50000 - 0x00007ffbbce85000 	C:\WINDOWS\SYSTEM32\amdihk64.dll
0x00007ffbc4e50000 - 0x00007ffbc4eb0000 	C:\WINDOWS\SYSTEM32\directxdatabasehelper.dll
0x00007ffb952d0000 - 0x00007ffb952fe000 	C:\Program Files\Java\jdk-23\bin\javajpeg.dll

dbghelp: loaded successfully - version: 4.0.5 - missing functions: none
symbol engine: initialized successfully - sym options: 0x614 - pdb path: .;C:\Program Files\Java\jdk-23\bin;C:\WINDOWS\SYSTEM32;C:\WINDOWS\WinSxS\amd64_microsoft.windows.common-controls_6595b64144ccf1df_6.0.26100.3912_none_3e07963ce335137e;C:\Program Files\Java\jdk-23\bin\server;C:\Windows\System32\DriverStore\FileRepository\u0390930.inf_amd64_f16364617e1e9dd4\B386329

VM Arguments:
jvm_args: -Dfile.encoding=UTF-8 --module-path=C:\Users\Alok\OneDrive\Desktop\PROJECT\Travell Booking System\Travel Management System\build\classes 
java_command: travel.management.system.CheckHotels
java_class_path (initial): C:\Users\Alok\OneDrive\Desktop\PROJECT;C:\Users\Alok\OneDrive\Desktop\PROJECT\Travell Booking System\mysql-connector-java-8.0.28.jar;C:\Users\Alok\OneDrive\Desktop\PROJECT\Travell Booking System\Travel Management System\build\classes
Launcher Type: SUN_STANDARD

[Global flags]
     intx CICompilerCount                          = 4                                         {product} {ergonomic}
     uint ConcGCThreads                            = 3                                         {product} {ergonomic}
     uint G1ConcRefinementThreads                  = 10                                        {product} {ergonomic}
   size_t G1HeapRegionSize                         = 1048576                                   {product} {ergonomic}
   size_t InitialHeapSize                          = 123731968                                 {product} {ergonomic}
   size_t MarkStackSize                            = 4194304                                   {product} {ergonomic}
   size_t MarkStackSizeMax                         = 536870912                                 {product} {ergonomic}
   size_t MaxHeapSize                              = 1965031424                                {product} {ergonomic}
   size_t MaxNewSize                               = 1178599424                                {product} {ergonomic}
   size_t MinHeapDeltaBytes                        = 1048576                                   {product} {ergonomic}
   size_t MinHeapSize                              = 8388608                                   {product} {ergonomic}
    uintx NonNMethodCodeHeapSize                   = 5832704                                {pd product} {ergonomic}
    uintx NonProfiledCodeHeapSize                  = 122945536                              {pd product} {ergonomic}
    uintx ProfiledCodeHeapSize                     = 122880000                              {pd product} {ergonomic}
    uintx ReservedCodeCacheSize                    = 251658240                              {pd product} {ergonomic}
     bool SegmentedCodeCache                       = true                                      {product} {ergonomic}
   size_t SoftMaxHeapSize                          = 1965031424                             {manageable} {ergonomic}
     bool UseCompressedOops                        = true                           {product lp64_product} {ergonomic}
     bool UseG1GC                                  = true                                      {product} {ergonomic}
     bool UseLargePagesIndividualAllocation        = false                                  {pd product} {ergonomic}

Logging:
Log output configuration:
 #0: stdout all=warning uptime,level,tags foldmultilines=false
 #1: stderr all=off uptime,level,tags foldmultilines=false

Environment Variables:
PATH=C:\Program Files\Common Files\Oracle\Java\javapath;C:\WINDOWS\system32;C:\WINDOWS;C:\WINDOWS\System32\Wbem;C:\WINDOWS\System32\WindowsPowerShell\v1.0\;C:\WINDOWS\System32\OpenSSH\;C:\Users\Alok\bin;C:\Program Files\Java\jdk-18.0.2.1\bin;C:\Program Files\MySQL\MySQL Server 8.0\bin;C:\MinGW\bin;C:\Program Files\PowerShell\7\;C:\Program Files\Java\jdk-23\bin;C:\Program Files\MySQL\MySQL Server 8.0;C:\Program Files\MySQL\MySQL Shell 8.0\bin\;C:\Users\Alok\AppData\Local\Microsoft\WindowsApps;;C:\Program Files\JetBrains\IntelliJ IDEA Community Edition 2025.1\bin;;C:\Users\Alok\AppData\Local\Programs\Microsoft VS Code\bin;C:\Program Files\JetBrains\IntelliJ IDEA 2024.3.4\bin;
USERNAME=Alok
OS=Windows_NT
PROCESSOR_IDENTIFIER=AMD64 Family 23 Model 104 Stepping 1, AuthenticAMD
TMP=C:\Users\Alok\AppData\Local\Temp
TEMP=C:\Users\Alok\AppData\Local\Temp




Periodic native trim disabled

---------------  S Y S T E M  ---------------

OS:
 Windows 11 , 64 bit Build 26100 (10.0.26100.3912)
OS uptime: 1 days 8:01 hours
Hyper-V role detected

CPU: total 12 (initial active 12) (12 cores per cpu, 2 threads per core) family 23 model 104 stepping 1 microcode 0x8608104, cx8, cmov, fxsr, ht, mmx, 3dnowpref, sse, sse2, sse3, ssse3, sse4a, sse4.1, sse4.2, popcnt, lzcnt, tsc, tscinvbit, avx, avx2, aes, clmul, bmi1, bmi2, adx, sha, fma, vzeroupper, clflush, clflushopt, hv, rdtscp, rdpid, f16c
Processor Information for processor 0
  Max Mhz: 2100, Current Mhz: 1988, Mhz Limit: 2100
Processor Information for processor 1
  Max Mhz: 2100, Current Mhz: 1988, Mhz Limit: 2100
Processor Information for processor 2
  Max Mhz: 2100, Current Mhz: 1988, Mhz Limit: 2100
Processor Information for processor 3
  Max Mhz: 2100, Current Mhz: 1988, Mhz Limit: 2100
Processor Information for processor 4
  Max Mhz: 2100, Current Mhz: 1988, Mhz Limit: 2100
Processor Information for processor 5
  Max Mhz: 2100, Current Mhz: 1988, Mhz Limit: 2100
Processor Information for processor 6
  Max Mhz: 2100, Current Mhz: 1988, Mhz Limit: 2100
Processor Information for processor 7
  Max Mhz: 2100, Current Mhz: 1988, Mhz Limit: 2100
Processor Information for processor 8
  Max Mhz: 2100, Current Mhz: 1988, Mhz Limit: 2100
Processor Information for processor 9
  Max Mhz: 2100, Current Mhz: 1988, Mhz Limit: 2100
Processor Information for processor 10
  Max Mhz: 2100, Current Mhz: 1988, Mhz Limit: 2100
Processor Information for processor 11
  Max Mhz: 2100, Current Mhz: 2100, Mhz Limit: 2100

Memory: 4k page, system-wide physical 7488M (560M free)
TotalPageFile size 30016M (AvailPageFile size 18M)
current process WorkingSet (physical memory assigned to process): 216M, peak: 216M
current process commit charge ("private bytes"): 272M, peak: 335M

vm_info: Java HotSpot(TM) 64-Bit Server VM (23.0.2+7-58) for windows-amd64 JRE (23.0.2+7-58), built on 2024-11-29T09:34:55Z with MS VC++ 17.6 (VS2022)

END.
